                                      1 ;--------------------------------------------------------
                                      2 ; File Created by SDCC : free open source ISO C Compiler 
                                      3 ; Version 4.4.1 #14650 (Linux)
                                      4 ;--------------------------------------------------------
                                      5 	.module cleric
                                      6 	.optsdcc -msm83
                                      7 	
                                      8 ;--------------------------------------------------------
                                      9 ; Public variables in this module
                                     10 ;--------------------------------------------------------
                                     11 	.globl _clericTLE8
                                     12 	.globl _clericTLE7
                                     13 	.globl _clericTLE6
                                     14 	.globl _clericTLE5
                                     15 	.globl _clericTLE4
                                     16 	.globl _clericTLE3
                                     17 	.globl _clericTLE2
                                     18 	.globl _clericTLE1
                                     19 	.globl _clericTLE0
                                     20 ;--------------------------------------------------------
                                     21 ; special function registers
                                     22 ;--------------------------------------------------------
                                     23 ;--------------------------------------------------------
                                     24 ; ram data
                                     25 ;--------------------------------------------------------
                                     26 	.area _DATA
                                     27 ;--------------------------------------------------------
                                     28 ; ram data
                                     29 ;--------------------------------------------------------
                                     30 	.area _INITIALIZED
                                     31 ;--------------------------------------------------------
                                     32 ; absolute external ram data
                                     33 ;--------------------------------------------------------
                                     34 	.area _DABS (ABS)
                                     35 ;--------------------------------------------------------
                                     36 ; global & static initialisations
                                     37 ;--------------------------------------------------------
                                     38 	.area _HOME
                                     39 	.area _GSINIT
                                     40 	.area _GSFINAL
                                     41 	.area _GSINIT
                                     42 ;--------------------------------------------------------
                                     43 ; Home
                                     44 ;--------------------------------------------------------
                                     45 	.area _HOME
                                     46 	.area _HOME
                                     47 ;--------------------------------------------------------
                                     48 ; code
                                     49 ;--------------------------------------------------------
                                     50 	.area _CODE
                                     51 	.area _CODE
    00000000                         52 _clericTLE0:
    00000000 00                      53 	.db #0x00	; 0
    00000001 00                      54 	.db #0x00	; 0
    00000002 01                      55 	.db #0x01	; 1
    00000003 01                      56 	.db #0x01	; 1
    00000004 06                      57 	.db #0x06	; 6
    00000005 07                      58 	.db #0x07	; 7
    00000006 08                      59 	.db #0x08	; 8
    00000007 0F                      60 	.db #0x0f	; 15
    00000008 0F                      61 	.db #0x0f	; 15
    00000009 0F                      62 	.db #0x0f	; 15
    0000000A 09                      63 	.db #0x09	; 9
    0000000B 0F                      64 	.db #0x0f	; 15
    0000000C 0B                      65 	.db #0x0b	; 11
    0000000D 0C                      66 	.db #0x0c	; 12
    0000000E 1F                      67 	.db #0x1f	; 31
    0000000F 12                      68 	.db #0x12	; 18
    00000010 0F                      69 	.db #0x0f	; 15
    00000011 0A                      70 	.db #0x0a	; 10
    00000012 07                      71 	.db #0x07	; 7
    00000013 04                      72 	.db #0x04	; 4
    00000014 0B                      73 	.db #0x0b	; 11
    00000015 0F                      74 	.db #0x0f	; 15
    00000016 0C                      75 	.db #0x0c	; 12
    00000017 0B                      76 	.db #0x0b	; 11
    00000018 19                      77 	.db #0x19	; 25
    00000019 17                      78 	.db #0x17	; 23
    0000001A 1C                      79 	.db #0x1c	; 28
    0000001B 1F                      80 	.db #0x1f	; 31
    0000001C 06                      81 	.db #0x06	; 6
    0000001D 05                      82 	.db #0x05	; 5
    0000001E 03                      83 	.db #0x03	; 3
    0000001F 02                      84 	.db #0x02	; 2
    00000020 00                      85 	.db #0x00	; 0
    00000021 00                      86 	.db #0x00	; 0
    00000022 C0                      87 	.db #0xc0	; 192
    00000023 C0                      88 	.db #0xc0	; 192
    00000024 30                      89 	.db #0x30	; 48	'0'
    00000025 F0                      90 	.db #0xf0	; 240
    00000026 08                      91 	.db #0x08	; 8
    00000027 F8                      92 	.db #0xf8	; 248
    00000028 78                      93 	.db #0x78	; 120	'x'
    00000029 F8                      94 	.db #0xf8	; 248
    0000002A C8                      95 	.db #0xc8	; 200
    0000002B 78                      96 	.db #0x78	; 120	'x'
    0000002C E8                      97 	.db #0xe8	; 232
    0000002D 18                      98 	.db #0x18	; 24
    0000002E FC                      99 	.db #0xfc	; 252
    0000002F 24                     100 	.db #0x24	; 36
    00000030 F8                     101 	.db #0xf8	; 248
    00000031 28                     102 	.db #0x28	; 40
    00000032 F0                     103 	.db #0xf0	; 240
    00000033 10                     104 	.db #0x10	; 16
    00000034 E8                     105 	.db #0xe8	; 232
    00000035 F8                     106 	.db #0xf8	; 248
    00000036 A8                     107 	.db #0xa8	; 168
    00000037 F8                     108 	.db #0xf8	; 248
    00000038 F8                     109 	.db #0xf8	; 248
    00000039 F8                     110 	.db #0xf8	; 248
    0000003A AC                     111 	.db #0xac	; 172
    0000003B F4                     112 	.db #0xf4	; 244
    0000003C F8                     113 	.db #0xf8	; 248
    0000003D B8                     114 	.db #0xb8	; 184
    0000003E C0                     115 	.db #0xc0	; 192
    0000003F C0                     116 	.db #0xc0	; 192
    00000040                        117 _clericTLE1:
    00000040 01                     118 	.db #0x01	; 1
    00000041 01                     119 	.db #0x01	; 1
    00000042 06                     120 	.db #0x06	; 6
    00000043 07                     121 	.db #0x07	; 7
    00000044 08                     122 	.db #0x08	; 8
    00000045 0F                     123 	.db #0x0f	; 15
    00000046 0F                     124 	.db #0x0f	; 15
    00000047 0F                     125 	.db #0x0f	; 15
    00000048 09                     126 	.db #0x09	; 9
    00000049 0F                     127 	.db #0x0f	; 15
    0000004A 0B                     128 	.db #0x0b	; 11
    0000004B 0C                     129 	.db #0x0c	; 12
    0000004C 1F                     130 	.db #0x1f	; 31
    0000004D 12                     131 	.db #0x12	; 18
    0000004E 0F                     132 	.db #0x0f	; 15
    0000004F 0A                     133 	.db #0x0a	; 10
    00000050 07                     134 	.db #0x07	; 7
    00000051 04                     135 	.db #0x04	; 4
    00000052 0B                     136 	.db #0x0b	; 11
    00000053 0F                     137 	.db #0x0f	; 15
    00000054 08                     138 	.db #0x08	; 8
    00000055 0F                     139 	.db #0x0f	; 15
    00000056 1D                     140 	.db #0x1d	; 29
    00000057 17                     141 	.db #0x17	; 23
    00000058 34                     142 	.db #0x34	; 52	'4'
    00000059 2F                     143 	.db #0x2f	; 47
    0000005A 1C                     144 	.db #0x1c	; 28
    0000005B 1F                     145 	.db #0x1f	; 31
    0000005C 06                     146 	.db #0x06	; 6
    0000005D 05                     147 	.db #0x05	; 5
    0000005E 03                     148 	.db #0x03	; 3
    0000005F 02                     149 	.db #0x02	; 2
    00000060 C0                     150 	.db #0xc0	; 192
    00000061 C0                     151 	.db #0xc0	; 192
    00000062 30                     152 	.db #0x30	; 48	'0'
    00000063 F0                     153 	.db #0xf0	; 240
    00000064 08                     154 	.db #0x08	; 8
    00000065 F8                     155 	.db #0xf8	; 248
    00000066 78                     156 	.db #0x78	; 120	'x'
    00000067 F8                     157 	.db #0xf8	; 248
    00000068 C8                     158 	.db #0xc8	; 200
    00000069 78                     159 	.db #0x78	; 120	'x'
    0000006A E8                     160 	.db #0xe8	; 232
    0000006B 18                     161 	.db #0x18	; 24
    0000006C FC                     162 	.db #0xfc	; 252
    0000006D 24                     163 	.db #0x24	; 36
    0000006E F8                     164 	.db #0xf8	; 248
    0000006F 28                     165 	.db #0x28	; 40
    00000070 F0                     166 	.db #0xf0	; 240
    00000071 10                     167 	.db #0x10	; 16
    00000072 E8                     168 	.db #0xe8	; 232
    00000073 F8                     169 	.db #0xf8	; 248
    00000074 88                     170 	.db #0x88	; 136
    00000075 F8                     171 	.db #0xf8	; 248
    00000076 DC                     172 	.db #0xdc	; 220
    00000077 F4                     173 	.db #0xf4	; 244
    00000078 96                     174 	.db #0x96	; 150
    00000079 FA                     175 	.db #0xfa	; 250
    0000007A 1C                     176 	.db #0x1c	; 28
    0000007B FC                     177 	.db #0xfc	; 252
    0000007C B0                     178 	.db #0xb0	; 176
    0000007D D0                     179 	.db #0xd0	; 208
    0000007E E0                     180 	.db #0xe0	; 224
    0000007F A0                     181 	.db #0xa0	; 160
    00000080                        182 _clericTLE2:
    00000080 00                     183 	.db #0x00	; 0
    00000081 00                     184 	.db #0x00	; 0
    00000082 01                     185 	.db #0x01	; 1
    00000083 01                     186 	.db #0x01	; 1
    00000084 06                     187 	.db #0x06	; 6
    00000085 07                     188 	.db #0x07	; 7
    00000086 08                     189 	.db #0x08	; 8
    00000087 0F                     190 	.db #0x0f	; 15
    00000088 0F                     191 	.db #0x0f	; 15
    00000089 0F                     192 	.db #0x0f	; 15
    0000008A 09                     193 	.db #0x09	; 9
    0000008B 0F                     194 	.db #0x0f	; 15
    0000008C 0B                     195 	.db #0x0b	; 11
    0000008D 0C                     196 	.db #0x0c	; 12
    0000008E 1F                     197 	.db #0x1f	; 31
    0000008F 12                     198 	.db #0x12	; 18
    00000090 0F                     199 	.db #0x0f	; 15
    00000091 0A                     200 	.db #0x0a	; 10
    00000092 07                     201 	.db #0x07	; 7
    00000093 04                     202 	.db #0x04	; 4
    00000094 0B                     203 	.db #0x0b	; 11
    00000095 0F                     204 	.db #0x0f	; 15
    00000096 0E                     205 	.db #0x0e	; 14
    00000097 0B                     206 	.db #0x0b	; 11
    00000098 0B                     207 	.db #0x0b	; 11
    00000099 0F                     208 	.db #0x0f	; 15
    0000009A 1E                     209 	.db #0x1e	; 30
    0000009B 13                     210 	.db #0x13	; 19
    0000009C 0F                     211 	.db #0x0f	; 15
    0000009D 0E                     212 	.db #0x0e	; 14
    0000009E 01                     213 	.db #0x01	; 1
    0000009F 01                     214 	.db #0x01	; 1
    000000A0 00                     215 	.db #0x00	; 0
    000000A1 00                     216 	.db #0x00	; 0
    000000A2 C0                     217 	.db #0xc0	; 192
    000000A3 C0                     218 	.db #0xc0	; 192
    000000A4 30                     219 	.db #0x30	; 48	'0'
    000000A5 F0                     220 	.db #0xf0	; 240
    000000A6 08                     221 	.db #0x08	; 8
    000000A7 F8                     222 	.db #0xf8	; 248
    000000A8 78                     223 	.db #0x78	; 120	'x'
    000000A9 F8                     224 	.db #0xf8	; 248
    000000AA C8                     225 	.db #0xc8	; 200
    000000AB 78                     226 	.db #0x78	; 120	'x'
    000000AC E8                     227 	.db #0xe8	; 232
    000000AD 18                     228 	.db #0x18	; 24
    000000AE FC                     229 	.db #0xfc	; 252
    000000AF 24                     230 	.db #0x24	; 36
    000000B0 F8                     231 	.db #0xf8	; 248
    000000B1 28                     232 	.db #0x28	; 40
    000000B2 F0                     233 	.db #0xf0	; 240
    000000B3 10                     234 	.db #0x10	; 16
    000000B4 E8                     235 	.db #0xe8	; 232
    000000B5 F8                     236 	.db #0xf8	; 248
    000000B6 98                     237 	.db #0x98	; 152
    000000B7 E8                     238 	.db #0xe8	; 232
    000000B8 CC                     239 	.db #0xcc	; 204
    000000B9 F4                     240 	.db #0xf4	; 244
    000000BA 9C                     241 	.db #0x9c	; 156
    000000BB FC                     242 	.db #0xfc	; 252
    000000BC B0                     243 	.db #0xb0	; 176
    000000BD D0                     244 	.db #0xd0	; 208
    000000BE E0                     245 	.db #0xe0	; 224
    000000BF A0                     246 	.db #0xa0	; 160
    000000C0                        247 _clericTLE3:
    000000C0 00                     248 	.db #0x00	; 0
    000000C1 00                     249 	.db #0x00	; 0
    000000C2 03                     250 	.db #0x03	; 3
    000000C3 03                     251 	.db #0x03	; 3
    000000C4 0C                     252 	.db #0x0c	; 12
    000000C5 0F                     253 	.db #0x0f	; 15
    000000C6 08                     254 	.db #0x08	; 8
    000000C7 0F                     255 	.db #0x0f	; 15
    000000C8 17                     256 	.db #0x17	; 23
    000000C9 1F                     257 	.db #0x1f	; 31
    000000CA 14                     258 	.db #0x14	; 20
    000000CB 1F                     259 	.db #0x1f	; 31
    000000CC 0E                     260 	.db #0x0e	; 14
    000000CD 09                     261 	.db #0x09	; 9
    000000CE 0F                     262 	.db #0x0f	; 15
    000000CF 0A                     263 	.db #0x0a	; 10
    000000D0 0F                     264 	.db #0x0f	; 15
    000000D1 0A                     265 	.db #0x0a	; 10
    000000D2 0F                     266 	.db #0x0f	; 15
    000000D3 08                     267 	.db #0x08	; 8
    000000D4 07                     268 	.db #0x07	; 7
    000000D5 07                     269 	.db #0x07	; 7
    000000D6 06                     270 	.db #0x06	; 6
    000000D7 07                     271 	.db #0x07	; 7
    000000D8 05                     272 	.db #0x05	; 5
    000000D9 07                     273 	.db #0x07	; 7
    000000DA 07                     274 	.db #0x07	; 7
    000000DB 06                     275 	.db #0x06	; 6
    000000DC 07                     276 	.db #0x07	; 7
    000000DD 07                     277 	.db #0x07	; 7
    000000DE 07                     278 	.db #0x07	; 7
    000000DF 05                     279 	.db #0x05	; 5
    000000E0 00                     280 	.db #0x00	; 0
    000000E1 00                     281 	.db #0x00	; 0
    000000E2 C0                     282 	.db #0xc0	; 192
    000000E3 C0                     283 	.db #0xc0	; 192
    000000E4 30                     284 	.db #0x30	; 48	'0'
    000000E5 F0                     285 	.db #0xf0	; 240
    000000E6 10                     286 	.db #0x10	; 16
    000000E7 F0                     287 	.db #0xf0	; 240
    000000E8 F8                     288 	.db #0xf8	; 248
    000000E9 F8                     289 	.db #0xf8	; 248
    000000EA 08                     290 	.db #0x08	; 8
    000000EB F8                     291 	.db #0xf8	; 248
    000000EC 08                     292 	.db #0x08	; 8
    000000ED F8                     293 	.db #0xf8	; 248
    000000EE E8                     294 	.db #0xe8	; 232
    000000EF 38                     295 	.db #0x38	; 56	'8'
    000000F0 F0                     296 	.db #0xf0	; 240
    000000F1 50                     297 	.db #0x50	; 80	'P'
    000000F2 E0                     298 	.db #0xe0	; 224
    000000F3 20                     299 	.db #0x20	; 32
    000000F4 E0                     300 	.db #0xe0	; 224
    000000F5 E0                     301 	.db #0xe0	; 224
    000000F6 90                     302 	.db #0x90	; 144
    000000F7 F0                     303 	.db #0xf0	; 240
    000000F8 E0                     304 	.db #0xe0	; 224
    000000F9 A0                     305 	.db #0xa0	; 160
    000000FA 60                     306 	.db #0x60	; 96
    000000FB A0                     307 	.db #0xa0	; 160
    000000FC F0                     308 	.db #0xf0	; 240
    000000FD F0                     309 	.db #0xf0	; 240
    000000FE 70                     310 	.db #0x70	; 112	'p'
    000000FF 50                     311 	.db #0x50	; 80	'P'
    00000100                        312 _clericTLE4:
    00000100 03                     313 	.db #0x03	; 3
    00000101 03                     314 	.db #0x03	; 3
    00000102 0C                     315 	.db #0x0c	; 12
    00000103 0F                     316 	.db #0x0f	; 15
    00000104 08                     317 	.db #0x08	; 8
    00000105 0F                     318 	.db #0x0f	; 15
    00000106 17                     319 	.db #0x17	; 23
    00000107 1F                     320 	.db #0x1f	; 31
    00000108 14                     321 	.db #0x14	; 20
    00000109 1F                     322 	.db #0x1f	; 31
    0000010A 0E                     323 	.db #0x0e	; 14
    0000010B 09                     324 	.db #0x09	; 9
    0000010C 0F                     325 	.db #0x0f	; 15
    0000010D 0A                     326 	.db #0x0a	; 10
    0000010E 0F                     327 	.db #0x0f	; 15
    0000010F 0A                     328 	.db #0x0a	; 10
    00000110 0F                     329 	.db #0x0f	; 15
    00000111 08                     330 	.db #0x08	; 8
    00000112 07                     331 	.db #0x07	; 7
    00000113 07                     332 	.db #0x07	; 7
    00000114 02                     333 	.db #0x02	; 2
    00000115 03                     334 	.db #0x03	; 3
    00000116 04                     335 	.db #0x04	; 4
    00000117 07                     336 	.db #0x07	; 7
    00000118 06                     337 	.db #0x06	; 6
    00000119 07                     338 	.db #0x07	; 7
    0000011A 02                     339 	.db #0x02	; 2
    0000011B 03                     340 	.db #0x03	; 3
    0000011C 02                     341 	.db #0x02	; 2
    0000011D 03                     342 	.db #0x03	; 3
    0000011E 01                     343 	.db #0x01	; 1
    0000011F 01                     344 	.db #0x01	; 1
    00000120 C0                     345 	.db #0xc0	; 192
    00000121 C0                     346 	.db #0xc0	; 192
    00000122 30                     347 	.db #0x30	; 48	'0'
    00000123 F0                     348 	.db #0xf0	; 240
    00000124 10                     349 	.db #0x10	; 16
    00000125 F0                     350 	.db #0xf0	; 240
    00000126 F8                     351 	.db #0xf8	; 248
    00000127 F8                     352 	.db #0xf8	; 248
    00000128 08                     353 	.db #0x08	; 8
    00000129 F8                     354 	.db #0xf8	; 248
    0000012A 08                     355 	.db #0x08	; 8
    0000012B F8                     356 	.db #0xf8	; 248
    0000012C E8                     357 	.db #0xe8	; 232
    0000012D 38                     358 	.db #0x38	; 56	'8'
    0000012E F0                     359 	.db #0xf0	; 240
    0000012F 50                     360 	.db #0x50	; 80	'P'
    00000130 E0                     361 	.db #0xe0	; 224
    00000131 20                     362 	.db #0x20	; 32
    00000132 E0                     363 	.db #0xe0	; 224
    00000133 E0                     364 	.db #0xe0	; 224
    00000134 A0                     365 	.db #0xa0	; 160
    00000135 E0                     366 	.db #0xe0	; 224
    00000136 E0                     367 	.db #0xe0	; 224
    00000137 A0                     368 	.db #0xa0	; 160
    00000138 A0                     369 	.db #0xa0	; 160
    00000139 E0                     370 	.db #0xe0	; 224
    0000013A E0                     371 	.db #0xe0	; 224
    0000013B A0                     372 	.db #0xa0	; 160
    0000013C E0                     373 	.db #0xe0	; 224
    0000013D 60                     374 	.db #0x60	; 96
    0000013E C0                     375 	.db #0xc0	; 192
    0000013F 40                     376 	.db #0x40	; 64
    00000140                        377 _clericTLE5:
    00000140 00                     378 	.db #0x00	; 0
    00000141 00                     379 	.db #0x00	; 0
    00000142 03                     380 	.db #0x03	; 3
    00000143 03                     381 	.db #0x03	; 3
    00000144 0C                     382 	.db #0x0c	; 12
    00000145 0F                     383 	.db #0x0f	; 15
    00000146 08                     384 	.db #0x08	; 8
    00000147 0F                     385 	.db #0x0f	; 15
    00000148 17                     386 	.db #0x17	; 23
    00000149 1F                     387 	.db #0x1f	; 31
    0000014A 14                     388 	.db #0x14	; 20
    0000014B 1F                     389 	.db #0x1f	; 31
    0000014C 0E                     390 	.db #0x0e	; 14
    0000014D 09                     391 	.db #0x09	; 9
    0000014E 0F                     392 	.db #0x0f	; 15
    0000014F 0A                     393 	.db #0x0a	; 10
    00000150 0F                     394 	.db #0x0f	; 15
    00000151 0A                     395 	.db #0x0a	; 10
    00000152 0F                     396 	.db #0x0f	; 15
    00000153 08                     397 	.db #0x08	; 8
    00000154 07                     398 	.db #0x07	; 7
    00000155 07                     399 	.db #0x07	; 7
    00000156 06                     400 	.db #0x06	; 6
    00000157 07                     401 	.db #0x07	; 7
    00000158 0C                     402 	.db #0x0c	; 12
    00000159 0F                     403 	.db #0x0f	; 15
    0000015A 1E                     404 	.db #0x1e	; 30
    0000015B 17                     405 	.db #0x17	; 23
    0000015C 0A                     406 	.db #0x0a	; 10
    0000015D 0B                     407 	.db #0x0b	; 11
    0000015E 07                     408 	.db #0x07	; 7
    0000015F 05                     409 	.db #0x05	; 5
    00000160 00                     410 	.db #0x00	; 0
    00000161 00                     411 	.db #0x00	; 0
    00000162 C0                     412 	.db #0xc0	; 192
    00000163 C0                     413 	.db #0xc0	; 192
    00000164 30                     414 	.db #0x30	; 48	'0'
    00000165 F0                     415 	.db #0xf0	; 240
    00000166 10                     416 	.db #0x10	; 16
    00000167 F0                     417 	.db #0xf0	; 240
    00000168 F8                     418 	.db #0xf8	; 248
    00000169 F8                     419 	.db #0xf8	; 248
    0000016A 08                     420 	.db #0x08	; 8
    0000016B F8                     421 	.db #0xf8	; 248
    0000016C 08                     422 	.db #0x08	; 8
    0000016D F8                     423 	.db #0xf8	; 248
    0000016E E8                     424 	.db #0xe8	; 232
    0000016F 38                     425 	.db #0x38	; 56	'8'
    00000170 F0                     426 	.db #0xf0	; 240
    00000171 50                     427 	.db #0x50	; 80	'P'
    00000172 E0                     428 	.db #0xe0	; 224
    00000173 20                     429 	.db #0x20	; 32
    00000174 E0                     430 	.db #0xe0	; 224
    00000175 E0                     431 	.db #0xe0	; 224
    00000176 90                     432 	.db #0x90	; 144
    00000177 F0                     433 	.db #0xf0	; 240
    00000178 68                     434 	.db #0x68	; 104	'h'
    00000179 D8                     435 	.db #0xd8	; 216
    0000017A 78                     436 	.db #0x78	; 120	'x'
    0000017B E8                     437 	.db #0xe8	; 232
    0000017C B0                     438 	.db #0xb0	; 176
    0000017D D0                     439 	.db #0xd0	; 208
    0000017E 70                     440 	.db #0x70	; 112	'p'
    0000017F 50                     441 	.db #0x50	; 80	'P'
    00000180                        442 _clericTLE6:
    00000180 00                     443 	.db #0x00	; 0
    00000181 00                     444 	.db #0x00	; 0
    00000182 01                     445 	.db #0x01	; 1
    00000183 01                     446 	.db #0x01	; 1
    00000184 06                     447 	.db #0x06	; 6
    00000185 07                     448 	.db #0x07	; 7
    00000186 08                     449 	.db #0x08	; 8
    00000187 0F                     450 	.db #0x0f	; 15
    00000188 0F                     451 	.db #0x0f	; 15
    00000189 0F                     452 	.db #0x0f	; 15
    0000018A 08                     453 	.db #0x08	; 8
    0000018B 0F                     454 	.db #0x0f	; 15
    0000018C 09                     455 	.db #0x09	; 9
    0000018D 0F                     456 	.db #0x0f	; 15
    0000018E 18                     457 	.db #0x18	; 24
    0000018F 17                     458 	.db #0x17	; 23
    00000190 08                     459 	.db #0x08	; 8
    00000191 0F                     460 	.db #0x0f	; 15
    00000192 04                     461 	.db #0x04	; 4
    00000193 07                     462 	.db #0x07	; 7
    00000194 0B                     463 	.db #0x0b	; 11
    00000195 0F                     464 	.db #0x0f	; 15
    00000196 0F                     465 	.db #0x0f	; 15
    00000197 0A                     466 	.db #0x0a	; 10
    00000198 1A                     467 	.db #0x1a	; 26
    00000199 17                     468 	.db #0x17	; 23
    0000019A 1F                     469 	.db #0x1f	; 31
    0000019B 1E                     470 	.db #0x1e	; 30
    0000019C 03                     471 	.db #0x03	; 3
    0000019D 03                     472 	.db #0x03	; 3
    0000019E 00                     473 	.db #0x00	; 0
    0000019F 00                     474 	.db #0x00	; 0
    000001A0 00                     475 	.db #0x00	; 0
    000001A1 00                     476 	.db #0x00	; 0
    000001A2 C0                     477 	.db #0xc0	; 192
    000001A3 C0                     478 	.db #0xc0	; 192
    000001A4 30                     479 	.db #0x30	; 48	'0'
    000001A5 F0                     480 	.db #0xf0	; 240
    000001A6 08                     481 	.db #0x08	; 8
    000001A7 F8                     482 	.db #0xf8	; 248
    000001A8 F8                     483 	.db #0xf8	; 248
    000001A9 F8                     484 	.db #0xf8	; 248
    000001AA 88                     485 	.db #0x88	; 136
    000001AB F8                     486 	.db #0xf8	; 248
    000001AC C8                     487 	.db #0xc8	; 200
    000001AD F8                     488 	.db #0xf8	; 248
    000001AE 8C                     489 	.db #0x8c	; 140
    000001AF F4                     490 	.db #0xf4	; 244
    000001B0 08                     491 	.db #0x08	; 8
    000001B1 F8                     492 	.db #0xf8	; 248
    000001B2 10                     493 	.db #0x10	; 16
    000001B3 F0                     494 	.db #0xf0	; 240
    000001B4 E8                     495 	.db #0xe8	; 232
    000001B5 F8                     496 	.db #0xf8	; 248
    000001B6 D8                     497 	.db #0xd8	; 216
    000001B7 28                     498 	.db #0x28	; 40
    000001B8 9C                     499 	.db #0x9c	; 156
    000001B9 74                     500 	.db #0x74	; 116	't'
    000001BA 98                     501 	.db #0x98	; 152
    000001BB F8                     502 	.db #0xf8	; 248
    000001BC B0                     503 	.db #0xb0	; 176
    000001BD D0                     504 	.db #0xd0	; 208
    000001BE E0                     505 	.db #0xe0	; 224
    000001BF A0                     506 	.db #0xa0	; 160
    000001C0                        507 _clericTLE7:
    000001C0 01                     508 	.db #0x01	; 1
    000001C1 01                     509 	.db #0x01	; 1
    000001C2 06                     510 	.db #0x06	; 6
    000001C3 07                     511 	.db #0x07	; 7
    000001C4 08                     512 	.db #0x08	; 8
    000001C5 0F                     513 	.db #0x0f	; 15
    000001C6 0F                     514 	.db #0x0f	; 15
    000001C7 0F                     515 	.db #0x0f	; 15
    000001C8 08                     516 	.db #0x08	; 8
    000001C9 0F                     517 	.db #0x0f	; 15
    000001CA 09                     518 	.db #0x09	; 9
    000001CB 0F                     519 	.db #0x0f	; 15
    000001CC 18                     520 	.db #0x18	; 24
    000001CD 17                     521 	.db #0x17	; 23
    000001CE 08                     522 	.db #0x08	; 8
    000001CF 0F                     523 	.db #0x0f	; 15
    000001D0 04                     524 	.db #0x04	; 4
    000001D1 07                     525 	.db #0x07	; 7
    000001D2 0B                     526 	.db #0x0b	; 11
    000001D3 0F                     527 	.db #0x0f	; 15
    000001D4 08                     528 	.db #0x08	; 8
    000001D5 0F                     529 	.db #0x0f	; 15
    000001D6 1D                     530 	.db #0x1d	; 29
    000001D7 16                     531 	.db #0x16	; 22
    000001D8 34                     532 	.db #0x34	; 52	'4'
    000001D9 2F                     533 	.db #0x2f	; 47
    000001DA 1C                     534 	.db #0x1c	; 28
    000001DB 1F                     535 	.db #0x1f	; 31
    000001DC 06                     536 	.db #0x06	; 6
    000001DD 05                     537 	.db #0x05	; 5
    000001DE 03                     538 	.db #0x03	; 3
    000001DF 02                     539 	.db #0x02	; 2
    000001E0 C0                     540 	.db #0xc0	; 192
    000001E1 C0                     541 	.db #0xc0	; 192
    000001E2 30                     542 	.db #0x30	; 48	'0'
    000001E3 F0                     543 	.db #0xf0	; 240
    000001E4 08                     544 	.db #0x08	; 8
    000001E5 F8                     545 	.db #0xf8	; 248
    000001E6 F8                     546 	.db #0xf8	; 248
    000001E7 F8                     547 	.db #0xf8	; 248
    000001E8 88                     548 	.db #0x88	; 136
    000001E9 F8                     549 	.db #0xf8	; 248
    000001EA C8                     550 	.db #0xc8	; 200
    000001EB F8                     551 	.db #0xf8	; 248
    000001EC 8C                     552 	.db #0x8c	; 140
    000001ED F4                     553 	.db #0xf4	; 244
    000001EE 08                     554 	.db #0x08	; 8
    000001EF F8                     555 	.db #0xf8	; 248
    000001F0 10                     556 	.db #0x10	; 16
    000001F1 F0                     557 	.db #0xf0	; 240
    000001F2 E8                     558 	.db #0xe8	; 232
    000001F3 F8                     559 	.db #0xf8	; 248
    000001F4 88                     560 	.db #0x88	; 136
    000001F5 78                     561 	.db #0x78	; 120	'x'
    000001F6 DC                     562 	.db #0xdc	; 220
    000001F7 34                     563 	.db #0x34	; 52	'4'
    000001F8 96                     564 	.db #0x96	; 150
    000001F9 7A                     565 	.db #0x7a	; 122	'z'
    000001FA 1C                     566 	.db #0x1c	; 28
    000001FB FC                     567 	.db #0xfc	; 252
    000001FC B0                     568 	.db #0xb0	; 176
    000001FD D0                     569 	.db #0xd0	; 208
    000001FE E0                     570 	.db #0xe0	; 224
    000001FF A0                     571 	.db #0xa0	; 160
    00000200                        572 _clericTLE8:
    00000200 00                     573 	.db #0x00	; 0
    00000201 00                     574 	.db #0x00	; 0
    00000202 01                     575 	.db #0x01	; 1
    00000203 01                     576 	.db #0x01	; 1
    00000204 06                     577 	.db #0x06	; 6
    00000205 07                     578 	.db #0x07	; 7
    00000206 08                     579 	.db #0x08	; 8
    00000207 0F                     580 	.db #0x0f	; 15
    00000208 0F                     581 	.db #0x0f	; 15
    00000209 0F                     582 	.db #0x0f	; 15
    0000020A 08                     583 	.db #0x08	; 8
    0000020B 0F                     584 	.db #0x0f	; 15
    0000020C 09                     585 	.db #0x09	; 9
    0000020D 0F                     586 	.db #0x0f	; 15
    0000020E 18                     587 	.db #0x18	; 24
    0000020F 17                     588 	.db #0x17	; 23
    00000210 08                     589 	.db #0x08	; 8
    00000211 0F                     590 	.db #0x0f	; 15
    00000212 04                     591 	.db #0x04	; 4
    00000213 07                     592 	.db #0x07	; 7
    00000214 0B                     593 	.db #0x0b	; 11
    00000215 0F                     594 	.db #0x0f	; 15
    00000216 0D                     595 	.db #0x0d	; 13
    00000217 0A                     596 	.db #0x0a	; 10
    00000218 1C                     597 	.db #0x1c	; 28
    00000219 17                     598 	.db #0x17	; 23
    0000021A 0C                     599 	.db #0x0c	; 12
    0000021B 0F                     600 	.db #0x0f	; 15
    0000021C 06                     601 	.db #0x06	; 6
    0000021D 05                     602 	.db #0x05	; 5
    0000021E 03                     603 	.db #0x03	; 3
    0000021F 02                     604 	.db #0x02	; 2
    00000220 00                     605 	.db #0x00	; 0
    00000221 00                     606 	.db #0x00	; 0
    00000222 C0                     607 	.db #0xc0	; 192
    00000223 C0                     608 	.db #0xc0	; 192
    00000224 30                     609 	.db #0x30	; 48	'0'
    00000225 F0                     610 	.db #0xf0	; 240
    00000226 08                     611 	.db #0x08	; 8
    00000227 F8                     612 	.db #0xf8	; 248
    00000228 F8                     613 	.db #0xf8	; 248
    00000229 F8                     614 	.db #0xf8	; 248
    0000022A 88                     615 	.db #0x88	; 136
    0000022B F8                     616 	.db #0xf8	; 248
    0000022C C8                     617 	.db #0xc8	; 200
    0000022D F8                     618 	.db #0xf8	; 248
    0000022E 8C                     619 	.db #0x8c	; 140
    0000022F F4                     620 	.db #0xf4	; 244
    00000230 08                     621 	.db #0x08	; 8
    00000231 F8                     622 	.db #0xf8	; 248
    00000232 10                     623 	.db #0x10	; 16
    00000233 F0                     624 	.db #0xf0	; 240
    00000234 E8                     625 	.db #0xe8	; 232
    00000235 F8                     626 	.db #0xf8	; 248
    00000236 F8                     627 	.db #0xf8	; 248
    00000237 28                     628 	.db #0x28	; 40
    00000238 AC                     629 	.db #0xac	; 172
    00000239 74                     630 	.db #0x74	; 116	't'
    0000023A FC                     631 	.db #0xfc	; 252
    0000023B BC                     632 	.db #0xbc	; 188
    0000023C E0                     633 	.db #0xe0	; 224
    0000023D E0                     634 	.db #0xe0	; 224
    0000023E 80                     635 	.db #0x80	; 128
    0000023F 80                     636 	.db #0x80	; 128
                                    637 	.area _INITIALIZER
                                    638 	.area _CABS (ABS)
