                                      1 ;--------------------------------------------------------
                                      2 ; File Created by SDCC : free open source ISO C Compiler 
                                      3 ; Version 4.4.1 #14650 (Linux)
                                      4 ;--------------------------------------------------------
                                      5 	.module dungeon_tiles
                                      6 	.optsdcc -msm83
                                      7 	
                                      8 ;--------------------------------------------------------
                                      9 ; Public variables in this module
                                     10 ;--------------------------------------------------------
                                     11 	.globl _dungeon_tiles
                                     12 ;--------------------------------------------------------
                                     13 ; special function registers
                                     14 ;--------------------------------------------------------
                                     15 ;--------------------------------------------------------
                                     16 ; ram data
                                     17 ;--------------------------------------------------------
                                     18 	.area _DATA
                                     19 ;--------------------------------------------------------
                                     20 ; ram data
                                     21 ;--------------------------------------------------------
                                     22 	.area _INITIALIZED
                                     23 ;--------------------------------------------------------
                                     24 ; absolute external ram data
                                     25 ;--------------------------------------------------------
                                     26 	.area _DABS (ABS)
                                     27 ;--------------------------------------------------------
                                     28 ; global & static initialisations
                                     29 ;--------------------------------------------------------
                                     30 	.area _HOME
                                     31 	.area _GSINIT
                                     32 	.area _GSFINAL
                                     33 	.area _GSINIT
                                     34 ;--------------------------------------------------------
                                     35 ; Home
                                     36 ;--------------------------------------------------------
                                     37 	.area _HOME
                                     38 	.area _HOME
                                     39 ;--------------------------------------------------------
                                     40 ; code
                                     41 ;--------------------------------------------------------
                                     42 	.area _CODE
                                     43 	.area _CODE
    00000000                         44 _dungeon_tiles:
    00000000 FF                      45 	.db #0xff	; 255
    00000001 FF                      46 	.db #0xff	; 255
    00000002 80                      47 	.db #0x80	; 128
    00000003 FF                      48 	.db #0xff	; 255
    00000004 BF                      49 	.db #0xbf	; 191
    00000005 C0                      50 	.db #0xc0	; 192
    00000006 BF                      51 	.db #0xbf	; 191
    00000007 C0                      52 	.db #0xc0	; 192
    00000008 BF                      53 	.db #0xbf	; 191
    00000009 C0                      54 	.db #0xc0	; 192
    0000000A BF                      55 	.db #0xbf	; 191
    0000000B C0                      56 	.db #0xc0	; 192
    0000000C BF                      57 	.db #0xbf	; 191
    0000000D C0                      58 	.db #0xc0	; 192
    0000000E BF                      59 	.db #0xbf	; 191
    0000000F C0                      60 	.db #0xc0	; 192
    00000010 FF                      61 	.db #0xff	; 255
    00000011 FF                      62 	.db #0xff	; 255
    00000012 01                      63 	.db #0x01	; 1
    00000013 FF                      64 	.db #0xff	; 255
    00000014 FD                      65 	.db #0xfd	; 253
    00000015 03                      66 	.db #0x03	; 3
    00000016 FD                      67 	.db #0xfd	; 253
    00000017 03                      68 	.db #0x03	; 3
    00000018 FD                      69 	.db #0xfd	; 253
    00000019 03                      70 	.db #0x03	; 3
    0000001A FD                      71 	.db #0xfd	; 253
    0000001B 03                      72 	.db #0x03	; 3
    0000001C FD                      73 	.db #0xfd	; 253
    0000001D 03                      74 	.db #0x03	; 3
    0000001E FD                      75 	.db #0xfd	; 253
    0000001F 03                      76 	.db #0x03	; 3
    00000020 BF                      77 	.db #0xbf	; 191
    00000021 C0                      78 	.db #0xc0	; 192
    00000022 BF                      79 	.db #0xbf	; 191
    00000023 C0                      80 	.db #0xc0	; 192
    00000024 BF                      81 	.db #0xbf	; 191
    00000025 C0                      82 	.db #0xc0	; 192
    00000026 BF                      83 	.db #0xbf	; 191
    00000027 C0                      84 	.db #0xc0	; 192
    00000028 BF                      85 	.db #0xbf	; 191
    00000029 C0                      86 	.db #0xc0	; 192
    0000002A BF                      87 	.db #0xbf	; 191
    0000002B C0                      88 	.db #0xc0	; 192
    0000002C 80                      89 	.db #0x80	; 128
    0000002D FF                      90 	.db #0xff	; 255
    0000002E FF                      91 	.db #0xff	; 255
    0000002F FF                      92 	.db #0xff	; 255
    00000030 FD                      93 	.db #0xfd	; 253
    00000031 03                      94 	.db #0x03	; 3
    00000032 FD                      95 	.db #0xfd	; 253
    00000033 03                      96 	.db #0x03	; 3
    00000034 FD                      97 	.db #0xfd	; 253
    00000035 03                      98 	.db #0x03	; 3
    00000036 FD                      99 	.db #0xfd	; 253
    00000037 03                     100 	.db #0x03	; 3
    00000038 FD                     101 	.db #0xfd	; 253
    00000039 03                     102 	.db #0x03	; 3
    0000003A FD                     103 	.db #0xfd	; 253
    0000003B 03                     104 	.db #0x03	; 3
    0000003C 01                     105 	.db #0x01	; 1
    0000003D FF                     106 	.db #0xff	; 255
    0000003E FF                     107 	.db #0xff	; 255
    0000003F FF                     108 	.db #0xff	; 255
    00000040 FF                     109 	.db #0xff	; 255
    00000041 00                     110 	.db #0x00	; 0
    00000042 FF                     111 	.db #0xff	; 255
    00000043 00                     112 	.db #0x00	; 0
    00000044 FF                     113 	.db #0xff	; 255
    00000045 00                     114 	.db #0x00	; 0
    00000046 FF                     115 	.db #0xff	; 255
    00000047 00                     116 	.db #0x00	; 0
    00000048 FF                     117 	.db #0xff	; 255
    00000049 00                     118 	.db #0x00	; 0
    0000004A FF                     119 	.db #0xff	; 255
    0000004B 00                     120 	.db #0x00	; 0
    0000004C FF                     121 	.db #0xff	; 255
    0000004D 00                     122 	.db #0x00	; 0
    0000004E FF                     123 	.db #0xff	; 255
    0000004F 00                     124 	.db #0x00	; 0
    00000050 FF                     125 	.db #0xff	; 255
    00000051 FF                     126 	.db #0xff	; 255
    00000052 FB                     127 	.db #0xfb	; 251
    00000053 85                     128 	.db #0x85	; 133
    00000054 81                     129 	.db #0x81	; 129
    00000055 FF                     130 	.db #0xff	; 255
    00000056 DF                     131 	.db #0xdf	; 223
    00000057 A1                     132 	.db #0xa1	; 161
    00000058 81                     133 	.db #0x81	; 129
    00000059 FF                     134 	.db #0xff	; 255
    0000005A FB                     135 	.db #0xfb	; 251
    0000005B 85                     136 	.db #0x85	; 133
    0000005C 81                     137 	.db #0x81	; 129
    0000005D FF                     138 	.db #0xff	; 255
    0000005E FF                     139 	.db #0xff	; 255
    0000005F 81                     140 	.db #0x81	; 129
    00000060 FF                     141 	.db #0xff	; 255
    00000061 FF                     142 	.db #0xff	; 255
    00000062 AB                     143 	.db #0xab	; 171
    00000063 55                     144 	.db #0x55	; 85	'U'
    00000064 A3                     145 	.db #0xa3	; 163
    00000065 5D                     146 	.db #0x5d	; 93
    00000066 AB                     147 	.db #0xab	; 171
    00000067 55                     148 	.db #0x55	; 85	'U'
    00000068 AB                     149 	.db #0xab	; 171
    00000069 55                     150 	.db #0x55	; 85	'U'
    0000006A 89                     151 	.db #0x89	; 137
    0000006B 77                     152 	.db #0x77	; 119	'w'
    0000006C AB                     153 	.db #0xab	; 171
    0000006D 55                     154 	.db #0x55	; 85	'U'
    0000006E FF                     155 	.db #0xff	; 255
    0000006F FF                     156 	.db #0xff	; 255
    00000070 FF                     157 	.db #0xff	; 255
    00000071 81                     158 	.db #0x81	; 129
    00000072 81                     159 	.db #0x81	; 129
    00000073 FF                     160 	.db #0xff	; 255
    00000074 DF                     161 	.db #0xdf	; 223
    00000075 A1                     162 	.db #0xa1	; 161
    00000076 81                     163 	.db #0x81	; 129
    00000077 FF                     164 	.db #0xff	; 255
    00000078 FB                     165 	.db #0xfb	; 251
    00000079 85                     166 	.db #0x85	; 133
    0000007A 81                     167 	.db #0x81	; 129
    0000007B FF                     168 	.db #0xff	; 255
    0000007C DF                     169 	.db #0xdf	; 223
    0000007D A1                     170 	.db #0xa1	; 161
    0000007E FF                     171 	.db #0xff	; 255
    0000007F FF                     172 	.db #0xff	; 255
    00000080 FF                     173 	.db #0xff	; 255
    00000081 FF                     174 	.db #0xff	; 255
    00000082 D5                     175 	.db #0xd5	; 213
    00000083 AA                     176 	.db #0xaa	; 170
    00000084 91                     177 	.db #0x91	; 145
    00000085 EE                     178 	.db #0xee	; 238
    00000086 D5                     179 	.db #0xd5	; 213
    00000087 AA                     180 	.db #0xaa	; 170
    00000088 D5                     181 	.db #0xd5	; 213
    00000089 AA                     182 	.db #0xaa	; 170
    0000008A C5                     183 	.db #0xc5	; 197
    0000008B BA                     184 	.db #0xba	; 186
    0000008C D5                     185 	.db #0xd5	; 213
    0000008D AA                     186 	.db #0xaa	; 170
    0000008E FF                     187 	.db #0xff	; 255
    0000008F FF                     188 	.db #0xff	; 255
    00000090 BF                     189 	.db #0xbf	; 191
    00000091 C0                     190 	.db #0xc0	; 192
    00000092 BF                     191 	.db #0xbf	; 191
    00000093 C0                     192 	.db #0xc0	; 192
    00000094 BF                     193 	.db #0xbf	; 191
    00000095 C0                     194 	.db #0xc0	; 192
    00000096 BF                     195 	.db #0xbf	; 191
    00000097 C0                     196 	.db #0xc0	; 192
    00000098 BF                     197 	.db #0xbf	; 191
    00000099 C0                     198 	.db #0xc0	; 192
    0000009A BF                     199 	.db #0xbf	; 191
    0000009B C0                     200 	.db #0xc0	; 192
    0000009C BF                     201 	.db #0xbf	; 191
    0000009D C0                     202 	.db #0xc0	; 192
    0000009E BF                     203 	.db #0xbf	; 191
    0000009F C0                     204 	.db #0xc0	; 192
    000000A0 FF                     205 	.db #0xff	; 255
    000000A1 FF                     206 	.db #0xff	; 255
    000000A2 00                     207 	.db #0x00	; 0
    000000A3 FF                     208 	.db #0xff	; 255
    000000A4 FF                     209 	.db #0xff	; 255
    000000A5 00                     210 	.db #0x00	; 0
    000000A6 FF                     211 	.db #0xff	; 255
    000000A7 00                     212 	.db #0x00	; 0
    000000A8 FF                     213 	.db #0xff	; 255
    000000A9 00                     214 	.db #0x00	; 0
    000000AA FF                     215 	.db #0xff	; 255
    000000AB 00                     216 	.db #0x00	; 0
    000000AC FF                     217 	.db #0xff	; 255
    000000AD 00                     218 	.db #0x00	; 0
    000000AE FF                     219 	.db #0xff	; 255
    000000AF 00                     220 	.db #0x00	; 0
    000000B0 FD                     221 	.db #0xfd	; 253
    000000B1 03                     222 	.db #0x03	; 3
    000000B2 FD                     223 	.db #0xfd	; 253
    000000B3 03                     224 	.db #0x03	; 3
    000000B4 FD                     225 	.db #0xfd	; 253
    000000B5 03                     226 	.db #0x03	; 3
    000000B6 FD                     227 	.db #0xfd	; 253
    000000B7 03                     228 	.db #0x03	; 3
    000000B8 FD                     229 	.db #0xfd	; 253
    000000B9 03                     230 	.db #0x03	; 3
    000000BA FD                     231 	.db #0xfd	; 253
    000000BB 03                     232 	.db #0x03	; 3
    000000BC FD                     233 	.db #0xfd	; 253
    000000BD 03                     234 	.db #0x03	; 3
    000000BE FD                     235 	.db #0xfd	; 253
    000000BF 03                     236 	.db #0x03	; 3
    000000C0 FF                     237 	.db #0xff	; 255
    000000C1 00                     238 	.db #0x00	; 0
    000000C2 FF                     239 	.db #0xff	; 255
    000000C3 00                     240 	.db #0x00	; 0
    000000C4 FF                     241 	.db #0xff	; 255
    000000C5 00                     242 	.db #0x00	; 0
    000000C6 FF                     243 	.db #0xff	; 255
    000000C7 00                     244 	.db #0x00	; 0
    000000C8 FF                     245 	.db #0xff	; 255
    000000C9 00                     246 	.db #0x00	; 0
    000000CA FF                     247 	.db #0xff	; 255
    000000CB 00                     248 	.db #0x00	; 0
    000000CC 00                     249 	.db #0x00	; 0
    000000CD FF                     250 	.db #0xff	; 255
    000000CE FF                     251 	.db #0xff	; 255
    000000CF FF                     252 	.db #0xff	; 255
    000000D0 FF                     253 	.db #0xff	; 255
    000000D1 FF                     254 	.db #0xff	; 255
    000000D2 FF                     255 	.db #0xff	; 255
    000000D3 FF                     256 	.db #0xff	; 255
    000000D4 FF                     257 	.db #0xff	; 255
    000000D5 FF                     258 	.db #0xff	; 255
    000000D6 FF                     259 	.db #0xff	; 255
    000000D7 FF                     260 	.db #0xff	; 255
    000000D8 FF                     261 	.db #0xff	; 255
    000000D9 FF                     262 	.db #0xff	; 255
    000000DA FF                     263 	.db #0xff	; 255
    000000DB FF                     264 	.db #0xff	; 255
    000000DC FF                     265 	.db #0xff	; 255
    000000DD FF                     266 	.db #0xff	; 255
    000000DE FF                     267 	.db #0xff	; 255
    000000DF FF                     268 	.db #0xff	; 255
                                    269 	.area _INITIALIZER
                                    270 	.area _CABS (ABS)
