                                      1 ;--------------------------------------------------------
                                      2 ; File Created by SDCC : free open source ISO C Compiler 
                                      3 ; Version 4.4.1 #14650 (Linux)
                                      4 ;--------------------------------------------------------
                                      5 	.module fighter
                                      6 	.optsdcc -msm83
                                      7 	
                                      8 ;--------------------------------------------------------
                                      9 ; Public variables in this module
                                     10 ;--------------------------------------------------------
                                     11 	.globl _fighterTLE8
                                     12 	.globl _fighterTLE7
                                     13 	.globl _fighterTLE6
                                     14 	.globl _fighterTLE5
                                     15 	.globl _fighterTLE4
                                     16 	.globl _fighterTLE3
                                     17 	.globl _fighterTLE2
                                     18 	.globl _fighterTLE1
                                     19 	.globl _fighterTLE0
                                     20 ;--------------------------------------------------------
                                     21 ; special function registers
                                     22 ;--------------------------------------------------------
                                     23 ;--------------------------------------------------------
                                     24 ; ram data
                                     25 ;--------------------------------------------------------
                                     26 	.area _DATA
                                     27 ;--------------------------------------------------------
                                     28 ; ram data
                                     29 ;--------------------------------------------------------
                                     30 	.area _INITIALIZED
                                     31 ;--------------------------------------------------------
                                     32 ; absolute external ram data
                                     33 ;--------------------------------------------------------
                                     34 	.area _DABS (ABS)
                                     35 ;--------------------------------------------------------
                                     36 ; global & static initialisations
                                     37 ;--------------------------------------------------------
                                     38 	.area _HOME
                                     39 	.area _GSINIT
                                     40 	.area _GSFINAL
                                     41 	.area _GSINIT
                                     42 ;--------------------------------------------------------
                                     43 ; Home
                                     44 ;--------------------------------------------------------
                                     45 	.area _HOME
                                     46 	.area _HOME
                                     47 ;--------------------------------------------------------
                                     48 ; code
                                     49 ;--------------------------------------------------------
                                     50 	.area _CODE
                                     51 	.area _CODE
    00000000                         52 _fighterTLE0:
    00000000 00                      53 	.db #0x00	; 0
    00000001 00                      54 	.db #0x00	; 0
    00000002 01                      55 	.db #0x01	; 1
    00000003 01                      56 	.db #0x01	; 1
    00000004 67                      57 	.db #0x67	; 103	'g'
    00000005 67                      58 	.db #0x67	; 103	'g'
    00000006 79                      59 	.db #0x79	; 121	'y'
    00000007 5F                      60 	.db #0x5f	; 95
    00000008 3F                      61 	.db #0x3f	; 63
    00000009 2F                      62 	.db #0x2f	; 47
    0000000A 1F                      63 	.db #0x1f	; 31
    0000000B 18                      64 	.db #0x18	; 24
    0000000C 0F                      65 	.db #0x0f	; 15
    0000000D 0F                      66 	.db #0x0f	; 15
    0000000E 1F                      67 	.db #0x1f	; 31
    0000000F 12                      68 	.db #0x12	; 18
    00000010 0F                      69 	.db #0x0f	; 15
    00000011 0A                      70 	.db #0x0a	; 10
    00000012 0F                      71 	.db #0x0f	; 15
    00000013 0C                      72 	.db #0x0c	; 12
    00000014 1B                      73 	.db #0x1b	; 27
    00000015 1F                      74 	.db #0x1f	; 31
    00000016 3C                      75 	.db #0x3c	; 60
    00000017 27                      76 	.db #0x27	; 39
    00000018 3F                      77 	.db #0x3f	; 63
    00000019 2F                      78 	.db #0x2f	; 47
    0000001A 34                      79 	.db #0x34	; 52	'4'
    0000001B 37                      80 	.db #0x37	; 55	'7'
    0000001C 07                      81 	.db #0x07	; 7
    0000001D 07                      82 	.db #0x07	; 7
    0000001E 07                      83 	.db #0x07	; 7
    0000001F 04                      84 	.db #0x04	; 4
    00000020 00                      85 	.db #0x00	; 0
    00000021 00                      86 	.db #0x00	; 0
    00000022 C0                      87 	.db #0xc0	; 192
    00000023 C0                      88 	.db #0xc0	; 192
    00000024 F3                      89 	.db #0xf3	; 243
    00000025 73                      90 	.db #0x73	; 115	's'
    00000026 CF                      91 	.db #0xcf	; 207
    00000027 7D                      92 	.db #0x7d	; 125
    00000028 FE                      93 	.db #0xfe	; 254
    00000029 FA                      94 	.db #0xfa	; 250
    0000002A FC                      95 	.db #0xfc	; 252
    0000002B 0C                      96 	.db #0x0c	; 12
    0000002C F8                      97 	.db #0xf8	; 248
    0000002D F8                      98 	.db #0xf8	; 248
    0000002E FC                      99 	.db #0xfc	; 252
    0000002F 24                     100 	.db #0x24	; 36
    00000030 F8                     101 	.db #0xf8	; 248
    00000031 28                     102 	.db #0x28	; 40
    00000032 F8                     103 	.db #0xf8	; 248
    00000033 18                     104 	.db #0x18	; 24
    00000034 E4                     105 	.db #0xe4	; 228
    00000035 FC                     106 	.db #0xfc	; 252
    00000036 9C                     107 	.db #0x9c	; 156
    00000037 7C                     108 	.db #0x7c	; 124
    00000038 7C                     109 	.db #0x7c	; 124
    00000039 E4                     110 	.db #0xe4	; 228
    0000003A B8                     111 	.db #0xb8	; 184
    0000003B F8                     112 	.db #0xf8	; 248
    0000003C E0                     113 	.db #0xe0	; 224
    0000003D A0                     114 	.db #0xa0	; 160
    0000003E C0                     115 	.db #0xc0	; 192
    0000003F C0                     116 	.db #0xc0	; 192
    00000040                        117 _fighterTLE1:
    00000040 01                     118 	.db #0x01	; 1
    00000041 01                     119 	.db #0x01	; 1
    00000042 67                     120 	.db #0x67	; 103	'g'
    00000043 67                     121 	.db #0x67	; 103	'g'
    00000044 79                     122 	.db #0x79	; 121	'y'
    00000045 5F                     123 	.db #0x5f	; 95
    00000046 3F                     124 	.db #0x3f	; 63
    00000047 2F                     125 	.db #0x2f	; 47
    00000048 1F                     126 	.db #0x1f	; 31
    00000049 18                     127 	.db #0x18	; 24
    0000004A 0F                     128 	.db #0x0f	; 15
    0000004B 0F                     129 	.db #0x0f	; 15
    0000004C 1F                     130 	.db #0x1f	; 31
    0000004D 12                     131 	.db #0x12	; 18
    0000004E 0F                     132 	.db #0x0f	; 15
    0000004F 0A                     133 	.db #0x0a	; 10
    00000050 0F                     134 	.db #0x0f	; 15
    00000051 0C                     135 	.db #0x0c	; 12
    00000052 1B                     136 	.db #0x1b	; 27
    00000053 1F                     137 	.db #0x1f	; 31
    00000054 39                     138 	.db #0x39	; 57	'9'
    00000055 2F                     139 	.db #0x2f	; 47
    00000056 3C                     140 	.db #0x3c	; 60
    00000057 27                     141 	.db #0x27	; 39
    00000058 3F                     142 	.db #0x3f	; 63
    00000059 27                     143 	.db #0x27	; 39
    0000005A 1C                     144 	.db #0x1c	; 28
    0000005B 1F                     145 	.db #0x1f	; 31
    0000005C 07                     146 	.db #0x07	; 7
    0000005D 07                     147 	.db #0x07	; 7
    0000005E 07                     148 	.db #0x07	; 7
    0000005F 04                     149 	.db #0x04	; 4
    00000060 C0                     150 	.db #0xc0	; 192
    00000061 C0                     151 	.db #0xc0	; 192
    00000062 F3                     152 	.db #0xf3	; 243
    00000063 73                     153 	.db #0x73	; 115	's'
    00000064 CF                     154 	.db #0xcf	; 207
    00000065 7D                     155 	.db #0x7d	; 125
    00000066 FE                     156 	.db #0xfe	; 254
    00000067 FA                     157 	.db #0xfa	; 250
    00000068 FC                     158 	.db #0xfc	; 252
    00000069 0C                     159 	.db #0x0c	; 12
    0000006A F8                     160 	.db #0xf8	; 248
    0000006B F8                     161 	.db #0xf8	; 248
    0000006C FC                     162 	.db #0xfc	; 252
    0000006D 24                     163 	.db #0x24	; 36
    0000006E F8                     164 	.db #0xf8	; 248
    0000006F 28                     165 	.db #0x28	; 40
    00000070 F8                     166 	.db #0xf8	; 248
    00000071 18                     167 	.db #0x18	; 24
    00000072 EC                     168 	.db #0xec	; 236
    00000073 FC                     169 	.db #0xfc	; 252
    00000074 CE                     170 	.db #0xce	; 206
    00000075 7A                     171 	.db #0x7a	; 122	'z'
    00000076 9E                     172 	.db #0x9e	; 158
    00000077 F2                     173 	.db #0xf2	; 242
    00000078 7E                     174 	.db #0x7e	; 126
    00000079 F2                     175 	.db #0xf2	; 242
    0000007A 9C                     176 	.db #0x9c	; 156
    0000007B FC                     177 	.db #0xfc	; 252
    0000007C F0                     178 	.db #0xf0	; 240
    0000007D F0                     179 	.db #0xf0	; 240
    0000007E F0                     180 	.db #0xf0	; 240
    0000007F 90                     181 	.db #0x90	; 144
    00000080                        182 _fighterTLE2:
    00000080 00                     183 	.db #0x00	; 0
    00000081 00                     184 	.db #0x00	; 0
    00000082 01                     185 	.db #0x01	; 1
    00000083 01                     186 	.db #0x01	; 1
    00000084 67                     187 	.db #0x67	; 103	'g'
    00000085 67                     188 	.db #0x67	; 103	'g'
    00000086 79                     189 	.db #0x79	; 121	'y'
    00000087 5F                     190 	.db #0x5f	; 95
    00000088 3F                     191 	.db #0x3f	; 63
    00000089 2F                     192 	.db #0x2f	; 47
    0000008A 1F                     193 	.db #0x1f	; 31
    0000008B 18                     194 	.db #0x18	; 24
    0000008C 0F                     195 	.db #0x0f	; 15
    0000008D 0F                     196 	.db #0x0f	; 15
    0000008E 1F                     197 	.db #0x1f	; 31
    0000008F 12                     198 	.db #0x12	; 18
    00000090 0F                     199 	.db #0x0f	; 15
    00000091 0A                     200 	.db #0x0a	; 10
    00000092 0F                     201 	.db #0x0f	; 15
    00000093 0C                     202 	.db #0x0c	; 12
    00000094 13                     203 	.db #0x13	; 19
    00000095 1F                     204 	.db #0x1f	; 31
    00000096 1C                     205 	.db #0x1c	; 28
    00000097 1F                     206 	.db #0x1f	; 31
    00000098 1F                     207 	.db #0x1f	; 31
    00000099 13                     208 	.db #0x13	; 19
    0000009A 0E                     209 	.db #0x0e	; 14
    0000009B 0F                     210 	.db #0x0f	; 15
    0000009C 03                     211 	.db #0x03	; 3
    0000009D 02                     212 	.db #0x02	; 2
    0000009E 01                     213 	.db #0x01	; 1
    0000009F 01                     214 	.db #0x01	; 1
    000000A0 00                     215 	.db #0x00	; 0
    000000A1 00                     216 	.db #0x00	; 0
    000000A2 C0                     217 	.db #0xc0	; 192
    000000A3 C0                     218 	.db #0xc0	; 192
    000000A4 F3                     219 	.db #0xf3	; 243
    000000A5 73                     220 	.db #0x73	; 115	's'
    000000A6 CF                     221 	.db #0xcf	; 207
    000000A7 7D                     222 	.db #0x7d	; 125
    000000A8 FE                     223 	.db #0xfe	; 254
    000000A9 FA                     224 	.db #0xfa	; 250
    000000AA FC                     225 	.db #0xfc	; 252
    000000AB 0C                     226 	.db #0x0c	; 12
    000000AC F8                     227 	.db #0xf8	; 248
    000000AD F8                     228 	.db #0xf8	; 248
    000000AE FC                     229 	.db #0xfc	; 252
    000000AF 24                     230 	.db #0x24	; 36
    000000B0 F8                     231 	.db #0xf8	; 248
    000000B1 28                     232 	.db #0x28	; 40
    000000B2 F8                     233 	.db #0xf8	; 248
    000000B3 18                     234 	.db #0x18	; 24
    000000B4 EC                     235 	.db #0xec	; 236
    000000B5 FC                     236 	.db #0xfc	; 252
    000000B6 9E                     237 	.db #0x9e	; 158
    000000B7 72                     238 	.db #0x72	; 114	'r'
    000000B8 7E                     239 	.db #0x7e	; 126
    000000B9 FA                     240 	.db #0xfa	; 250
    000000BA 96                     241 	.db #0x96	; 150
    000000BB F6                     242 	.db #0xf6	; 246
    000000BC F0                     243 	.db #0xf0	; 240
    000000BD F0                     244 	.db #0xf0	; 240
    000000BE F0                     245 	.db #0xf0	; 240
    000000BF 90                     246 	.db #0x90	; 144
    000000C0                        247 _fighterTLE3:
    000000C0 00                     248 	.db #0x00	; 0
    000000C1 00                     249 	.db #0x00	; 0
    000000C2 03                     250 	.db #0x03	; 3
    000000C3 03                     251 	.db #0x03	; 3
    000000C4 0F                     252 	.db #0x0f	; 15
    000000C5 0C                     253 	.db #0x0c	; 12
    000000C6 0D                     254 	.db #0x0d	; 13
    000000C7 0B                     255 	.db #0x0b	; 11
    000000C8 1F                     256 	.db #0x1f	; 31
    000000C9 1F                     257 	.db #0x1f	; 31
    000000CA 1F                     258 	.db #0x1f	; 31
    000000CB 10                     259 	.db #0x10	; 16
    000000CC 0F                     260 	.db #0x0f	; 15
    000000CD 0F                     261 	.db #0x0f	; 15
    000000CE 0F                     262 	.db #0x0f	; 15
    000000CF 0A                     263 	.db #0x0a	; 10
    000000D0 0F                     264 	.db #0x0f	; 15
    000000D1 0A                     265 	.db #0x0a	; 10
    000000D2 0F                     266 	.db #0x0f	; 15
    000000D3 08                     267 	.db #0x08	; 8
    000000D4 07                     268 	.db #0x07	; 7
    000000D5 07                     269 	.db #0x07	; 7
    000000D6 0F                     270 	.db #0x0f	; 15
    000000D7 0D                     271 	.db #0x0d	; 13
    000000D8 1E                     272 	.db #0x1e	; 30
    000000D9 17                     273 	.db #0x17	; 23
    000000DA 0D                     274 	.db #0x0d	; 13
    000000DB 0F                     275 	.db #0x0f	; 15
    000000DC 07                     276 	.db #0x07	; 7
    000000DD 07                     277 	.db #0x07	; 7
    000000DE 0F                     278 	.db #0x0f	; 15
    000000DF 09                     279 	.db #0x09	; 9
    000000E0 00                     280 	.db #0x00	; 0
    000000E1 00                     281 	.db #0x00	; 0
    000000E2 C0                     282 	.db #0xc0	; 192
    000000E3 C0                     283 	.db #0xc0	; 192
    000000E4 F0                     284 	.db #0xf0	; 240
    000000E5 F0                     285 	.db #0xf0	; 240
    000000E6 F0                     286 	.db #0xf0	; 240
    000000E7 B0                     287 	.db #0xb0	; 176
    000000E8 F8                     288 	.db #0xf8	; 248
    000000E9 78                     289 	.db #0x78	; 120	'x'
    000000EA F8                     290 	.db #0xf8	; 248
    000000EB 88                     291 	.db #0x88	; 136
    000000EC F8                     292 	.db #0xf8	; 248
    000000ED F8                     293 	.db #0xf8	; 248
    000000EE E8                     294 	.db #0xe8	; 232
    000000EF 38                     295 	.db #0x38	; 56	'8'
    000000F0 F0                     296 	.db #0xf0	; 240
    000000F1 50                     297 	.db #0x50	; 80	'P'
    000000F2 E0                     298 	.db #0xe0	; 224
    000000F3 20                     299 	.db #0x20	; 32
    000000F4 E0                     300 	.db #0xe0	; 224
    000000F5 E0                     301 	.db #0xe0	; 224
    000000F6 70                     302 	.db #0x70	; 112	'p'
    000000F7 D0                     303 	.db #0xd0	; 208
    000000F8 38                     304 	.db #0x38	; 56	'8'
    000000F9 E8                     305 	.db #0xe8	; 232
    000000FA F8                     306 	.db #0xf8	; 248
    000000FB E8                     307 	.db #0xe8	; 232
    000000FC B0                     308 	.db #0xb0	; 176
    000000FD F0                     309 	.db #0xf0	; 240
    000000FE F0                     310 	.db #0xf0	; 240
    000000FF 90                     311 	.db #0x90	; 144
    00000100                        312 _fighterTLE4:
    00000100 03                     313 	.db #0x03	; 3
    00000101 03                     314 	.db #0x03	; 3
    00000102 0F                     315 	.db #0x0f	; 15
    00000103 0C                     316 	.db #0x0c	; 12
    00000104 0D                     317 	.db #0x0d	; 13
    00000105 0B                     318 	.db #0x0b	; 11
    00000106 1F                     319 	.db #0x1f	; 31
    00000107 1F                     320 	.db #0x1f	; 31
    00000108 1F                     321 	.db #0x1f	; 31
    00000109 10                     322 	.db #0x10	; 16
    0000010A 0F                     323 	.db #0x0f	; 15
    0000010B 0F                     324 	.db #0x0f	; 15
    0000010C 0F                     325 	.db #0x0f	; 15
    0000010D 0A                     326 	.db #0x0a	; 10
    0000010E 0F                     327 	.db #0x0f	; 15
    0000010F 0A                     328 	.db #0x0a	; 10
    00000110 0F                     329 	.db #0x0f	; 15
    00000111 08                     330 	.db #0x08	; 8
    00000112 07                     331 	.db #0x07	; 7
    00000113 07                     332 	.db #0x07	; 7
    00000114 03                     333 	.db #0x03	; 3
    00000115 02                     334 	.db #0x02	; 2
    00000116 02                     335 	.db #0x02	; 2
    00000117 03                     336 	.db #0x03	; 3
    00000118 03                     337 	.db #0x03	; 3
    00000119 03                     338 	.db #0x03	; 3
    0000011A 02                     339 	.db #0x02	; 2
    0000011B 03                     340 	.db #0x03	; 3
    0000011C 03                     341 	.db #0x03	; 3
    0000011D 03                     342 	.db #0x03	; 3
    0000011E 07                     343 	.db #0x07	; 7
    0000011F 04                     344 	.db #0x04	; 4
    00000120 C0                     345 	.db #0xc0	; 192
    00000121 C0                     346 	.db #0xc0	; 192
    00000122 F0                     347 	.db #0xf0	; 240
    00000123 F0                     348 	.db #0xf0	; 240
    00000124 F0                     349 	.db #0xf0	; 240
    00000125 B0                     350 	.db #0xb0	; 176
    00000126 F8                     351 	.db #0xf8	; 248
    00000127 78                     352 	.db #0x78	; 120	'x'
    00000128 F8                     353 	.db #0xf8	; 248
    00000129 88                     354 	.db #0x88	; 136
    0000012A F8                     355 	.db #0xf8	; 248
    0000012B F8                     356 	.db #0xf8	; 248
    0000012C E8                     357 	.db #0xe8	; 232
    0000012D 38                     358 	.db #0x38	; 56	'8'
    0000012E F0                     359 	.db #0xf0	; 240
    0000012F 50                     360 	.db #0x50	; 80	'P'
    00000130 E0                     361 	.db #0xe0	; 224
    00000131 20                     362 	.db #0x20	; 32
    00000132 E0                     363 	.db #0xe0	; 224
    00000133 E0                     364 	.db #0xe0	; 224
    00000134 E0                     365 	.db #0xe0	; 224
    00000135 A0                     366 	.db #0xa0	; 160
    00000136 F0                     367 	.db #0xf0	; 240
    00000137 D0                     368 	.db #0xd0	; 208
    00000138 F0                     369 	.db #0xf0	; 240
    00000139 90                     370 	.db #0x90	; 144
    0000013A E0                     371 	.db #0xe0	; 224
    0000013B E0                     372 	.db #0xe0	; 224
    0000013C C0                     373 	.db #0xc0	; 192
    0000013D C0                     374 	.db #0xc0	; 192
    0000013E C0                     375 	.db #0xc0	; 192
    0000013F 40                     376 	.db #0x40	; 64
    00000140                        377 _fighterTLE5:
    00000140 00                     378 	.db #0x00	; 0
    00000141 00                     379 	.db #0x00	; 0
    00000142 03                     380 	.db #0x03	; 3
    00000143 03                     381 	.db #0x03	; 3
    00000144 0F                     382 	.db #0x0f	; 15
    00000145 0C                     383 	.db #0x0c	; 12
    00000146 0D                     384 	.db #0x0d	; 13
    00000147 0B                     385 	.db #0x0b	; 11
    00000148 1F                     386 	.db #0x1f	; 31
    00000149 1F                     387 	.db #0x1f	; 31
    0000014A 1F                     388 	.db #0x1f	; 31
    0000014B 10                     389 	.db #0x10	; 16
    0000014C 0F                     390 	.db #0x0f	; 15
    0000014D 0F                     391 	.db #0x0f	; 15
    0000014E 0F                     392 	.db #0x0f	; 15
    0000014F 0A                     393 	.db #0x0a	; 10
    00000150 0F                     394 	.db #0x0f	; 15
    00000151 0A                     395 	.db #0x0a	; 10
    00000152 0F                     396 	.db #0x0f	; 15
    00000153 08                     397 	.db #0x08	; 8
    00000154 07                     398 	.db #0x07	; 7
    00000155 07                     399 	.db #0x07	; 7
    00000156 07                     400 	.db #0x07	; 7
    00000157 05                     401 	.db #0x05	; 5
    00000158 07                     402 	.db #0x07	; 7
    00000159 07                     403 	.db #0x07	; 7
    0000015A 05                     404 	.db #0x05	; 5
    0000015B 07                     405 	.db #0x07	; 7
    0000015C 07                     406 	.db #0x07	; 7
    0000015D 07                     407 	.db #0x07	; 7
    0000015E 0F                     408 	.db #0x0f	; 15
    0000015F 09                     409 	.db #0x09	; 9
    00000160 00                     410 	.db #0x00	; 0
    00000161 00                     411 	.db #0x00	; 0
    00000162 C0                     412 	.db #0xc0	; 192
    00000163 C0                     413 	.db #0xc0	; 192
    00000164 F0                     414 	.db #0xf0	; 240
    00000165 F0                     415 	.db #0xf0	; 240
    00000166 F0                     416 	.db #0xf0	; 240
    00000167 B0                     417 	.db #0xb0	; 176
    00000168 F8                     418 	.db #0xf8	; 248
    00000169 78                     419 	.db #0x78	; 120	'x'
    0000016A F8                     420 	.db #0xf8	; 248
    0000016B 88                     421 	.db #0x88	; 136
    0000016C F8                     422 	.db #0xf8	; 248
    0000016D F8                     423 	.db #0xf8	; 248
    0000016E E8                     424 	.db #0xe8	; 232
    0000016F 38                     425 	.db #0x38	; 56	'8'
    00000170 F0                     426 	.db #0xf0	; 240
    00000171 50                     427 	.db #0x50	; 80	'P'
    00000172 E0                     428 	.db #0xe0	; 224
    00000173 20                     429 	.db #0x20	; 32
    00000174 E0                     430 	.db #0xe0	; 224
    00000175 E0                     431 	.db #0xe0	; 224
    00000176 50                     432 	.db #0x50	; 80	'P'
    00000177 F0                     433 	.db #0xf0	; 240
    00000178 F0                     434 	.db #0xf0	; 240
    00000179 D0                     435 	.db #0xd0	; 208
    0000017A E0                     436 	.db #0xe0	; 224
    0000017B 20                     437 	.db #0x20	; 32
    0000017C F0                     438 	.db #0xf0	; 240
    0000017D F0                     439 	.db #0xf0	; 240
    0000017E F0                     440 	.db #0xf0	; 240
    0000017F 90                     441 	.db #0x90	; 144
    00000180                        442 _fighterTLE6:
    00000180 00                     443 	.db #0x00	; 0
    00000181 00                     444 	.db #0x00	; 0
    00000182 01                     445 	.db #0x01	; 1
    00000183 01                     446 	.db #0x01	; 1
    00000184 67                     447 	.db #0x67	; 103	'g'
    00000185 67                     448 	.db #0x67	; 103	'g'
    00000186 79                     449 	.db #0x79	; 121	'y'
    00000187 5F                     450 	.db #0x5f	; 95
    00000188 3F                     451 	.db #0x3f	; 63
    00000189 2F                     452 	.db #0x2f	; 47
    0000018A 1F                     453 	.db #0x1f	; 31
    0000018B 18                     454 	.db #0x18	; 24
    0000018C 0F                     455 	.db #0x0f	; 15
    0000018D 0F                     456 	.db #0x0f	; 15
    0000018E 18                     457 	.db #0x18	; 24
    0000018F 17                     458 	.db #0x17	; 23
    00000190 08                     459 	.db #0x08	; 8
    00000191 0F                     460 	.db #0x0f	; 15
    00000192 0D                     461 	.db #0x0d	; 13
    00000193 0F                     462 	.db #0x0f	; 15
    00000194 1F                     463 	.db #0x1f	; 31
    00000195 17                     464 	.db #0x17	; 23
    00000196 1C                     465 	.db #0x1c	; 28
    00000197 17                     466 	.db #0x17	; 23
    00000198 1F                     467 	.db #0x1f	; 31
    00000199 17                     468 	.db #0x17	; 23
    0000019A 0C                     469 	.db #0x0c	; 12
    0000019B 0F                     470 	.db #0x0f	; 15
    0000019C 03                     471 	.db #0x03	; 3
    0000019D 02                     472 	.db #0x02	; 2
    0000019E 01                     473 	.db #0x01	; 1
    0000019F 01                     474 	.db #0x01	; 1
    000001A0 00                     475 	.db #0x00	; 0
    000001A1 00                     476 	.db #0x00	; 0
    000001A2 C0                     477 	.db #0xc0	; 192
    000001A3 C0                     478 	.db #0xc0	; 192
    000001A4 F3                     479 	.db #0xf3	; 243
    000001A5 73                     480 	.db #0x73	; 115	's'
    000001A6 CF                     481 	.db #0xcf	; 207
    000001A7 7D                     482 	.db #0x7d	; 125
    000001A8 FE                     483 	.db #0xfe	; 254
    000001A9 FA                     484 	.db #0xfa	; 250
    000001AA FC                     485 	.db #0xfc	; 252
    000001AB 0C                     486 	.db #0x0c	; 12
    000001AC F8                     487 	.db #0xf8	; 248
    000001AD F8                     488 	.db #0xf8	; 248
    000001AE 0C                     489 	.db #0x0c	; 12
    000001AF F4                     490 	.db #0xf4	; 244
    000001B0 08                     491 	.db #0x08	; 8
    000001B1 F8                     492 	.db #0xf8	; 248
    000001B2 58                     493 	.db #0x58	; 88	'X'
    000001B3 F8                     494 	.db #0xf8	; 248
    000001B4 EC                     495 	.db #0xec	; 236
    000001B5 FC                     496 	.db #0xfc	; 252
    000001B6 1E                     497 	.db #0x1e	; 30
    000001B7 F2                     498 	.db #0xf2	; 242
    000001B8 FE                     499 	.db #0xfe	; 254
    000001B9 FA                     500 	.db #0xfa	; 250
    000001BA 96                     501 	.db #0x96	; 150
    000001BB F6                     502 	.db #0xf6	; 246
    000001BC F0                     503 	.db #0xf0	; 240
    000001BD F0                     504 	.db #0xf0	; 240
    000001BE F0                     505 	.db #0xf0	; 240
    000001BF 90                     506 	.db #0x90	; 144
    000001C0                        507 _fighterTLE7:
    000001C0 01                     508 	.db #0x01	; 1
    000001C1 01                     509 	.db #0x01	; 1
    000001C2 67                     510 	.db #0x67	; 103	'g'
    000001C3 67                     511 	.db #0x67	; 103	'g'
    000001C4 79                     512 	.db #0x79	; 121	'y'
    000001C5 5F                     513 	.db #0x5f	; 95
    000001C6 3F                     514 	.db #0x3f	; 63
    000001C7 2F                     515 	.db #0x2f	; 47
    000001C8 1F                     516 	.db #0x1f	; 31
    000001C9 18                     517 	.db #0x18	; 24
    000001CA 0F                     518 	.db #0x0f	; 15
    000001CB 0F                     519 	.db #0x0f	; 15
    000001CC 18                     520 	.db #0x18	; 24
    000001CD 17                     521 	.db #0x17	; 23
    000001CE 08                     522 	.db #0x08	; 8
    000001CF 0F                     523 	.db #0x0f	; 15
    000001D0 0D                     524 	.db #0x0d	; 13
    000001D1 0F                     525 	.db #0x0f	; 15
    000001D2 1B                     526 	.db #0x1b	; 27
    000001D3 1F                     527 	.db #0x1f	; 31
    000001D4 3C                     528 	.db #0x3c	; 60
    000001D5 2F                     529 	.db #0x2f	; 47
    000001D6 3C                     530 	.db #0x3c	; 60
    000001D7 27                     531 	.db #0x27	; 39
    000001D8 3F                     532 	.db #0x3f	; 63
    000001D9 27                     533 	.db #0x27	; 39
    000001DA 1C                     534 	.db #0x1c	; 28
    000001DB 1F                     535 	.db #0x1f	; 31
    000001DC 07                     536 	.db #0x07	; 7
    000001DD 07                     537 	.db #0x07	; 7
    000001DE 07                     538 	.db #0x07	; 7
    000001DF 04                     539 	.db #0x04	; 4
    000001E0 C0                     540 	.db #0xc0	; 192
    000001E1 C0                     541 	.db #0xc0	; 192
    000001E2 F3                     542 	.db #0xf3	; 243
    000001E3 73                     543 	.db #0x73	; 115	's'
    000001E4 CF                     544 	.db #0xcf	; 207
    000001E5 7D                     545 	.db #0x7d	; 125
    000001E6 FE                     546 	.db #0xfe	; 254
    000001E7 FA                     547 	.db #0xfa	; 250
    000001E8 FC                     548 	.db #0xfc	; 252
    000001E9 0C                     549 	.db #0x0c	; 12
    000001EA F8                     550 	.db #0xf8	; 248
    000001EB F8                     551 	.db #0xf8	; 248
    000001EC 0C                     552 	.db #0x0c	; 12
    000001ED F4                     553 	.db #0xf4	; 244
    000001EE 08                     554 	.db #0x08	; 8
    000001EF F8                     555 	.db #0xf8	; 248
    000001F0 58                     556 	.db #0x58	; 88	'X'
    000001F1 F8                     557 	.db #0xf8	; 248
    000001F2 EC                     558 	.db #0xec	; 236
    000001F3 FC                     559 	.db #0xfc	; 252
    000001F4 9E                     560 	.db #0x9e	; 158
    000001F5 FA                     561 	.db #0xfa	; 250
    000001F6 1E                     562 	.db #0x1e	; 30
    000001F7 F2                     563 	.db #0xf2	; 242
    000001F8 FE                     564 	.db #0xfe	; 254
    000001F9 F2                     565 	.db #0xf2	; 242
    000001FA 9C                     566 	.db #0x9c	; 156
    000001FB FC                     567 	.db #0xfc	; 252
    000001FC F0                     568 	.db #0xf0	; 240
    000001FD F0                     569 	.db #0xf0	; 240
    000001FE F0                     570 	.db #0xf0	; 240
    000001FF 90                     571 	.db #0x90	; 144
    00000200                        572 _fighterTLE8:
    00000200 00                     573 	.db #0x00	; 0
    00000201 00                     574 	.db #0x00	; 0
    00000202 01                     575 	.db #0x01	; 1
    00000203 01                     576 	.db #0x01	; 1
    00000204 67                     577 	.db #0x67	; 103	'g'
    00000205 67                     578 	.db #0x67	; 103	'g'
    00000206 79                     579 	.db #0x79	; 121	'y'
    00000207 5F                     580 	.db #0x5f	; 95
    00000208 3F                     581 	.db #0x3f	; 63
    00000209 2F                     582 	.db #0x2f	; 47
    0000020A 1F                     583 	.db #0x1f	; 31
    0000020B 18                     584 	.db #0x18	; 24
    0000020C 0F                     585 	.db #0x0f	; 15
    0000020D 0F                     586 	.db #0x0f	; 15
    0000020E 18                     587 	.db #0x18	; 24
    0000020F 17                     588 	.db #0x17	; 23
    00000210 08                     589 	.db #0x08	; 8
    00000211 0F                     590 	.db #0x0f	; 15
    00000212 0D                     591 	.db #0x0d	; 13
    00000213 0F                     592 	.db #0x0f	; 15
    00000214 1B                     593 	.db #0x1b	; 27
    00000215 1F                     594 	.db #0x1f	; 31
    00000216 3C                     595 	.db #0x3c	; 60
    00000217 27                     596 	.db #0x27	; 39
    00000218 3F                     597 	.db #0x3f	; 63
    00000219 2F                     598 	.db #0x2f	; 47
    0000021A 34                     599 	.db #0x34	; 52	'4'
    0000021B 37                     600 	.db #0x37	; 55	'7'
    0000021C 07                     601 	.db #0x07	; 7
    0000021D 07                     602 	.db #0x07	; 7
    0000021E 07                     603 	.db #0x07	; 7
    0000021F 04                     604 	.db #0x04	; 4
    00000220 00                     605 	.db #0x00	; 0
    00000221 00                     606 	.db #0x00	; 0
    00000222 C0                     607 	.db #0xc0	; 192
    00000223 C0                     608 	.db #0xc0	; 192
    00000224 F3                     609 	.db #0xf3	; 243
    00000225 73                     610 	.db #0x73	; 115	's'
    00000226 CF                     611 	.db #0xcf	; 207
    00000227 7D                     612 	.db #0x7d	; 125
    00000228 FE                     613 	.db #0xfe	; 254
    00000229 FA                     614 	.db #0xfa	; 250
    0000022A FC                     615 	.db #0xfc	; 252
    0000022B 0C                     616 	.db #0x0c	; 12
    0000022C F8                     617 	.db #0xf8	; 248
    0000022D F8                     618 	.db #0xf8	; 248
    0000022E 0C                     619 	.db #0x0c	; 12
    0000022F F4                     620 	.db #0xf4	; 244
    00000230 08                     621 	.db #0x08	; 8
    00000231 F8                     622 	.db #0xf8	; 248
    00000232 58                     623 	.db #0x58	; 88	'X'
    00000233 F8                     624 	.db #0xf8	; 248
    00000234 FC                     625 	.db #0xfc	; 252
    00000235 F4                     626 	.db #0xf4	; 244
    00000236 1C                     627 	.db #0x1c	; 28
    00000237 F4                     628 	.db #0xf4	; 244
    00000238 FC                     629 	.db #0xfc	; 252
    00000239 F4                     630 	.db #0xf4	; 244
    0000023A 98                     631 	.db #0x98	; 152
    0000023B F8                     632 	.db #0xf8	; 248
    0000023C E0                     633 	.db #0xe0	; 224
    0000023D A0                     634 	.db #0xa0	; 160
    0000023E C0                     635 	.db #0xc0	; 192
    0000023F C0                     636 	.db #0xc0	; 192
                                    637 	.area _INITIALIZER
                                    638 	.area _CABS (ABS)
