                                      1 ;--------------------------------------------------------
                                      2 ; File Created by SDCC : free open source ISO C Compiler 
                                      3 ; Version 4.4.1 #14650 (Linux)
                                      4 ;--------------------------------------------------------
                                      5 	.module metasprite
                                      6 	.optsdcc -msm83
                                      7 	
                                      8 ;--------------------------------------------------------
                                      9 ; Public variables in this module
                                     10 ;--------------------------------------------------------
                                     11 	.globl _metasprite
                                     12 ;--------------------------------------------------------
                                     13 ; special function registers
                                     14 ;--------------------------------------------------------
                                     15 ;--------------------------------------------------------
                                     16 ; ram data
                                     17 ;--------------------------------------------------------
                                     18 	.area _DATA
                                     19 ;--------------------------------------------------------
                                     20 ; ram data
                                     21 ;--------------------------------------------------------
                                     22 	.area _INITIALIZED
                                     23 ;--------------------------------------------------------
                                     24 ; absolute external ram data
                                     25 ;--------------------------------------------------------
                                     26 	.area _DABS (ABS)
                                     27 ;--------------------------------------------------------
                                     28 ; global & static initialisations
                                     29 ;--------------------------------------------------------
                                     30 	.area _HOME
                                     31 	.area _GSINIT
                                     32 	.area _GSFINAL
                                     33 	.area _GSINIT
                                     34 ;--------------------------------------------------------
                                     35 ; Home
                                     36 ;--------------------------------------------------------
                                     37 	.area _HOME
                                     38 	.area _HOME
                                     39 ;--------------------------------------------------------
                                     40 ; code
                                     41 ;--------------------------------------------------------
                                     42 	.area _CODE
                                     43 	.area _CODE
    00000000                         44 _metasprite:
    00000000 F8                      45 	.db #0xf8	; -8
    00000001 F8                      46 	.db #0xf8	; -8
    00000002 00                      47 	.db #0x00	; 0
    00000003 00                      48 	.db #0x00	; 0
    00000004 00                      49 	.db #0x00	;  0
    00000005 08                      50 	.db #0x08	;  8
    00000006 02                      51 	.db #0x02	; 2
    00000007 00                      52 	.db #0x00	; 0
    00000008 08                      53 	.db #0x08	;  8
    00000009 F8                      54 	.db #0xf8	; -8
    0000000A 01                      55 	.db #0x01	; 1
    0000000B 00                      56 	.db #0x00	; 0
    0000000C 00                      57 	.db #0x00	;  0
    0000000D 08                      58 	.db #0x08	;  8
    0000000E 03                      59 	.db #0x03	; 3
    0000000F 00                      60 	.db #0x00	; 0
    00000010 80                      61 	.db #0x80	; -128
    00000011 00                      62 	.db #0x00	;  0
    00000012 00                      63 	.db #0x00	; 0
    00000013 00                      64 	.db #0x00	; 0
                                     65 	.area _INITIALIZER
                                     66 	.area _CABS (ABS)
