                                      1 ;--------------------------------------------------------
                                      2 ; File Created by SDCC : free open source ISO C Compiler 
                                      3 ; Version 4.4.1 #14650 (Linux)
                                      4 ;--------------------------------------------------------
                                      5 	.module monsters
                                      6 	.optsdcc -msm83
                                      7 	
                                      8 ;--------------------------------------------------------
                                      9 ; Public variables in this module
                                     10 ;--------------------------------------------------------
                                     11 	.globl _goblin
                                     12 ;--------------------------------------------------------
                                     13 ; special function registers
                                     14 ;--------------------------------------------------------
                                     15 ;--------------------------------------------------------
                                     16 ; ram data
                                     17 ;--------------------------------------------------------
                                     18 	.area _DATA
                                     19 ;--------------------------------------------------------
                                     20 ; ram data
                                     21 ;--------------------------------------------------------
                                     22 	.area _INITIALIZED
                                     23 ;--------------------------------------------------------
                                     24 ; absolute external ram data
                                     25 ;--------------------------------------------------------
                                     26 	.area _DABS (ABS)
                                     27 ;--------------------------------------------------------
                                     28 ; global & static initialisations
                                     29 ;--------------------------------------------------------
                                     30 	.area _HOME
                                     31 	.area _GSINIT
                                     32 	.area _GSFINAL
                                     33 	.area _GSINIT
                                     34 ;--------------------------------------------------------
                                     35 ; Home
                                     36 ;--------------------------------------------------------
                                     37 	.area _HOME
                                     38 	.area _HOME
                                     39 ;--------------------------------------------------------
                                     40 ; code
                                     41 ;--------------------------------------------------------
                                     42 	.area _CODE
                                     43 	.area _CODE
    00000000                         44 _goblin:
    00000000 01                      45 	.db #0x01	; 1
    00000001 00                      46 	.db #0x00	; 0
    00000002 00                      47 	.db #0x00	; 0
    00000003 07                      48 	.db #0x07	; 7
    00000004 05                      49 	.db #0x05	; 5
    00000005 08                      50 	.db #0x08	; 8
    00000006 06                      51 	.db #0x06	; 6
    00000007 05                      52 	.db #0x05	; 5
    00000008 04                      53 	.db #0x04	; 4
    00000009 06                      54 	.db #0x06	; 6
    0000000A 10                      55 	.db #0x10	; 16
    0000000B 0A                      56 	.db #0x0a	; 10
    0000000C 0C                      57 	.db #0x0c	; 12
    0000000D 08                      58 	.db #0x08	; 8
    0000000E 06                      59 	.db #0x06	; 6
    0000000F 19                      60 	.db #0x19	; 25
    00000010 00                      61 	.db #0x00	; 0
    00000011 06                      62 	.db #0x06	; 6
    00000012r14r00                   63 	.dw __str_0
    00000014                         64 __str_0:
    00000014 47 6F 62 6C 69 6E 20    65 	.ascii "Goblin Warrior"
             57 61 72 72 69 6F 72
    00000022 00                      66 	.db 0x00
                                     67 	.area _INITIALIZER
                                     68 	.area _CABS (ABS)
