                                      1 ;--------------------------------------------------------
                                      2 ; File Created by SDCC : free open source ISO C Compiler 
                                      3 ; Version 4.4.1 #14650 (Linux)
                                      4 ;--------------------------------------------------------
                                      5 	.module rogue_tiles
                                      6 	.optsdcc -msm83
                                      7 	
                                      8 ;--------------------------------------------------------
                                      9 ; Public variables in this module
                                     10 ;--------------------------------------------------------
                                     11 	.globl _rogue_tiles
                                     12 ;--------------------------------------------------------
                                     13 ; special function registers
                                     14 ;--------------------------------------------------------
                                     15 ;--------------------------------------------------------
                                     16 ; ram data
                                     17 ;--------------------------------------------------------
                                     18 	.area _DATA
                                     19 ;--------------------------------------------------------
                                     20 ; ram data
                                     21 ;--------------------------------------------------------
                                     22 	.area _INITIALIZED
                                     23 ;--------------------------------------------------------
                                     24 ; absolute external ram data
                                     25 ;--------------------------------------------------------
                                     26 	.area _DABS (ABS)
                                     27 ;--------------------------------------------------------
                                     28 ; global & static initialisations
                                     29 ;--------------------------------------------------------
                                     30 	.area _HOME
                                     31 	.area _GSINIT
                                     32 	.area _GSFINAL
                                     33 	.area _GSINIT
                                     34 ;--------------------------------------------------------
                                     35 ; Home
                                     36 ;--------------------------------------------------------
                                     37 	.area _HOME
                                     38 	.area _HOME
                                     39 ;--------------------------------------------------------
                                     40 ; code
                                     41 ;--------------------------------------------------------
                                     42 	.area _CODE
                                     43 	.area _CODE
    00000000                         44 _rogue_tiles:
    00000000 00                      45 	.db #0x00	; 0
    00000001 00                      46 	.db #0x00	; 0
    00000002 00                      47 	.db #0x00	; 0
    00000003 00                      48 	.db #0x00	; 0
    00000004 03                      49 	.db #0x03	; 3
    00000005 03                      50 	.db #0x03	; 3
    00000006 04                      51 	.db #0x04	; 4
    00000007 07                      52 	.db #0x07	; 7
    00000008 06                      53 	.db #0x06	; 6
    00000009 07                      54 	.db #0x07	; 7
    0000000A 04                      55 	.db #0x04	; 4
    0000000B 07                      56 	.db #0x07	; 7
    0000000C 07                      57 	.db #0x07	; 7
    0000000D 07                      58 	.db #0x07	; 7
    0000000E 0F                      59 	.db #0x0f	; 15
    0000000F 09                      60 	.db #0x09	; 9
    00000010 07                      61 	.db #0x07	; 7
    00000011 05                      62 	.db #0x05	; 5
    00000012 06                      63 	.db #0x06	; 6
    00000013 07                      64 	.db #0x07	; 7
    00000014 09                      65 	.db #0x09	; 9
    00000015 0F                      66 	.db #0x0f	; 15
    00000016 1A                      67 	.db #0x1a	; 26
    00000017 1F                      68 	.db #0x1f	; 31
    00000018 16                      69 	.db #0x16	; 22
    00000019 1F                      70 	.db #0x1f	; 31
    0000001A 1B                      71 	.db #0x1b	; 27
    0000001B 1B                      72 	.db #0x1b	; 27
    0000001C 02                      73 	.db #0x02	; 2
    0000001D 03                      74 	.db #0x03	; 3
    0000001E 02                      75 	.db #0x02	; 2
    0000001F 03                      76 	.db #0x03	; 3
    00000020 00                      77 	.db #0x00	; 0
    00000021 10                      78 	.db #0x10	; 16
    00000022 C0                      79 	.db #0xc0	; 192
    00000023 E0                      80 	.db #0xe0	; 224
    00000024 18                      81 	.db #0x18	; 24
    00000025 F8                      82 	.db #0xf8	; 248
    00000026 04                      83 	.db #0x04	; 4
    00000027 FC                      84 	.db #0xfc	; 252
    00000028 6C                      85 	.db #0x6c	; 108	'l'
    00000029 FC                      86 	.db #0xfc	; 252
    0000002A 04                      87 	.db #0x04	; 4
    0000002B FC                      88 	.db #0xfc	; 252
    0000002C DC                      89 	.db #0xdc	; 220
    0000002D FC                      90 	.db #0xfc	; 252
    0000002E F6                      91 	.db #0xf6	; 246
    0000002F 1A                      92 	.db #0x1a	; 26
    00000030 F8                      93 	.db #0xf8	; 248
    00000031 14                      94 	.db #0x14	; 20
    00000032 0C                      95 	.db #0x0c	; 12
    00000033 FC                      96 	.db #0xfc	; 252
    00000034 12                      97 	.db #0x12	; 18
    00000035 FE                      98 	.db #0xfe	; 254
    00000036 EE                      99 	.db #0xee	; 238
    00000037 FE                     100 	.db #0xfe	; 254
    00000038 F2                     101 	.db #0xf2	; 242
    00000039 FE                     102 	.db #0xfe	; 254
    0000003A 5C                     103 	.db #0x5c	; 92
    0000003B FC                     104 	.db #0xfc	; 252
    0000003C 50                     105 	.db #0x50	; 80	'P'
    0000003D F0                     106 	.db #0xf0	; 240
    0000003E 60                     107 	.db #0x60	; 96
    0000003F E0                     108 	.db #0xe0	; 224
    00000040 00                     109 	.db #0x00	; 0
    00000041 00                     110 	.db #0x00	; 0
    00000042 03                     111 	.db #0x03	; 3
    00000043 03                     112 	.db #0x03	; 3
    00000044 07                     113 	.db #0x07	; 7
    00000045 04                     114 	.db #0x04	; 4
    00000046 07                     115 	.db #0x07	; 7
    00000047 06                     116 	.db #0x06	; 6
    00000048 07                     117 	.db #0x07	; 7
    00000049 04                     118 	.db #0x04	; 4
    0000004A 07                     119 	.db #0x07	; 7
    0000004B 07                     120 	.db #0x07	; 7
    0000004C 09                     121 	.db #0x09	; 9
    0000004D 09                     122 	.db #0x09	; 9
    0000004E 05                     123 	.db #0x05	; 5
    0000004F 05                     124 	.db #0x05	; 5
    00000050 07                     125 	.db #0x07	; 7
    00000051 06                     126 	.db #0x06	; 6
    00000052 0F                     127 	.db #0x0f	; 15
    00000053 0D                     128 	.db #0x0d	; 13
    00000054 1F                     129 	.db #0x1f	; 31
    00000055 10                     130 	.db #0x10	; 16
    00000056 1F                     131 	.db #0x1f	; 31
    00000057 1E                     132 	.db #0x1e	; 30
    00000058 1F                     133 	.db #0x1f	; 31
    00000059 12                     134 	.db #0x12	; 18
    0000005A 0F                     135 	.db #0x0f	; 15
    0000005B 0F                     136 	.db #0x0f	; 15
    0000005C 03                     137 	.db #0x03	; 3
    0000005D 02                     138 	.db #0x02	; 2
    0000005E 03                     139 	.db #0x03	; 3
    0000005F 02                     140 	.db #0x02	; 2
    00000060 E0                     141 	.db #0xe0	; 224
    00000061 E0                     142 	.db #0xe0	; 224
    00000062 F8                     143 	.db #0xf8	; 248
    00000063 18                     144 	.db #0x18	; 24
    00000064 FC                     145 	.db #0xfc	; 252
    00000065 04                     146 	.db #0x04	; 4
    00000066 FC                     147 	.db #0xfc	; 252
    00000067 EC                     148 	.db #0xec	; 236
    00000068 FC                     149 	.db #0xfc	; 252
    00000069 04                     150 	.db #0x04	; 4
    0000006A FC                     151 	.db #0xfc	; 252
    0000006B FC                     152 	.db #0xfc	; 252
    0000006C 12                     153 	.db #0x12	; 18
    0000006D 12                     154 	.db #0x12	; 18
    0000006E 14                     155 	.db #0x14	; 20
    0000006F 14                     156 	.db #0x14	; 20
    00000070 FC                     157 	.db #0xfc	; 252
    00000071 0C                     158 	.db #0x0c	; 12
    00000072 FE                     159 	.db #0xfe	; 254
    00000073 16                     160 	.db #0x16	; 22
    00000074 FF                     161 	.db #0xff	; 255
    00000075 E1                     162 	.db #0xe1	; 225
    00000076 FF                     163 	.db #0xff	; 255
    00000077 4F                     164 	.db #0x4f	; 79	'O'
    00000078 FF                     165 	.db #0xff	; 255
    00000079 E9                     166 	.db #0xe9	; 233
    0000007A FE                     167 	.db #0xfe	; 254
    0000007B 1E                     168 	.db #0x1e	; 30
    0000007C F8                     169 	.db #0xf8	; 248
    0000007D 48                     170 	.db #0x48	; 72	'H'
    0000007E F8                     171 	.db #0xf8	; 248
    0000007F 48                     172 	.db #0x48	; 72	'H'
    00000080 00                     173 	.db #0x00	; 0
    00000081 00                     174 	.db #0x00	; 0
    00000082 00                     175 	.db #0x00	; 0
    00000083 00                     176 	.db #0x00	; 0
    00000084 03                     177 	.db #0x03	; 3
    00000085 03                     178 	.db #0x03	; 3
    00000086 07                     179 	.db #0x07	; 7
    00000087 04                     180 	.db #0x04	; 4
    00000088 07                     181 	.db #0x07	; 7
    00000089 06                     182 	.db #0x06	; 6
    0000008A 07                     183 	.db #0x07	; 7
    0000008B 04                     184 	.db #0x04	; 4
    0000008C 07                     185 	.db #0x07	; 7
    0000008D 07                     186 	.db #0x07	; 7
    0000008E 09                     187 	.db #0x09	; 9
    0000008F 09                     188 	.db #0x09	; 9
    00000090 05                     189 	.db #0x05	; 5
    00000091 05                     190 	.db #0x05	; 5
    00000092 07                     191 	.db #0x07	; 7
    00000093 06                     192 	.db #0x06	; 6
    00000094 0F                     193 	.db #0x0f	; 15
    00000095 09                     194 	.db #0x09	; 9
    00000096 0F                     195 	.db #0x0f	; 15
    00000097 0E                     196 	.db #0x0e	; 14
    00000098 0F                     197 	.db #0x0f	; 15
    00000099 09                     198 	.db #0x09	; 9
    0000009A 07                     199 	.db #0x07	; 7
    0000009B 07                     200 	.db #0x07	; 7
    0000009C 01                     201 	.db #0x01	; 1
    0000009D 01                     202 	.db #0x01	; 1
    0000009E 00                     203 	.db #0x00	; 0
    0000009F 00                     204 	.db #0x00	; 0
    000000A0 00                     205 	.db #0x00	; 0
    000000A1 00                     206 	.db #0x00	; 0
    000000A2 E0                     207 	.db #0xe0	; 224
    000000A3 E0                     208 	.db #0xe0	; 224
    000000A4 F8                     209 	.db #0xf8	; 248
    000000A5 18                     210 	.db #0x18	; 24
    000000A6 FC                     211 	.db #0xfc	; 252
    000000A7 04                     212 	.db #0x04	; 4
    000000A8 FC                     213 	.db #0xfc	; 252
    000000A9 EC                     214 	.db #0xec	; 236
    000000AA FC                     215 	.db #0xfc	; 252
    000000AB 04                     216 	.db #0x04	; 4
    000000AC FC                     217 	.db #0xfc	; 252
    000000AD FC                     218 	.db #0xfc	; 252
    000000AE 12                     219 	.db #0x12	; 18
    000000AF 12                     220 	.db #0x12	; 18
    000000B0 14                     221 	.db #0x14	; 20
    000000B1 14                     222 	.db #0x14	; 20
    000000B2 FC                     223 	.db #0xfc	; 252
    000000B3 0C                     224 	.db #0x0c	; 12
    000000B4 FE                     225 	.db #0xfe	; 254
    000000B5 12                     226 	.db #0x12	; 18
    000000B6 FF                     227 	.db #0xff	; 255
    000000B7 EB                     228 	.db #0xeb	; 235
    000000B8 FF                     229 	.db #0xff	; 255
    000000B9 ED                     230 	.db #0xed	; 237
    000000BA FB                     231 	.db #0xfb	; 251
    000000BB 5B                     232 	.db #0x5b	; 91
    000000BC F8                     233 	.db #0xf8	; 248
    000000BD 48                     234 	.db #0x48	; 72	'H'
    000000BE F8                     235 	.db #0xf8	; 248
    000000BF C8                     236 	.db #0xc8	; 200
    000000C0 00                     237 	.db #0x00	; 0
    000000C1 00                     238 	.db #0x00	; 0
    000000C2 01                     239 	.db #0x01	; 1
    000000C3 01                     240 	.db #0x01	; 1
    000000C4 03                     241 	.db #0x03	; 3
    000000C5 02                     242 	.db #0x02	; 2
    000000C6 07                     243 	.db #0x07	; 7
    000000C7 04                     244 	.db #0x04	; 4
    000000C8 07                     245 	.db #0x07	; 7
    000000C9 06                     246 	.db #0x06	; 6
    000000CA 07                     247 	.db #0x07	; 7
    000000CB 04                     248 	.db #0x04	; 4
    000000CC 07                     249 	.db #0x07	; 7
    000000CD 07                     250 	.db #0x07	; 7
    000000CE 05                     251 	.db #0x05	; 5
    000000CF 05                     252 	.db #0x05	; 5
    000000D0 05                     253 	.db #0x05	; 5
    000000D1 05                     254 	.db #0x05	; 5
    000000D2 07                     255 	.db #0x07	; 7
    000000D3 04                     256 	.db #0x04	; 4
    000000D4 03                     257 	.db #0x03	; 3
    000000D5 03                     258 	.db #0x03	; 3
    000000D6 07                     259 	.db #0x07	; 7
    000000D7 06                     260 	.db #0x06	; 6
    000000D8 0F                     261 	.db #0x0f	; 15
    000000D9 0A                     262 	.db #0x0a	; 10
    000000DA 07                     263 	.db #0x07	; 7
    000000DB 07                     264 	.db #0x07	; 7
    000000DC 03                     265 	.db #0x03	; 3
    000000DD 02                     266 	.db #0x02	; 2
    000000DE 07                     267 	.db #0x07	; 7
    000000DF 04                     268 	.db #0x04	; 4
    000000E0 00                     269 	.db #0x00	; 0
    000000E1 00                     270 	.db #0x00	; 0
    000000E2 E0                     271 	.db #0xe0	; 224
    000000E3 E0                     272 	.db #0xe0	; 224
    000000E4 F0                     273 	.db #0xf0	; 240
    000000E5 10                     274 	.db #0x10	; 16
    000000E6 F8                     275 	.db #0xf8	; 248
    000000E7 08                     276 	.db #0x08	; 8
    000000E8 FC                     277 	.db #0xfc	; 252
    000000E9 84                     278 	.db #0x84	; 132
    000000EA FC                     279 	.db #0xfc	; 252
    000000EB 44                     280 	.db #0x44	; 68	'D'
    000000EC FC                     281 	.db #0xfc	; 252
    000000ED 84                     282 	.db #0x84	; 132
    000000EE 7C                     283 	.db #0x7c	; 124
    000000EF 54                     284 	.db #0x54	; 84	'T'
    000000F0 6E                     285 	.db #0x6e	; 110	'n'
    000000F1 2A                     286 	.db #0x2a	; 42
    000000F2 F4                     287 	.db #0xf4	; 244
    000000F3 1C                     288 	.db #0x1c	; 28
    000000F4 F8                     289 	.db #0xf8	; 248
    000000F5 F8                     290 	.db #0xf8	; 248
    000000F6 F8                     291 	.db #0xf8	; 248
    000000F7 A8                     292 	.db #0xa8	; 168
    000000F8 FC                     293 	.db #0xfc	; 252
    000000F9 9C                     294 	.db #0x9c	; 156
    000000FA FC                     295 	.db #0xfc	; 252
    000000FB D4                     296 	.db #0xd4	; 212
    000000FC F8                     297 	.db #0xf8	; 248
    000000FD 78                     298 	.db #0x78	; 120	'x'
    000000FE F8                     299 	.db #0xf8	; 248
    000000FF C8                     300 	.db #0xc8	; 200
    00000100 01                     301 	.db #0x01	; 1
    00000101 01                     302 	.db #0x01	; 1
    00000102 03                     303 	.db #0x03	; 3
    00000103 02                     304 	.db #0x02	; 2
    00000104 07                     305 	.db #0x07	; 7
    00000105 04                     306 	.db #0x04	; 4
    00000106 07                     307 	.db #0x07	; 7
    00000107 06                     308 	.db #0x06	; 6
    00000108 07                     309 	.db #0x07	; 7
    00000109 04                     310 	.db #0x04	; 4
    0000010A 07                     311 	.db #0x07	; 7
    0000010B 07                     312 	.db #0x07	; 7
    0000010C 05                     313 	.db #0x05	; 5
    0000010D 05                     314 	.db #0x05	; 5
    0000010E 05                     315 	.db #0x05	; 5
    0000010F 05                     316 	.db #0x05	; 5
    00000110 07                     317 	.db #0x07	; 7
    00000111 04                     318 	.db #0x04	; 4
    00000112 03                     319 	.db #0x03	; 3
    00000113 03                     320 	.db #0x03	; 3
    00000114 01                     321 	.db #0x01	; 1
    00000115 01                     322 	.db #0x01	; 1
    00000116 01                     323 	.db #0x01	; 1
    00000117 01                     324 	.db #0x01	; 1
    00000118 01                     325 	.db #0x01	; 1
    00000119 01                     326 	.db #0x01	; 1
    0000011A 01                     327 	.db #0x01	; 1
    0000011B 01                     328 	.db #0x01	; 1
    0000011C 01                     329 	.db #0x01	; 1
    0000011D 01                     330 	.db #0x01	; 1
    0000011E 03                     331 	.db #0x03	; 3
    0000011F 02                     332 	.db #0x02	; 2
    00000120 E0                     333 	.db #0xe0	; 224
    00000121 E0                     334 	.db #0xe0	; 224
    00000122 F0                     335 	.db #0xf0	; 240
    00000123 10                     336 	.db #0x10	; 16
    00000124 F8                     337 	.db #0xf8	; 248
    00000125 08                     338 	.db #0x08	; 8
    00000126 FC                     339 	.db #0xfc	; 252
    00000127 84                     340 	.db #0x84	; 132
    00000128 FC                     341 	.db #0xfc	; 252
    00000129 44                     342 	.db #0x44	; 68	'D'
    0000012A FC                     343 	.db #0xfc	; 252
    0000012B 84                     344 	.db #0x84	; 132
    0000012C 7C                     345 	.db #0x7c	; 124
    0000012D 54                     346 	.db #0x54	; 84	'T'
    0000012E 6E                     347 	.db #0x6e	; 110	'n'
    0000012F 2A                     348 	.db #0x2a	; 42
    00000130 F4                     349 	.db #0xf4	; 244
    00000131 14                     350 	.db #0x14	; 20
    00000132 F0                     351 	.db #0xf0	; 240
    00000133 F0                     352 	.db #0xf0	; 240
    00000134 F0                     353 	.db #0xf0	; 240
    00000135 50                     354 	.db #0x50	; 80	'P'
    00000136 F8                     355 	.db #0xf8	; 248
    00000137 E8                     356 	.db #0xe8	; 232
    00000138 F8                     357 	.db #0xf8	; 248
    00000139 48                     358 	.db #0x48	; 72	'H'
    0000013A F0                     359 	.db #0xf0	; 240
    0000013B F0                     360 	.db #0xf0	; 240
    0000013C E0                     361 	.db #0xe0	; 224
    0000013D 20                     362 	.db #0x20	; 32
    0000013E E0                     363 	.db #0xe0	; 224
    0000013F 20                     364 	.db #0x20	; 32
    00000140 00                     365 	.db #0x00	; 0
    00000141 00                     366 	.db #0x00	; 0
    00000142 01                     367 	.db #0x01	; 1
    00000143 01                     368 	.db #0x01	; 1
    00000144 03                     369 	.db #0x03	; 3
    00000145 02                     370 	.db #0x02	; 2
    00000146 07                     371 	.db #0x07	; 7
    00000147 04                     372 	.db #0x04	; 4
    00000148 07                     373 	.db #0x07	; 7
    00000149 06                     374 	.db #0x06	; 6
    0000014A 07                     375 	.db #0x07	; 7
    0000014B 04                     376 	.db #0x04	; 4
    0000014C 07                     377 	.db #0x07	; 7
    0000014D 07                     378 	.db #0x07	; 7
    0000014E 05                     379 	.db #0x05	; 5
    0000014F 05                     380 	.db #0x05	; 5
    00000150 05                     381 	.db #0x05	; 5
    00000151 05                     382 	.db #0x05	; 5
    00000152 07                     383 	.db #0x07	; 7
    00000153 04                     384 	.db #0x04	; 4
    00000154 03                     385 	.db #0x03	; 3
    00000155 03                     386 	.db #0x03	; 3
    00000156 03                     387 	.db #0x03	; 3
    00000157 02                     388 	.db #0x02	; 2
    00000158 03                     389 	.db #0x03	; 3
    00000159 02                     390 	.db #0x02	; 2
    0000015A 03                     391 	.db #0x03	; 3
    0000015B 03                     392 	.db #0x03	; 3
    0000015C 03                     393 	.db #0x03	; 3
    0000015D 02                     394 	.db #0x02	; 2
    0000015E 07                     395 	.db #0x07	; 7
    0000015F 04                     396 	.db #0x04	; 4
    00000160 00                     397 	.db #0x00	; 0
    00000161 00                     398 	.db #0x00	; 0
    00000162 E0                     399 	.db #0xe0	; 224
    00000163 E0                     400 	.db #0xe0	; 224
    00000164 F0                     401 	.db #0xf0	; 240
    00000165 10                     402 	.db #0x10	; 16
    00000166 F8                     403 	.db #0xf8	; 248
    00000167 08                     404 	.db #0x08	; 8
    00000168 FC                     405 	.db #0xfc	; 252
    00000169 84                     406 	.db #0x84	; 132
    0000016A FC                     407 	.db #0xfc	; 252
    0000016B 44                     408 	.db #0x44	; 68	'D'
    0000016C FC                     409 	.db #0xfc	; 252
    0000016D 84                     410 	.db #0x84	; 132
    0000016E 7C                     411 	.db #0x7c	; 124
    0000016F 54                     412 	.db #0x54	; 84	'T'
    00000170 6E                     413 	.db #0x6e	; 110	'n'
    00000171 2A                     414 	.db #0x2a	; 42
    00000172 F4                     415 	.db #0xf4	; 244
    00000173 14                     416 	.db #0x14	; 20
    00000174 F0                     417 	.db #0xf0	; 240
    00000175 F0                     418 	.db #0xf0	; 240
    00000176 F8                     419 	.db #0xf8	; 248
    00000177 A8                     420 	.db #0xa8	; 168
    00000178 F8                     421 	.db #0xf8	; 248
    00000179 C8                     422 	.db #0xc8	; 200
    0000017A F0                     423 	.db #0xf0	; 240
    0000017B B0                     424 	.db #0xb0	; 176
    0000017C F8                     425 	.db #0xf8	; 248
    0000017D F8                     426 	.db #0xf8	; 248
    0000017E F8                     427 	.db #0xf8	; 248
    0000017F C8                     428 	.db #0xc8	; 200
    00000180 00                     429 	.db #0x00	; 0
    00000181 00                     430 	.db #0x00	; 0
    00000182 01                     431 	.db #0x01	; 1
    00000183 01                     432 	.db #0x01	; 1
    00000184 03                     433 	.db #0x03	; 3
    00000185 02                     434 	.db #0x02	; 2
    00000186 07                     435 	.db #0x07	; 7
    00000187 04                     436 	.db #0x04	; 4
    00000188 0F                     437 	.db #0x0f	; 15
    00000189 08                     438 	.db #0x08	; 8
    0000018A 0F                     439 	.db #0x0f	; 15
    0000018B 08                     440 	.db #0x08	; 8
    0000018C 0F                     441 	.db #0x0f	; 15
    0000018D 08                     442 	.db #0x08	; 8
    0000018E 0F                     443 	.db #0x0f	; 15
    0000018F 0A                     444 	.db #0x0a	; 10
    00000190 1D                     445 	.db #0x1d	; 29
    00000191 15                     446 	.db #0x15	; 21
    00000192 0B                     447 	.db #0x0b	; 11
    00000193 0A                     448 	.db #0x0a	; 10
    00000194 03                     449 	.db #0x03	; 3
    00000195 03                     450 	.db #0x03	; 3
    00000196 07                     451 	.db #0x07	; 7
    00000197 05                     452 	.db #0x05	; 5
    00000198 07                     453 	.db #0x07	; 7
    00000199 04                     454 	.db #0x04	; 4
    0000019A 03                     455 	.db #0x03	; 3
    0000019B 03                     456 	.db #0x03	; 3
    0000019C 07                     457 	.db #0x07	; 7
    0000019D 07                     458 	.db #0x07	; 7
    0000019E 07                     459 	.db #0x07	; 7
    0000019F 04                     460 	.db #0x04	; 4
    000001A0 00                     461 	.db #0x00	; 0
    000001A1 00                     462 	.db #0x00	; 0
    000001A2 E0                     463 	.db #0xe0	; 224
    000001A3 E0                     464 	.db #0xe0	; 224
    000001A4 F0                     465 	.db #0xf0	; 240
    000001A5 10                     466 	.db #0x10	; 16
    000001A6 F8                     467 	.db #0xf8	; 248
    000001A7 08                     468 	.db #0x08	; 8
    000001A8 F8                     469 	.db #0xf8	; 248
    000001A9 58                     470 	.db #0x58	; 88	'X'
    000001AA F8                     471 	.db #0xf8	; 248
    000001AB 88                     472 	.db #0x88	; 136
    000001AC F8                     473 	.db #0xf8	; 248
    000001AD 78                     474 	.db #0x78	; 120	'x'
    000001AE A8                     475 	.db #0xa8	; 168
    000001AF A8                     476 	.db #0xa8	; 168
    000001B0 A8                     477 	.db #0xa8	; 168
    000001B1 28                     478 	.db #0x28	; 40
    000001B2 F8                     479 	.db #0xf8	; 248
    000001B3 08                     480 	.db #0x08	; 8
    000001B4 F0                     481 	.db #0xf0	; 240
    000001B5 F0                     482 	.db #0xf0	; 240
    000001B6 F0                     483 	.db #0xf0	; 240
    000001B7 50                     484 	.db #0x50	; 80	'P'
    000001B8 F0                     485 	.db #0xf0	; 240
    000001B9 D0                     486 	.db #0xd0	; 208
    000001BA F0                     487 	.db #0xf0	; 240
    000001BB 70                     488 	.db #0x70	; 112	'p'
    000001BC F0                     489 	.db #0xf0	; 240
    000001BD D0                     490 	.db #0xd0	; 208
    000001BE F8                     491 	.db #0xf8	; 248
    000001BF C8                     492 	.db #0xc8	; 200
    000001C0 01                     493 	.db #0x01	; 1
    000001C1 01                     494 	.db #0x01	; 1
    000001C2 03                     495 	.db #0x03	; 3
    000001C3 02                     496 	.db #0x02	; 2
    000001C4 07                     497 	.db #0x07	; 7
    000001C5 04                     498 	.db #0x04	; 4
    000001C6 0F                     499 	.db #0x0f	; 15
    000001C7 08                     500 	.db #0x08	; 8
    000001C8 0F                     501 	.db #0x0f	; 15
    000001C9 08                     502 	.db #0x08	; 8
    000001CA 0F                     503 	.db #0x0f	; 15
    000001CB 08                     504 	.db #0x08	; 8
    000001CC 0F                     505 	.db #0x0f	; 15
    000001CD 0A                     506 	.db #0x0a	; 10
    000001CE 1D                     507 	.db #0x1d	; 29
    000001CF 15                     508 	.db #0x15	; 21
    000001D0 0B                     509 	.db #0x0b	; 11
    000001D1 0A                     510 	.db #0x0a	; 10
    000001D2 03                     511 	.db #0x03	; 3
    000001D3 03                     512 	.db #0x03	; 3
    000001D4 03                     513 	.db #0x03	; 3
    000001D5 02                     514 	.db #0x02	; 2
    000001D6 07                     515 	.db #0x07	; 7
    000001D7 05                     516 	.db #0x05	; 5
    000001D8 07                     517 	.db #0x07	; 7
    000001D9 04                     518 	.db #0x04	; 4
    000001DA 03                     519 	.db #0x03	; 3
    000001DB 03                     520 	.db #0x03	; 3
    000001DC 01                     521 	.db #0x01	; 1
    000001DD 01                     522 	.db #0x01	; 1
    000001DE 01                     523 	.db #0x01	; 1
    000001DF 01                     524 	.db #0x01	; 1
    000001E0 E0                     525 	.db #0xe0	; 224
    000001E1 E0                     526 	.db #0xe0	; 224
    000001E2 F0                     527 	.db #0xf0	; 240
    000001E3 10                     528 	.db #0x10	; 16
    000001E4 F8                     529 	.db #0xf8	; 248
    000001E5 08                     530 	.db #0x08	; 8
    000001E6 F8                     531 	.db #0xf8	; 248
    000001E7 58                     532 	.db #0x58	; 88	'X'
    000001E8 F8                     533 	.db #0xf8	; 248
    000001E9 88                     534 	.db #0x88	; 136
    000001EA F8                     535 	.db #0xf8	; 248
    000001EB 78                     536 	.db #0x78	; 120	'x'
    000001EC A8                     537 	.db #0xa8	; 168
    000001ED A8                     538 	.db #0xa8	; 168
    000001EE A8                     539 	.db #0xa8	; 168
    000001EF 28                     540 	.db #0x28	; 40
    000001F0 F8                     541 	.db #0xf8	; 248
    000001F1 08                     542 	.db #0x08	; 8
    000001F2 F0                     543 	.db #0xf0	; 240
    000001F3 F0                     544 	.db #0xf0	; 240
    000001F4 E0                     545 	.db #0xe0	; 224
    000001F5 A0                     546 	.db #0xa0	; 160
    000001F6 E0                     547 	.db #0xe0	; 224
    000001F7 E0                     548 	.db #0xe0	; 224
    000001F8 E0                     549 	.db #0xe0	; 224
    000001F9 A0                     550 	.db #0xa0	; 160
    000001FA E0                     551 	.db #0xe0	; 224
    000001FB E0                     552 	.db #0xe0	; 224
    000001FC E0                     553 	.db #0xe0	; 224
    000001FD 20                     554 	.db #0x20	; 32
    000001FE F0                     555 	.db #0xf0	; 240
    000001FF 10                     556 	.db #0x10	; 16
    00000200 00                     557 	.db #0x00	; 0
    00000201 00                     558 	.db #0x00	; 0
    00000202 01                     559 	.db #0x01	; 1
    00000203 01                     560 	.db #0x01	; 1
    00000204 03                     561 	.db #0x03	; 3
    00000205 02                     562 	.db #0x02	; 2
    00000206 07                     563 	.db #0x07	; 7
    00000207 04                     564 	.db #0x04	; 4
    00000208 0F                     565 	.db #0x0f	; 15
    00000209 08                     566 	.db #0x08	; 8
    0000020A 0F                     567 	.db #0x0f	; 15
    0000020B 08                     568 	.db #0x08	; 8
    0000020C 0F                     569 	.db #0x0f	; 15
    0000020D 08                     570 	.db #0x08	; 8
    0000020E 0F                     571 	.db #0x0f	; 15
    0000020F 0A                     572 	.db #0x0a	; 10
    00000210 1D                     573 	.db #0x1d	; 29
    00000211 15                     574 	.db #0x15	; 21
    00000212 0B                     575 	.db #0x0b	; 11
    00000213 0E                     576 	.db #0x0e	; 14
    00000214 07                     577 	.db #0x07	; 7
    00000215 07                     578 	.db #0x07	; 7
    00000216 07                     579 	.db #0x07	; 7
    00000217 05                     580 	.db #0x05	; 5
    00000218 0F                     581 	.db #0x0f	; 15
    00000219 0E                     582 	.db #0x0e	; 14
    0000021A 0F                     583 	.db #0x0f	; 15
    0000021B 0A                     584 	.db #0x0a	; 10
    0000021C 07                     585 	.db #0x07	; 7
    0000021D 07                     586 	.db #0x07	; 7
    0000021E 07                     587 	.db #0x07	; 7
    0000021F 04                     588 	.db #0x04	; 4
    00000220 00                     589 	.db #0x00	; 0
    00000221 00                     590 	.db #0x00	; 0
    00000222 E0                     591 	.db #0xe0	; 224
    00000223 E0                     592 	.db #0xe0	; 224
    00000224 F0                     593 	.db #0xf0	; 240
    00000225 10                     594 	.db #0x10	; 16
    00000226 F8                     595 	.db #0xf8	; 248
    00000227 08                     596 	.db #0x08	; 8
    00000228 F8                     597 	.db #0xf8	; 248
    00000229 58                     598 	.db #0x58	; 88	'X'
    0000022A F8                     599 	.db #0xf8	; 248
    0000022B 88                     600 	.db #0x88	; 136
    0000022C F8                     601 	.db #0xf8	; 248
    0000022D 78                     602 	.db #0x78	; 120	'x'
    0000022E A8                     603 	.db #0xa8	; 168
    0000022F A8                     604 	.db #0xa8	; 168
    00000230 A8                     605 	.db #0xa8	; 168
    00000231 28                     606 	.db #0x28	; 40
    00000232 F8                     607 	.db #0xf8	; 248
    00000233 08                     608 	.db #0x08	; 8
    00000234 F0                     609 	.db #0xf0	; 240
    00000235 F0                     610 	.db #0xf0	; 240
    00000236 F8                     611 	.db #0xf8	; 248
    00000237 58                     612 	.db #0x58	; 88	'X'
    00000238 FC                     613 	.db #0xfc	; 252
    00000239 54                     614 	.db #0x54	; 84	'T'
    0000023A F8                     615 	.db #0xf8	; 248
    0000023B F8                     616 	.db #0xf8	; 248
    0000023C F0                     617 	.db #0xf0	; 240
    0000023D 90                     618 	.db #0x90	; 144
    0000023E F8                     619 	.db #0xf8	; 248
    0000023F C8                     620 	.db #0xc8	; 200
    00000240 00                     621 	.db #0x00	; 0
    00000241 00                     622 	.db #0x00	; 0
    00000242 00                     623 	.db #0x00	; 0
    00000243 00                     624 	.db #0x00	; 0
    00000244 03                     625 	.db #0x03	; 3
    00000245 03                     626 	.db #0x03	; 3
    00000246 07                     627 	.db #0x07	; 7
    00000247 04                     628 	.db #0x04	; 4
    00000248 07                     629 	.db #0x07	; 7
    00000249 06                     630 	.db #0x06	; 6
    0000024A 07                     631 	.db #0x07	; 7
    0000024B 04                     632 	.db #0x04	; 4
    0000024C 07                     633 	.db #0x07	; 7
    0000024D 06                     634 	.db #0x06	; 6
    0000024E 0B                     635 	.db #0x0b	; 11
    0000024F 09                     636 	.db #0x09	; 9
    00000250 07                     637 	.db #0x07	; 7
    00000251 04                     638 	.db #0x04	; 4
    00000252 07                     639 	.db #0x07	; 7
    00000253 06                     640 	.db #0x06	; 6
    00000254 0F                     641 	.db #0x0f	; 15
    00000255 0B                     642 	.db #0x0b	; 11
    00000256 0F                     643 	.db #0x0f	; 15
    00000257 0E                     644 	.db #0x0e	; 14
    00000258 0F                     645 	.db #0x0f	; 15
    00000259 0A                     646 	.db #0x0a	; 10
    0000025A 07                     647 	.db #0x07	; 7
    0000025B 07                     648 	.db #0x07	; 7
    0000025C 01                     649 	.db #0x01	; 1
    0000025D 01                     650 	.db #0x01	; 1
    0000025E 00                     651 	.db #0x00	; 0
    0000025F 00                     652 	.db #0x00	; 0
    00000260 00                     653 	.db #0x00	; 0
    00000261 00                     654 	.db #0x00	; 0
    00000262 E0                     655 	.db #0xe0	; 224
    00000263 E0                     656 	.db #0xe0	; 224
    00000264 F8                     657 	.db #0xf8	; 248
    00000265 18                     658 	.db #0x18	; 24
    00000266 FC                     659 	.db #0xfc	; 252
    00000267 04                     660 	.db #0x04	; 4
    00000268 FC                     661 	.db #0xfc	; 252
    00000269 0C                     662 	.db #0x0c	; 12
    0000026A FC                     663 	.db #0xfc	; 252
    0000026B 04                     664 	.db #0x04	; 4
    0000026C FC                     665 	.db #0xfc	; 252
    0000026D 4C                     666 	.db #0x4c	; 76	'L'
    0000026E FA                     667 	.db #0xfa	; 250
    0000026F B2                     668 	.db #0xb2	; 178
    00000270 FC                     669 	.db #0xfc	; 252
    00000271 A4                     670 	.db #0xa4	; 164
    00000272 FC                     671 	.db #0xfc	; 252
    00000273 4C                     672 	.db #0x4c	; 76	'L'
    00000274 FE                     673 	.db #0xfe	; 254
    00000275 F2                     674 	.db #0xf2	; 242
    00000276 FF                     675 	.db #0xff	; 255
    00000277 0B                     676 	.db #0x0b	; 11
    00000278 FF                     677 	.db #0xff	; 255
    00000279 0D                     678 	.db #0x0d	; 13
    0000027A FB                     679 	.db #0xfb	; 251
    0000027B FB                     680 	.db #0xfb	; 251
    0000027C F8                     681 	.db #0xf8	; 248
    0000027D 48                     682 	.db #0x48	; 72	'H'
    0000027E F8                     683 	.db #0xf8	; 248
    0000027F C8                     684 	.db #0xc8	; 200
    00000280 00                     685 	.db #0x00	; 0
    00000281 00                     686 	.db #0x00	; 0
    00000282 03                     687 	.db #0x03	; 3
    00000283 03                     688 	.db #0x03	; 3
    00000284 07                     689 	.db #0x07	; 7
    00000285 04                     690 	.db #0x04	; 4
    00000286 07                     691 	.db #0x07	; 7
    00000287 06                     692 	.db #0x06	; 6
    00000288 07                     693 	.db #0x07	; 7
    00000289 04                     694 	.db #0x04	; 4
    0000028A 07                     695 	.db #0x07	; 7
    0000028B 06                     696 	.db #0x06	; 6
    0000028C 0B                     697 	.db #0x0b	; 11
    0000028D 09                     698 	.db #0x09	; 9
    0000028E 07                     699 	.db #0x07	; 7
    0000028F 04                     700 	.db #0x04	; 4
    00000290 07                     701 	.db #0x07	; 7
    00000291 06                     702 	.db #0x06	; 6
    00000292 0F                     703 	.db #0x0f	; 15
    00000293 09                     704 	.db #0x09	; 9
    00000294 1F                     705 	.db #0x1f	; 31
    00000295 10                     706 	.db #0x10	; 16
    00000296 1F                     707 	.db #0x1f	; 31
    00000297 1E                     708 	.db #0x1e	; 30
    00000298 1F                     709 	.db #0x1f	; 31
    00000299 12                     710 	.db #0x12	; 18
    0000029A 0F                     711 	.db #0x0f	; 15
    0000029B 0F                     712 	.db #0x0f	; 15
    0000029C 03                     713 	.db #0x03	; 3
    0000029D 02                     714 	.db #0x02	; 2
    0000029E 03                     715 	.db #0x03	; 3
    0000029F 02                     716 	.db #0x02	; 2
    000002A0 E0                     717 	.db #0xe0	; 224
    000002A1 E0                     718 	.db #0xe0	; 224
    000002A2 F8                     719 	.db #0xf8	; 248
    000002A3 18                     720 	.db #0x18	; 24
    000002A4 FC                     721 	.db #0xfc	; 252
    000002A5 04                     722 	.db #0x04	; 4
    000002A6 FC                     723 	.db #0xfc	; 252
    000002A7 0C                     724 	.db #0x0c	; 12
    000002A8 FC                     725 	.db #0xfc	; 252
    000002A9 04                     726 	.db #0x04	; 4
    000002AA FC                     727 	.db #0xfc	; 252
    000002AB 4C                     728 	.db #0x4c	; 76	'L'
    000002AC FA                     729 	.db #0xfa	; 250
    000002AD B2                     730 	.db #0xb2	; 178
    000002AE FC                     731 	.db #0xfc	; 252
    000002AF A4                     732 	.db #0xa4	; 164
    000002B0 FC                     733 	.db #0xfc	; 252
    000002B1 4C                     734 	.db #0x4c	; 76	'L'
    000002B2 FE                     735 	.db #0xfe	; 254
    000002B3 F2                     736 	.db #0xf2	; 242
    000002B4 FF                     737 	.db #0xff	; 255
    000002B5 01                     738 	.db #0x01	; 1
    000002B6 FF                     739 	.db #0xff	; 255
    000002B7 0F                     740 	.db #0x0f	; 15
    000002B8 FF                     741 	.db #0xff	; 255
    000002B9 09                     742 	.db #0x09	; 9
    000002BA FE                     743 	.db #0xfe	; 254
    000002BB FE                     744 	.db #0xfe	; 254
    000002BC F8                     745 	.db #0xf8	; 248
    000002BD 48                     746 	.db #0x48	; 72	'H'
    000002BE F8                     747 	.db #0xf8	; 248
    000002BF 48                     748 	.db #0x48	; 72	'H'
    000002C0 00                     749 	.db #0x00	; 0
    000002C1 00                     750 	.db #0x00	; 0
    000002C2 00                     751 	.db #0x00	; 0
    000002C3 00                     752 	.db #0x00	; 0
    000002C4 03                     753 	.db #0x03	; 3
    000002C5 03                     754 	.db #0x03	; 3
    000002C6 07                     755 	.db #0x07	; 7
    000002C7 04                     756 	.db #0x04	; 4
    000002C8 07                     757 	.db #0x07	; 7
    000002C9 06                     758 	.db #0x06	; 6
    000002CA 07                     759 	.db #0x07	; 7
    000002CB 04                     760 	.db #0x04	; 4
    000002CC 07                     761 	.db #0x07	; 7
    000002CD 06                     762 	.db #0x06	; 6
    000002CE 0B                     763 	.db #0x0b	; 11
    000002CF 09                     764 	.db #0x09	; 9
    000002D0 07                     765 	.db #0x07	; 7
    000002D1 04                     766 	.db #0x04	; 4
    000002D2 07                     767 	.db #0x07	; 7
    000002D3 06                     768 	.db #0x06	; 6
    000002D4 0F                     769 	.db #0x0f	; 15
    000002D5 09                     770 	.db #0x09	; 9
    000002D6 1F                     771 	.db #0x1f	; 31
    000002D7 1A                     772 	.db #0x1a	; 26
    000002D8 1F                     773 	.db #0x1f	; 31
    000002D9 16                     774 	.db #0x16	; 22
    000002DA 1B                     775 	.db #0x1b	; 27
    000002DB 1B                     776 	.db #0x1b	; 27
    000002DC 03                     777 	.db #0x03	; 3
    000002DD 02                     778 	.db #0x02	; 2
    000002DE 03                     779 	.db #0x03	; 3
    000002DF 02                     780 	.db #0x02	; 2
    000002E0 00                     781 	.db #0x00	; 0
    000002E1 00                     782 	.db #0x00	; 0
    000002E2 E0                     783 	.db #0xe0	; 224
    000002E3 E0                     784 	.db #0xe0	; 224
    000002E4 F8                     785 	.db #0xf8	; 248
    000002E5 18                     786 	.db #0x18	; 24
    000002E6 FC                     787 	.db #0xfc	; 252
    000002E7 04                     788 	.db #0x04	; 4
    000002E8 FC                     789 	.db #0xfc	; 252
    000002E9 0C                     790 	.db #0x0c	; 12
    000002EA FC                     791 	.db #0xfc	; 252
    000002EB 04                     792 	.db #0x04	; 4
    000002EC FC                     793 	.db #0xfc	; 252
    000002ED 4C                     794 	.db #0x4c	; 76	'L'
    000002EE FA                     795 	.db #0xfa	; 250
    000002EF B2                     796 	.db #0xb2	; 178
    000002F0 FC                     797 	.db #0xfc	; 252
    000002F1 A4                     798 	.db #0xa4	; 164
    000002F2 FC                     799 	.db #0xfc	; 252
    000002F3 4C                     800 	.db #0x4c	; 76	'L'
    000002F4 FE                     801 	.db #0xfe	; 254
    000002F5 FA                     802 	.db #0xfa	; 250
    000002F6 FE                     803 	.db #0xfe	; 254
    000002F7 0E                     804 	.db #0x0e	; 14
    000002F8 FE                     805 	.db #0xfe	; 254
    000002F9 0A                     806 	.db #0x0a	; 10
    000002FA FC                     807 	.db #0xfc	; 252
    000002FB FC                     808 	.db #0xfc	; 252
    000002FC F0                     809 	.db #0xf0	; 240
    000002FD 50                     810 	.db #0x50	; 80	'P'
    000002FE E0                     811 	.db #0xe0	; 224
    000002FF 60                     812 	.db #0x60	; 96
                                    813 	.area _INITIALIZER
                                    814 	.area _CABS (ABS)
