                                      1 ;--------------------------------------------------------
                                      2 ; File Created by SDCC : free open source ISO C Compiler 
                                      3 ; Version 4.4.1 #14650 (Linux)
                                      4 ;--------------------------------------------------------
                                      5 	.module rogue
                                      6 	.optsdcc -msm83
                                      7 	
                                      8 ;--------------------------------------------------------
                                      9 ; Public variables in this module
                                     10 ;--------------------------------------------------------
                                     11 	.globl _ms_rogueTLE8
                                     12 	.globl _rogueTLE8
                                     13 	.globl _ms_rogueTLE7
                                     14 	.globl _rogueTLE7
                                     15 	.globl _ms_rogueTLE6
                                     16 	.globl _rogueTLE6
                                     17 	.globl _ms_rogueTLE5
                                     18 	.globl _rogueTLE5
                                     19 	.globl _ms_rogueTLE4
                                     20 	.globl _rogueTLE4
                                     21 	.globl _ms_rogueTLE3
                                     22 	.globl _rogueTLE3
                                     23 	.globl _ms_rogueTLE2
                                     24 	.globl _rogueTLE2
                                     25 	.globl _ms_rogueTLE1
                                     26 	.globl _rogueTLE1
                                     27 	.globl _ms_rogueTLE0
                                     28 	.globl _rogueTLE0
                                     29 ;--------------------------------------------------------
                                     30 ; special function registers
                                     31 ;--------------------------------------------------------
                                     32 ;--------------------------------------------------------
                                     33 ; ram data
                                     34 ;--------------------------------------------------------
                                     35 	.area _DATA
                                     36 ;--------------------------------------------------------
                                     37 ; ram data
                                     38 ;--------------------------------------------------------
                                     39 	.area _INITIALIZED
                                     40 ;--------------------------------------------------------
                                     41 ; absolute external ram data
                                     42 ;--------------------------------------------------------
                                     43 	.area _DABS (ABS)
                                     44 ;--------------------------------------------------------
                                     45 ; global & static initialisations
                                     46 ;--------------------------------------------------------
                                     47 	.area _HOME
                                     48 	.area _GSINIT
                                     49 	.area _GSFINAL
                                     50 	.area _GSINIT
                                     51 ;--------------------------------------------------------
                                     52 ; Home
                                     53 ;--------------------------------------------------------
                                     54 	.area _HOME
                                     55 	.area _HOME
                                     56 ;--------------------------------------------------------
                                     57 ; code
                                     58 ;--------------------------------------------------------
                                     59 	.area _CODE
                                     60 	.area _CODE
    00000000                         61 _rogueTLE0:
    00000000 00                      62 	.db #0x00	; 0
    00000001 00                      63 	.db #0x00	; 0
    00000002 01                      64 	.db #0x01	; 1
    00000003 01                      65 	.db #0x01	; 1
    00000004 06                      66 	.db #0x06	; 6
    00000005 07                      67 	.db #0x07	; 7
    00000006 08                      68 	.db #0x08	; 8
    00000007 0F                      69 	.db #0x0f	; 15
    00000008 0D                      70 	.db #0x0d	; 13
    00000009 0F                      71 	.db #0x0f	; 15
    0000000A 08                      72 	.db #0x08	; 8
    0000000B 0F                      73 	.db #0x0f	; 15
    0000000C 0F                      74 	.db #0x0f	; 15
    0000000D 0F                      75 	.db #0x0f	; 15
    0000000E 1F                      76 	.db #0x1f	; 31
    0000000F 12                      77 	.db #0x12	; 18
    00000010 0F                      78 	.db #0x0f	; 15
    00000011 0A                      79 	.db #0x0a	; 10
    00000012 0C                      80 	.db #0x0c	; 12
    00000013 0F                      81 	.db #0x0f	; 15
    00000014 12                      82 	.db #0x12	; 18
    00000015 1F                      83 	.db #0x1f	; 31
    00000016 35                      84 	.db #0x35	; 53	'5'
    00000017 3F                      85 	.db #0x3f	; 63
    00000018 2D                      86 	.db #0x2d	; 45
    00000019 3F                      87 	.db #0x3f	; 63
    0000001A 36                      88 	.db #0x36	; 54	'6'
    0000001B 37                      89 	.db #0x37	; 55	'7'
    0000001C 04                      90 	.db #0x04	; 4
    0000001D 07                      91 	.db #0x07	; 7
    0000001E 04                      92 	.db #0x04	; 4
    0000001F 07                      93 	.db #0x07	; 7
    00000020 00                      94 	.db #0x00	; 0
    00000021 00                      95 	.db #0x00	; 0
    00000022 C0                      96 	.db #0xc0	; 192
    00000023 C0                      97 	.db #0xc0	; 192
    00000024 30                      98 	.db #0x30	; 48	'0'
    00000025 F0                      99 	.db #0xf0	; 240
    00000026 08                     100 	.db #0x08	; 8
    00000027 F8                     101 	.db #0xf8	; 248
    00000028 D8                     102 	.db #0xd8	; 216
    00000029 F8                     103 	.db #0xf8	; 248
    0000002A 08                     104 	.db #0x08	; 8
    0000002B F8                     105 	.db #0xf8	; 248
    0000002C F8                     106 	.db #0xf8	; 248
    0000002D F8                     107 	.db #0xf8	; 248
    0000002E FC                     108 	.db #0xfc	; 252
    0000002F 24                     109 	.db #0x24	; 36
    00000030 F8                     110 	.db #0xf8	; 248
    00000031 28                     111 	.db #0x28	; 40
    00000032 18                     112 	.db #0x18	; 24
    00000033 F8                     113 	.db #0xf8	; 248
    00000034 24                     114 	.db #0x24	; 36
    00000035 FC                     115 	.db #0xfc	; 252
    00000036 DC                     116 	.db #0xdc	; 220
    00000037 FC                     117 	.db #0xfc	; 252
    00000038 E4                     118 	.db #0xe4	; 228
    00000039 FC                     119 	.db #0xfc	; 252
    0000003A B8                     120 	.db #0xb8	; 184
    0000003B F8                     121 	.db #0xf8	; 248
    0000003C A0                     122 	.db #0xa0	; 160
    0000003D E0                     123 	.db #0xe0	; 224
    0000003E C0                     124 	.db #0xc0	; 192
    0000003F C0                     125 	.db #0xc0	; 192
    00000040                        126 _ms_rogueTLE0:
    00000040 F8                     127 	.db #0xf8	; -8
    00000041 F8                     128 	.db #0xf8	; -8
    00000042 00                     129 	.db #0x00	; 0
    00000043 00                     130 	.db #0x00	; 0
    00000044 00                     131 	.db #0x00	;  0
    00000045 08                     132 	.db #0x08	;  8
    00000046 02                     133 	.db #0x02	; 2
    00000047 00                     134 	.db #0x00	; 0
    00000048 08                     135 	.db #0x08	;  8
    00000049 F8                     136 	.db #0xf8	; -8
    0000004A 01                     137 	.db #0x01	; 1
    0000004B 00                     138 	.db #0x00	; 0
    0000004C 00                     139 	.db #0x00	;  0
    0000004D 08                     140 	.db #0x08	;  8
    0000004E 03                     141 	.db #0x03	; 3
    0000004F 00                     142 	.db #0x00	; 0
    00000050 80                     143 	.db #0x80	; -128
    00000051 00                     144 	.db #0x00	;  0
    00000052 00                     145 	.db #0x00	; 0
    00000053 00                     146 	.db #0x00	; 0
    00000054                        147 _rogueTLE1:
    00000054 01                     148 	.db #0x01	; 1
    00000055 01                     149 	.db #0x01	; 1
    00000056 06                     150 	.db #0x06	; 6
    00000057 07                     151 	.db #0x07	; 7
    00000058 08                     152 	.db #0x08	; 8
    00000059 0F                     153 	.db #0x0f	; 15
    0000005A 0D                     154 	.db #0x0d	; 13
    0000005B 0F                     155 	.db #0x0f	; 15
    0000005C 08                     156 	.db #0x08	; 8
    0000005D 0F                     157 	.db #0x0f	; 15
    0000005E 0F                     158 	.db #0x0f	; 15
    0000005F 0F                     159 	.db #0x0f	; 15
    00000060 1F                     160 	.db #0x1f	; 31
    00000061 12                     161 	.db #0x12	; 18
    00000062 0F                     162 	.db #0x0f	; 15
    00000063 0A                     163 	.db #0x0a	; 10
    00000064 0C                     164 	.db #0x0c	; 12
    00000065 0F                     165 	.db #0x0f	; 15
    00000066 1A                     166 	.db #0x1a	; 26
    00000067 1F                     167 	.db #0x1f	; 31
    00000068 21                     168 	.db #0x21	; 33
    00000069 3F                     169 	.db #0x3f	; 63
    0000006A 3C                     170 	.db #0x3c	; 60
    0000006B 3F                     171 	.db #0x3f	; 63
    0000006C 25                     172 	.db #0x25	; 37
    0000006D 3F                     173 	.db #0x3f	; 63
    0000006E 1E                     174 	.db #0x1e	; 30
    0000006F 1F                     175 	.db #0x1f	; 31
    00000070 04                     176 	.db #0x04	; 4
    00000071 07                     177 	.db #0x07	; 7
    00000072 04                     178 	.db #0x04	; 4
    00000073 07                     179 	.db #0x07	; 7
    00000074 C0                     180 	.db #0xc0	; 192
    00000075 C0                     181 	.db #0xc0	; 192
    00000076 30                     182 	.db #0x30	; 48	'0'
    00000077 F0                     183 	.db #0xf0	; 240
    00000078 08                     184 	.db #0x08	; 8
    00000079 F8                     185 	.db #0xf8	; 248
    0000007A D8                     186 	.db #0xd8	; 216
    0000007B F8                     187 	.db #0xf8	; 248
    0000007C 08                     188 	.db #0x08	; 8
    0000007D F8                     189 	.db #0xf8	; 248
    0000007E F8                     190 	.db #0xf8	; 248
    0000007F F8                     191 	.db #0xf8	; 248
    00000080 FC                     192 	.db #0xfc	; 252
    00000081 24                     193 	.db #0x24	; 36
    00000082 F8                     194 	.db #0xf8	; 248
    00000083 28                     195 	.db #0x28	; 40
    00000084 18                     196 	.db #0x18	; 24
    00000085 F8                     197 	.db #0xf8	; 248
    00000086 2C                     198 	.db #0x2c	; 44
    00000087 FC                     199 	.db #0xfc	; 252
    00000088 C2                     200 	.db #0xc2	; 194
    00000089 FE                     201 	.db #0xfe	; 254
    0000008A 9E                     202 	.db #0x9e	; 158
    0000008B FE                     203 	.db #0xfe	; 254
    0000008C D2                     204 	.db #0xd2	; 210
    0000008D FE                     205 	.db #0xfe	; 254
    0000008E 3C                     206 	.db #0x3c	; 60
    0000008F FC                     207 	.db #0xfc	; 252
    00000090 90                     208 	.db #0x90	; 144
    00000091 F0                     209 	.db #0xf0	; 240
    00000092 90                     210 	.db #0x90	; 144
    00000093 F0                     211 	.db #0xf0	; 240
    00000094                        212 _ms_rogueTLE1:
    00000094 F8                     213 	.db #0xf8	; -8
    00000095 F8                     214 	.db #0xf8	; -8
    00000096 04                     215 	.db #0x04	; 4
    00000097 00                     216 	.db #0x00	; 0
    00000098 00                     217 	.db #0x00	;  0
    00000099 08                     218 	.db #0x08	;  8
    0000009A 06                     219 	.db #0x06	; 6
    0000009B 00                     220 	.db #0x00	; 0
    0000009C 08                     221 	.db #0x08	;  8
    0000009D F8                     222 	.db #0xf8	; -8
    0000009E 05                     223 	.db #0x05	; 5
    0000009F 00                     224 	.db #0x00	; 0
    000000A0 00                     225 	.db #0x00	;  0
    000000A1 08                     226 	.db #0x08	;  8
    000000A2 07                     227 	.db #0x07	; 7
    000000A3 00                     228 	.db #0x00	; 0
    000000A4 80                     229 	.db #0x80	; -128
    000000A5 00                     230 	.db #0x00	;  0
    000000A6 00                     231 	.db #0x00	; 0
    000000A7 00                     232 	.db #0x00	; 0
    000000A8                        233 _rogueTLE2:
    000000A8 00                     234 	.db #0x00	; 0
    000000A9 00                     235 	.db #0x00	; 0
    000000AA 01                     236 	.db #0x01	; 1
    000000AB 01                     237 	.db #0x01	; 1
    000000AC 06                     238 	.db #0x06	; 6
    000000AD 07                     239 	.db #0x07	; 7
    000000AE 08                     240 	.db #0x08	; 8
    000000AF 0F                     241 	.db #0x0f	; 15
    000000B0 0D                     242 	.db #0x0d	; 13
    000000B1 0F                     243 	.db #0x0f	; 15
    000000B2 08                     244 	.db #0x08	; 8
    000000B3 0F                     245 	.db #0x0f	; 15
    000000B4 0F                     246 	.db #0x0f	; 15
    000000B5 0F                     247 	.db #0x0f	; 15
    000000B6 1F                     248 	.db #0x1f	; 31
    000000B7 12                     249 	.db #0x12	; 18
    000000B8 0F                     250 	.db #0x0f	; 15
    000000B9 0A                     251 	.db #0x0a	; 10
    000000BA 0C                     252 	.db #0x0c	; 12
    000000BB 0F                     253 	.db #0x0f	; 15
    000000BC 12                     254 	.db #0x12	; 18
    000000BD 1F                     255 	.db #0x1f	; 31
    000000BE 1D                     256 	.db #0x1d	; 29
    000000BF 1F                     257 	.db #0x1f	; 31
    000000C0 13                     258 	.db #0x13	; 19
    000000C1 1F                     259 	.db #0x1f	; 31
    000000C2 0E                     260 	.db #0x0e	; 14
    000000C3 0F                     261 	.db #0x0f	; 15
    000000C4 02                     262 	.db #0x02	; 2
    000000C5 03                     263 	.db #0x03	; 3
    000000C6 01                     264 	.db #0x01	; 1
    000000C7 01                     265 	.db #0x01	; 1
    000000C8 00                     266 	.db #0x00	; 0
    000000C9 00                     267 	.db #0x00	; 0
    000000CA C0                     268 	.db #0xc0	; 192
    000000CB C0                     269 	.db #0xc0	; 192
    000000CC 30                     270 	.db #0x30	; 48	'0'
    000000CD F0                     271 	.db #0xf0	; 240
    000000CE 08                     272 	.db #0x08	; 8
    000000CF F8                     273 	.db #0xf8	; 248
    000000D0 D8                     274 	.db #0xd8	; 216
    000000D1 F8                     275 	.db #0xf8	; 248
    000000D2 08                     276 	.db #0x08	; 8
    000000D3 F8                     277 	.db #0xf8	; 248
    000000D4 F8                     278 	.db #0xf8	; 248
    000000D5 F8                     279 	.db #0xf8	; 248
    000000D6 FC                     280 	.db #0xfc	; 252
    000000D7 24                     281 	.db #0x24	; 36
    000000D8 F8                     282 	.db #0xf8	; 248
    000000D9 28                     283 	.db #0x28	; 40
    000000DA 18                     284 	.db #0x18	; 24
    000000DB F8                     285 	.db #0xf8	; 248
    000000DC 24                     286 	.db #0x24	; 36
    000000DD FC                     287 	.db #0xfc	; 252
    000000DE D6                     288 	.db #0xd6	; 214
    000000DF FE                     289 	.db #0xfe	; 254
    000000E0 DA                     290 	.db #0xda	; 218
    000000E1 FE                     291 	.db #0xfe	; 254
    000000E2 B6                     292 	.db #0xb6	; 182
    000000E3 F6                     293 	.db #0xf6	; 246
    000000E4 90                     294 	.db #0x90	; 144
    000000E5 F0                     295 	.db #0xf0	; 240
    000000E6 90                     296 	.db #0x90	; 144
    000000E7 F0                     297 	.db #0xf0	; 240
    000000E8                        298 _ms_rogueTLE2:
    000000E8 F8                     299 	.db #0xf8	; -8
    000000E9 F8                     300 	.db #0xf8	; -8
    000000EA 08                     301 	.db #0x08	; 8
    000000EB 00                     302 	.db #0x00	; 0
    000000EC 00                     303 	.db #0x00	;  0
    000000ED 08                     304 	.db #0x08	;  8
    000000EE 0A                     305 	.db #0x0a	; 10
    000000EF 00                     306 	.db #0x00	; 0
    000000F0 08                     307 	.db #0x08	;  8
    000000F1 F8                     308 	.db #0xf8	; -8
    000000F2 09                     309 	.db #0x09	; 9
    000000F3 00                     310 	.db #0x00	; 0
    000000F4 00                     311 	.db #0x00	;  0
    000000F5 08                     312 	.db #0x08	;  8
    000000F6 0B                     313 	.db #0x0b	; 11
    000000F7 00                     314 	.db #0x00	; 0
    000000F8 80                     315 	.db #0x80	; -128
    000000F9 00                     316 	.db #0x00	;  0
    000000FA 00                     317 	.db #0x00	; 0
    000000FB 00                     318 	.db #0x00	; 0
    000000FC                        319 _rogueTLE3:
    000000FC 00                     320 	.db #0x00	; 0
    000000FD 00                     321 	.db #0x00	; 0
    000000FE 03                     322 	.db #0x03	; 3
    000000FF 03                     323 	.db #0x03	; 3
    00000100 04                     324 	.db #0x04	; 4
    00000101 07                     325 	.db #0x07	; 7
    00000102 08                     326 	.db #0x08	; 8
    00000103 0F                     327 	.db #0x0f	; 15
    00000104 0D                     328 	.db #0x0d	; 13
    00000105 0F                     329 	.db #0x0f	; 15
    00000106 08                     330 	.db #0x08	; 8
    00000107 0F                     331 	.db #0x0f	; 15
    00000108 0F                     332 	.db #0x0f	; 15
    00000109 0F                     333 	.db #0x0f	; 15
    0000010A 0F                     334 	.db #0x0f	; 15
    0000010B 0A                     335 	.db #0x0a	; 10
    0000010C 0F                     336 	.db #0x0f	; 15
    0000010D 0A                     337 	.db #0x0a	; 10
    0000010E 08                     338 	.db #0x08	; 8
    0000010F 0F                     339 	.db #0x0f	; 15
    00000110 07                     340 	.db #0x07	; 7
    00000111 07                     341 	.db #0x07	; 7
    00000112 0D                     342 	.db #0x0d	; 13
    00000113 0F                     343 	.db #0x0f	; 15
    00000114 15                     344 	.db #0x15	; 21
    00000115 1F                     345 	.db #0x1f	; 31
    00000116 0F                     346 	.db #0x0f	; 15
    00000117 0F                     347 	.db #0x0f	; 15
    00000118 04                     348 	.db #0x04	; 4
    00000119 07                     349 	.db #0x07	; 7
    0000011A 09                     350 	.db #0x09	; 9
    0000011B 0F                     351 	.db #0x0f	; 15
    0000011C 00                     352 	.db #0x00	; 0
    0000011D 00                     353 	.db #0x00	; 0
    0000011E C0                     354 	.db #0xc0	; 192
    0000011F C0                     355 	.db #0xc0	; 192
    00000120 20                     356 	.db #0x20	; 32
    00000121 E0                     357 	.db #0xe0	; 224
    00000122 10                     358 	.db #0x10	; 16
    00000123 F0                     359 	.db #0xf0	; 240
    00000124 08                     360 	.db #0x08	; 8
    00000125 F8                     361 	.db #0xf8	; 248
    00000126 88                     362 	.db #0x88	; 136
    00000127 F8                     363 	.db #0xf8	; 248
    00000128 08                     364 	.db #0x08	; 8
    00000129 F8                     365 	.db #0xf8	; 248
    0000012A A8                     366 	.db #0xa8	; 168
    0000012B F8                     367 	.db #0xf8	; 248
    0000012C 74                     368 	.db #0x74	; 116	't'
    0000012D DC                     369 	.db #0xdc	; 220
    0000012E 28                     370 	.db #0x28	; 40
    0000012F F8                     371 	.db #0xf8	; 248
    00000130 F0                     372 	.db #0xf0	; 240
    00000131 F0                     373 	.db #0xf0	; 240
    00000132 50                     374 	.db #0x50	; 80	'P'
    00000133 F0                     375 	.db #0xf0	; 240
    00000134 38                     376 	.db #0x38	; 56	'8'
    00000135 F8                     377 	.db #0xf8	; 248
    00000136 A8                     378 	.db #0xa8	; 168
    00000137 F8                     379 	.db #0xf8	; 248
    00000138 F0                     380 	.db #0xf0	; 240
    00000139 F0                     381 	.db #0xf0	; 240
    0000013A 90                     382 	.db #0x90	; 144
    0000013B F0                     383 	.db #0xf0	; 240
    0000013C                        384 _ms_rogueTLE3:
    0000013C F8                     385 	.db #0xf8	; -8
    0000013D F8                     386 	.db #0xf8	; -8
    0000013E 0C                     387 	.db #0x0c	; 12
    0000013F 00                     388 	.db #0x00	; 0
    00000140 00                     389 	.db #0x00	;  0
    00000141 08                     390 	.db #0x08	;  8
    00000142 0E                     391 	.db #0x0e	; 14
    00000143 00                     392 	.db #0x00	; 0
    00000144 08                     393 	.db #0x08	;  8
    00000145 F8                     394 	.db #0xf8	; -8
    00000146 0D                     395 	.db #0x0d	; 13
    00000147 00                     396 	.db #0x00	; 0
    00000148 00                     397 	.db #0x00	;  0
    00000149 08                     398 	.db #0x08	;  8
    0000014A 0F                     399 	.db #0x0f	; 15
    0000014B 00                     400 	.db #0x00	; 0
    0000014C 80                     401 	.db #0x80	; -128
    0000014D 00                     402 	.db #0x00	;  0
    0000014E 00                     403 	.db #0x00	; 0
    0000014F 00                     404 	.db #0x00	; 0
    00000150                        405 _rogueTLE4:
    00000150 03                     406 	.db #0x03	; 3
    00000151 03                     407 	.db #0x03	; 3
    00000152 04                     408 	.db #0x04	; 4
    00000153 07                     409 	.db #0x07	; 7
    00000154 08                     410 	.db #0x08	; 8
    00000155 0F                     411 	.db #0x0f	; 15
    00000156 0D                     412 	.db #0x0d	; 13
    00000157 0F                     413 	.db #0x0f	; 15
    00000158 08                     414 	.db #0x08	; 8
    00000159 0F                     415 	.db #0x0f	; 15
    0000015A 0F                     416 	.db #0x0f	; 15
    0000015B 0F                     417 	.db #0x0f	; 15
    0000015C 0F                     418 	.db #0x0f	; 15
    0000015D 0A                     419 	.db #0x0a	; 10
    0000015E 0F                     420 	.db #0x0f	; 15
    0000015F 0A                     421 	.db #0x0a	; 10
    00000160 08                     422 	.db #0x08	; 8
    00000161 0F                     423 	.db #0x0f	; 15
    00000162 07                     424 	.db #0x07	; 7
    00000163 07                     425 	.db #0x07	; 7
    00000164 02                     426 	.db #0x02	; 2
    00000165 03                     427 	.db #0x03	; 3
    00000166 03                     428 	.db #0x03	; 3
    00000167 03                     429 	.db #0x03	; 3
    00000168 02                     430 	.db #0x02	; 2
    00000169 03                     431 	.db #0x03	; 3
    0000016A 03                     432 	.db #0x03	; 3
    0000016B 03                     433 	.db #0x03	; 3
    0000016C 02                     434 	.db #0x02	; 2
    0000016D 03                     435 	.db #0x03	; 3
    0000016E 04                     436 	.db #0x04	; 4
    0000016F 07                     437 	.db #0x07	; 7
    00000170 C0                     438 	.db #0xc0	; 192
    00000171 C0                     439 	.db #0xc0	; 192
    00000172 20                     440 	.db #0x20	; 32
    00000173 E0                     441 	.db #0xe0	; 224
    00000174 10                     442 	.db #0x10	; 16
    00000175 F0                     443 	.db #0xf0	; 240
    00000176 08                     444 	.db #0x08	; 8
    00000177 F8                     445 	.db #0xf8	; 248
    00000178 88                     446 	.db #0x88	; 136
    00000179 F8                     447 	.db #0xf8	; 248
    0000017A 08                     448 	.db #0x08	; 8
    0000017B F8                     449 	.db #0xf8	; 248
    0000017C A8                     450 	.db #0xa8	; 168
    0000017D F8                     451 	.db #0xf8	; 248
    0000017E 74                     452 	.db #0x74	; 116	't'
    0000017F DC                     453 	.db #0xdc	; 220
    00000180 28                     454 	.db #0x28	; 40
    00000181 E8                     455 	.db #0xe8	; 232
    00000182 E0                     456 	.db #0xe0	; 224
    00000183 E0                     457 	.db #0xe0	; 224
    00000184 A0                     458 	.db #0xa0	; 160
    00000185 E0                     459 	.db #0xe0	; 224
    00000186 D0                     460 	.db #0xd0	; 208
    00000187 F0                     461 	.db #0xf0	; 240
    00000188 90                     462 	.db #0x90	; 144
    00000189 F0                     463 	.db #0xf0	; 240
    0000018A E0                     464 	.db #0xe0	; 224
    0000018B E0                     465 	.db #0xe0	; 224
    0000018C 40                     466 	.db #0x40	; 64
    0000018D C0                     467 	.db #0xc0	; 192
    0000018E 40                     468 	.db #0x40	; 64
    0000018F C0                     469 	.db #0xc0	; 192
    00000190                        470 _ms_rogueTLE4:
    00000190 F8                     471 	.db #0xf8	; -8
    00000191 F8                     472 	.db #0xf8	; -8
    00000192 10                     473 	.db #0x10	; 16
    00000193 00                     474 	.db #0x00	; 0
    00000194 00                     475 	.db #0x00	;  0
    00000195 08                     476 	.db #0x08	;  8
    00000196 12                     477 	.db #0x12	; 18
    00000197 00                     478 	.db #0x00	; 0
    00000198 08                     479 	.db #0x08	;  8
    00000199 F8                     480 	.db #0xf8	; -8
    0000019A 11                     481 	.db #0x11	; 17
    0000019B 00                     482 	.db #0x00	; 0
    0000019C 00                     483 	.db #0x00	;  0
    0000019D 08                     484 	.db #0x08	;  8
    0000019E 13                     485 	.db #0x13	; 19
    0000019F 00                     486 	.db #0x00	; 0
    000001A0 80                     487 	.db #0x80	; -128
    000001A1 00                     488 	.db #0x00	;  0
    000001A2 00                     489 	.db #0x00	; 0
    000001A3 00                     490 	.db #0x00	; 0
    000001A4                        491 _rogueTLE5:
    000001A4 00                     492 	.db #0x00	; 0
    000001A5 00                     493 	.db #0x00	; 0
    000001A6 03                     494 	.db #0x03	; 3
    000001A7 03                     495 	.db #0x03	; 3
    000001A8 04                     496 	.db #0x04	; 4
    000001A9 07                     497 	.db #0x07	; 7
    000001AA 08                     498 	.db #0x08	; 8
    000001AB 0F                     499 	.db #0x0f	; 15
    000001AC 0D                     500 	.db #0x0d	; 13
    000001AD 0F                     501 	.db #0x0f	; 15
    000001AE 08                     502 	.db #0x08	; 8
    000001AF 0F                     503 	.db #0x0f	; 15
    000001B0 0F                     504 	.db #0x0f	; 15
    000001B1 0F                     505 	.db #0x0f	; 15
    000001B2 0F                     506 	.db #0x0f	; 15
    000001B3 0A                     507 	.db #0x0a	; 10
    000001B4 0F                     508 	.db #0x0f	; 15
    000001B5 0A                     509 	.db #0x0a	; 10
    000001B6 08                     510 	.db #0x08	; 8
    000001B7 0F                     511 	.db #0x0f	; 15
    000001B8 07                     512 	.db #0x07	; 7
    000001B9 07                     513 	.db #0x07	; 7
    000001BA 05                     514 	.db #0x05	; 5
    000001BB 07                     515 	.db #0x07	; 7
    000001BC 05                     516 	.db #0x05	; 5
    000001BD 07                     517 	.db #0x07	; 7
    000001BE 07                     518 	.db #0x07	; 7
    000001BF 07                     519 	.db #0x07	; 7
    000001C0 05                     520 	.db #0x05	; 5
    000001C1 07                     521 	.db #0x07	; 7
    000001C2 09                     522 	.db #0x09	; 9
    000001C3 0F                     523 	.db #0x0f	; 15
    000001C4 00                     524 	.db #0x00	; 0
    000001C5 00                     525 	.db #0x00	; 0
    000001C6 C0                     526 	.db #0xc0	; 192
    000001C7 C0                     527 	.db #0xc0	; 192
    000001C8 20                     528 	.db #0x20	; 32
    000001C9 E0                     529 	.db #0xe0	; 224
    000001CA 10                     530 	.db #0x10	; 16
    000001CB F0                     531 	.db #0xf0	; 240
    000001CC 08                     532 	.db #0x08	; 8
    000001CD F8                     533 	.db #0xf8	; 248
    000001CE 88                     534 	.db #0x88	; 136
    000001CF F8                     535 	.db #0xf8	; 248
    000001D0 08                     536 	.db #0x08	; 8
    000001D1 F8                     537 	.db #0xf8	; 248
    000001D2 A8                     538 	.db #0xa8	; 168
    000001D3 F8                     539 	.db #0xf8	; 248
    000001D4 74                     540 	.db #0x74	; 116	't'
    000001D5 DC                     541 	.db #0xdc	; 220
    000001D6 28                     542 	.db #0x28	; 40
    000001D7 E8                     543 	.db #0xe8	; 232
    000001D8 E0                     544 	.db #0xe0	; 224
    000001D9 E0                     545 	.db #0xe0	; 224
    000001DA 50                     546 	.db #0x50	; 80	'P'
    000001DB F0                     547 	.db #0xf0	; 240
    000001DC 90                     548 	.db #0x90	; 144
    000001DD F0                     549 	.db #0xf0	; 240
    000001DE 60                     550 	.db #0x60	; 96
    000001DF E0                     551 	.db #0xe0	; 224
    000001E0 F0                     552 	.db #0xf0	; 240
    000001E1 F0                     553 	.db #0xf0	; 240
    000001E2 90                     554 	.db #0x90	; 144
    000001E3 F0                     555 	.db #0xf0	; 240
    000001E4                        556 _ms_rogueTLE5:
    000001E4 F8                     557 	.db #0xf8	; -8
    000001E5 F8                     558 	.db #0xf8	; -8
    000001E6 14                     559 	.db #0x14	; 20
    000001E7 00                     560 	.db #0x00	; 0
    000001E8 00                     561 	.db #0x00	;  0
    000001E9 08                     562 	.db #0x08	;  8
    000001EA 16                     563 	.db #0x16	; 22
    000001EB 00                     564 	.db #0x00	; 0
    000001EC 08                     565 	.db #0x08	;  8
    000001ED F8                     566 	.db #0xf8	; -8
    000001EE 15                     567 	.db #0x15	; 21
    000001EF 00                     568 	.db #0x00	; 0
    000001F0 00                     569 	.db #0x00	;  0
    000001F1 08                     570 	.db #0x08	;  8
    000001F2 17                     571 	.db #0x17	; 23
    000001F3 00                     572 	.db #0x00	; 0
    000001F4 80                     573 	.db #0x80	; -128
    000001F5 00                     574 	.db #0x00	;  0
    000001F6 00                     575 	.db #0x00	; 0
    000001F7 00                     576 	.db #0x00	; 0
    000001F8                        577 _rogueTLE6:
    000001F8 00                     578 	.db #0x00	; 0
    000001F9 00                     579 	.db #0x00	; 0
    000001FA 01                     580 	.db #0x01	; 1
    000001FB 01                     581 	.db #0x01	; 1
    000001FC 06                     582 	.db #0x06	; 6
    000001FD 07                     583 	.db #0x07	; 7
    000001FE 08                     584 	.db #0x08	; 8
    000001FF 0F                     585 	.db #0x0f	; 15
    00000200 0C                     586 	.db #0x0c	; 12
    00000201 0F                     587 	.db #0x0f	; 15
    00000202 08                     588 	.db #0x08	; 8
    00000203 0F                     589 	.db #0x0f	; 15
    00000204 0C                     590 	.db #0x0c	; 12
    00000205 0F                     591 	.db #0x0f	; 15
    00000206 1B                     592 	.db #0x1b	; 27
    00000207 17                     593 	.db #0x17	; 23
    00000208 09                     594 	.db #0x09	; 9
    00000209 0F                     595 	.db #0x0f	; 15
    0000020A 0C                     596 	.db #0x0c	; 12
    0000020B 0F                     597 	.db #0x0f	; 15
    0000020C 17                     598 	.db #0x17	; 23
    0000020D 1F                     599 	.db #0x1f	; 31
    0000020E 1C                     600 	.db #0x1c	; 28
    0000020F 1F                     601 	.db #0x1f	; 31
    00000210 14                     602 	.db #0x14	; 20
    00000211 1F                     603 	.db #0x1f	; 31
    00000212 0F                     604 	.db #0x0f	; 15
    00000213 0F                     605 	.db #0x0f	; 15
    00000214 02                     606 	.db #0x02	; 2
    00000215 03                     607 	.db #0x03	; 3
    00000216 01                     608 	.db #0x01	; 1
    00000217 01                     609 	.db #0x01	; 1
    00000218 00                     610 	.db #0x00	; 0
    00000219 00                     611 	.db #0x00	; 0
    0000021A C0                     612 	.db #0xc0	; 192
    0000021B C0                     613 	.db #0xc0	; 192
    0000021C 30                     614 	.db #0x30	; 48	'0'
    0000021D F0                     615 	.db #0xf0	; 240
    0000021E 08                     616 	.db #0x08	; 8
    0000021F F8                     617 	.db #0xf8	; 248
    00000220 18                     618 	.db #0x18	; 24
    00000221 F8                     619 	.db #0xf8	; 248
    00000222 08                     620 	.db #0x08	; 8
    00000223 F8                     621 	.db #0xf8	; 248
    00000224 98                     622 	.db #0x98	; 152
    00000225 F8                     623 	.db #0xf8	; 248
    00000226 6C                     624 	.db #0x6c	; 108	'l'
    00000227 F4                     625 	.db #0xf4	; 244
    00000228 48                     626 	.db #0x48	; 72	'H'
    00000229 F8                     627 	.db #0xf8	; 248
    0000022A 98                     628 	.db #0x98	; 152
    0000022B F8                     629 	.db #0xf8	; 248
    0000022C E4                     630 	.db #0xe4	; 228
    0000022D FC                     631 	.db #0xfc	; 252
    0000022E 16                     632 	.db #0x16	; 22
    0000022F FE                     633 	.db #0xfe	; 254
    00000230 1A                     634 	.db #0x1a	; 26
    00000231 FE                     635 	.db #0xfe	; 254
    00000232 F6                     636 	.db #0xf6	; 246
    00000233 F6                     637 	.db #0xf6	; 246
    00000234 90                     638 	.db #0x90	; 144
    00000235 F0                     639 	.db #0xf0	; 240
    00000236 90                     640 	.db #0x90	; 144
    00000237 F0                     641 	.db #0xf0	; 240
    00000238                        642 _ms_rogueTLE6:
    00000238 F8                     643 	.db #0xf8	; -8
    00000239 F8                     644 	.db #0xf8	; -8
    0000023A 18                     645 	.db #0x18	; 24
    0000023B 00                     646 	.db #0x00	; 0
    0000023C 00                     647 	.db #0x00	;  0
    0000023D 08                     648 	.db #0x08	;  8
    0000023E 1A                     649 	.db #0x1a	; 26
    0000023F 00                     650 	.db #0x00	; 0
    00000240 08                     651 	.db #0x08	;  8
    00000241 F8                     652 	.db #0xf8	; -8
    00000242 19                     653 	.db #0x19	; 25
    00000243 00                     654 	.db #0x00	; 0
    00000244 00                     655 	.db #0x00	;  0
    00000245 08                     656 	.db #0x08	;  8
    00000246 1B                     657 	.db #0x1b	; 27
    00000247 00                     658 	.db #0x00	; 0
    00000248 80                     659 	.db #0x80	; -128
    00000249 00                     660 	.db #0x00	;  0
    0000024A 00                     661 	.db #0x00	; 0
    0000024B 00                     662 	.db #0x00	; 0
    0000024C                        663 _rogueTLE7:
    0000024C 01                     664 	.db #0x01	; 1
    0000024D 01                     665 	.db #0x01	; 1
    0000024E 06                     666 	.db #0x06	; 6
    0000024F 07                     667 	.db #0x07	; 7
    00000250 08                     668 	.db #0x08	; 8
    00000251 0F                     669 	.db #0x0f	; 15
    00000252 0C                     670 	.db #0x0c	; 12
    00000253 0F                     671 	.db #0x0f	; 15
    00000254 08                     672 	.db #0x08	; 8
    00000255 0F                     673 	.db #0x0f	; 15
    00000256 0C                     674 	.db #0x0c	; 12
    00000257 0F                     675 	.db #0x0f	; 15
    00000258 1B                     676 	.db #0x1b	; 27
    00000259 17                     677 	.db #0x17	; 23
    0000025A 09                     678 	.db #0x09	; 9
    0000025B 0F                     679 	.db #0x0f	; 15
    0000025C 0C                     680 	.db #0x0c	; 12
    0000025D 0F                     681 	.db #0x0f	; 15
    0000025E 13                     682 	.db #0x13	; 19
    0000025F 1F                     683 	.db #0x1f	; 31
    00000260 20                     684 	.db #0x20	; 32
    00000261 3F                     685 	.db #0x3f	; 63
    00000262 3C                     686 	.db #0x3c	; 60
    00000263 3F                     687 	.db #0x3f	; 63
    00000264 24                     688 	.db #0x24	; 36
    00000265 3F                     689 	.db #0x3f	; 63
    00000266 1F                     690 	.db #0x1f	; 31
    00000267 1F                     691 	.db #0x1f	; 31
    00000268 04                     692 	.db #0x04	; 4
    00000269 07                     693 	.db #0x07	; 7
    0000026A 04                     694 	.db #0x04	; 4
    0000026B 07                     695 	.db #0x07	; 7
    0000026C C0                     696 	.db #0xc0	; 192
    0000026D C0                     697 	.db #0xc0	; 192
    0000026E 30                     698 	.db #0x30	; 48	'0'
    0000026F F0                     699 	.db #0xf0	; 240
    00000270 08                     700 	.db #0x08	; 8
    00000271 F8                     701 	.db #0xf8	; 248
    00000272 18                     702 	.db #0x18	; 24
    00000273 F8                     703 	.db #0xf8	; 248
    00000274 08                     704 	.db #0x08	; 8
    00000275 F8                     705 	.db #0xf8	; 248
    00000276 98                     706 	.db #0x98	; 152
    00000277 F8                     707 	.db #0xf8	; 248
    00000278 6C                     708 	.db #0x6c	; 108	'l'
    00000279 F4                     709 	.db #0xf4	; 244
    0000027A 48                     710 	.db #0x48	; 72	'H'
    0000027B F8                     711 	.db #0xf8	; 248
    0000027C 98                     712 	.db #0x98	; 152
    0000027D F8                     713 	.db #0xf8	; 248
    0000027E E4                     714 	.db #0xe4	; 228
    0000027F FC                     715 	.db #0xfc	; 252
    00000280 02                     716 	.db #0x02	; 2
    00000281 FE                     717 	.db #0xfe	; 254
    00000282 1E                     718 	.db #0x1e	; 30
    00000283 FE                     719 	.db #0xfe	; 254
    00000284 12                     720 	.db #0x12	; 18
    00000285 FE                     721 	.db #0xfe	; 254
    00000286 FC                     722 	.db #0xfc	; 252
    00000287 FC                     723 	.db #0xfc	; 252
    00000288 90                     724 	.db #0x90	; 144
    00000289 F0                     725 	.db #0xf0	; 240
    0000028A 90                     726 	.db #0x90	; 144
    0000028B F0                     727 	.db #0xf0	; 240
    0000028C                        728 _ms_rogueTLE7:
    0000028C F8                     729 	.db #0xf8	; -8
    0000028D F8                     730 	.db #0xf8	; -8
    0000028E 1C                     731 	.db #0x1c	; 28
    0000028F 00                     732 	.db #0x00	; 0
    00000290 00                     733 	.db #0x00	;  0
    00000291 08                     734 	.db #0x08	;  8
    00000292 1E                     735 	.db #0x1e	; 30
    00000293 00                     736 	.db #0x00	; 0
    00000294 08                     737 	.db #0x08	;  8
    00000295 F8                     738 	.db #0xf8	; -8
    00000296 1D                     739 	.db #0x1d	; 29
    00000297 00                     740 	.db #0x00	; 0
    00000298 00                     741 	.db #0x00	;  0
    00000299 08                     742 	.db #0x08	;  8
    0000029A 1F                     743 	.db #0x1f	; 31
    0000029B 00                     744 	.db #0x00	; 0
    0000029C 80                     745 	.db #0x80	; -128
    0000029D 00                     746 	.db #0x00	;  0
    0000029E 00                     747 	.db #0x00	; 0
    0000029F 00                     748 	.db #0x00	; 0
    000002A0                        749 _rogueTLE8:
    000002A0 00                     750 	.db #0x00	; 0
    000002A1 00                     751 	.db #0x00	; 0
    000002A2 01                     752 	.db #0x01	; 1
    000002A3 01                     753 	.db #0x01	; 1
    000002A4 06                     754 	.db #0x06	; 6
    000002A5 07                     755 	.db #0x07	; 7
    000002A6 08                     756 	.db #0x08	; 8
    000002A7 0F                     757 	.db #0x0f	; 15
    000002A8 0C                     758 	.db #0x0c	; 12
    000002A9 0F                     759 	.db #0x0f	; 15
    000002AA 08                     760 	.db #0x08	; 8
    000002AB 0F                     761 	.db #0x0f	; 15
    000002AC 0C                     762 	.db #0x0c	; 12
    000002AD 0F                     763 	.db #0x0f	; 15
    000002AE 1B                     764 	.db #0x1b	; 27
    000002AF 17                     765 	.db #0x17	; 23
    000002B0 09                     766 	.db #0x09	; 9
    000002B1 0F                     767 	.db #0x0f	; 15
    000002B2 0C                     768 	.db #0x0c	; 12
    000002B3 0F                     769 	.db #0x0f	; 15
    000002B4 13                     770 	.db #0x13	; 19
    000002B5 1F                     771 	.db #0x1f	; 31
    000002B6 34                     772 	.db #0x34	; 52	'4'
    000002B7 3F                     773 	.db #0x3f	; 63
    000002B8 2C                     774 	.db #0x2c	; 44
    000002B9 3F                     775 	.db #0x3f	; 63
    000002BA 37                     776 	.db #0x37	; 55	'7'
    000002BB 37                     777 	.db #0x37	; 55	'7'
    000002BC 04                     778 	.db #0x04	; 4
    000002BD 07                     779 	.db #0x07	; 7
    000002BE 04                     780 	.db #0x04	; 4
    000002BF 07                     781 	.db #0x07	; 7
    000002C0 00                     782 	.db #0x00	; 0
    000002C1 00                     783 	.db #0x00	; 0
    000002C2 C0                     784 	.db #0xc0	; 192
    000002C3 C0                     785 	.db #0xc0	; 192
    000002C4 30                     786 	.db #0x30	; 48	'0'
    000002C5 F0                     787 	.db #0xf0	; 240
    000002C6 08                     788 	.db #0x08	; 8
    000002C7 F8                     789 	.db #0xf8	; 248
    000002C8 18                     790 	.db #0x18	; 24
    000002C9 F8                     791 	.db #0xf8	; 248
    000002CA 08                     792 	.db #0x08	; 8
    000002CB F8                     793 	.db #0xf8	; 248
    000002CC 98                     794 	.db #0x98	; 152
    000002CD F8                     795 	.db #0xf8	; 248
    000002CE 6C                     796 	.db #0x6c	; 108	'l'
    000002CF F4                     797 	.db #0xf4	; 244
    000002D0 48                     798 	.db #0x48	; 72	'H'
    000002D1 F8                     799 	.db #0xf8	; 248
    000002D2 98                     800 	.db #0x98	; 152
    000002D3 F8                     801 	.db #0xf8	; 248
    000002D4 F4                     802 	.db #0xf4	; 244
    000002D5 FC                     803 	.db #0xfc	; 252
    000002D6 1C                     804 	.db #0x1c	; 28
    000002D7 FC                     805 	.db #0xfc	; 252
    000002D8 14                     806 	.db #0x14	; 20
    000002D9 FC                     807 	.db #0xfc	; 252
    000002DA F8                     808 	.db #0xf8	; 248
    000002DB F8                     809 	.db #0xf8	; 248
    000002DC A0                     810 	.db #0xa0	; 160
    000002DD E0                     811 	.db #0xe0	; 224
    000002DE C0                     812 	.db #0xc0	; 192
    000002DF C0                     813 	.db #0xc0	; 192
    000002E0                        814 _ms_rogueTLE8:
    000002E0 F8                     815 	.db #0xf8	; -8
    000002E1 F8                     816 	.db #0xf8	; -8
    000002E2 20                     817 	.db #0x20	; 32
    000002E3 00                     818 	.db #0x00	; 0
    000002E4 00                     819 	.db #0x00	;  0
    000002E5 08                     820 	.db #0x08	;  8
    000002E6 22                     821 	.db #0x22	; 34
    000002E7 00                     822 	.db #0x00	; 0
    000002E8 08                     823 	.db #0x08	;  8
    000002E9 F8                     824 	.db #0xf8	; -8
    000002EA 21                     825 	.db #0x21	; 33
    000002EB 00                     826 	.db #0x00	; 0
    000002EC 00                     827 	.db #0x00	;  0
    000002ED 08                     828 	.db #0x08	;  8
    000002EE 23                     829 	.db #0x23	; 35
    000002EF 00                     830 	.db #0x00	; 0
    000002F0 80                     831 	.db #0x80	; -128
    000002F1 00                     832 	.db #0x00	;  0
    000002F2 00                     833 	.db #0x00	; 0
    000002F3 00                     834 	.db #0x00	; 0
                                    835 	.area _INITIALIZER
                                    836 	.area _CABS (ABS)
