                                      1 ;--------------------------------------------------------
                                      2 ; File Created by SDCC : free open source ISO C Compiler 
                                      3 ; Version 4.4.1 #14650 (Linux)
                                      4 ;--------------------------------------------------------
                                      5 	.module room
                                      6 	.optsdcc -msm83
                                      7 	
                                      8 ;--------------------------------------------------------
                                      9 ; Public variables in this module
                                     10 ;--------------------------------------------------------
                                     11 	.globl _door
                                     12 	.globl _dungeon_room
                                     13 ;--------------------------------------------------------
                                     14 ; special function registers
                                     15 ;--------------------------------------------------------
                                     16 ;--------------------------------------------------------
                                     17 ; ram data
                                     18 ;--------------------------------------------------------
                                     19 	.area _DATA
                                     20 ;--------------------------------------------------------
                                     21 ; ram data
                                     22 ;--------------------------------------------------------
                                     23 	.area _INITIALIZED
                                     24 ;--------------------------------------------------------
                                     25 ; absolute external ram data
                                     26 ;--------------------------------------------------------
                                     27 	.area _DABS (ABS)
                                     28 ;--------------------------------------------------------
                                     29 ; global & static initialisations
                                     30 ;--------------------------------------------------------
                                     31 	.area _HOME
                                     32 	.area _GSINIT
                                     33 	.area _GSFINAL
                                     34 	.area _GSINIT
                                     35 ;--------------------------------------------------------
                                     36 ; Home
                                     37 ;--------------------------------------------------------
                                     38 	.area _HOME
                                     39 	.area _HOME
                                     40 ;--------------------------------------------------------
                                     41 ; code
                                     42 ;--------------------------------------------------------
                                     43 	.area _CODE
                                     44 	.area _CODE
    00000000                         45 _dungeon_room:
    00000000 0D                      46 	.db #0x0d	; 13
    00000001 0D                      47 	.db #0x0d	; 13
    00000002 0D                      48 	.db #0x0d	; 13
    00000003 0D                      49 	.db #0x0d	; 13
    00000004 0D                      50 	.db #0x0d	; 13
    00000005 0D                      51 	.db #0x0d	; 13
    00000006 0D                      52 	.db #0x0d	; 13
    00000007 0D                      53 	.db #0x0d	; 13
    00000008 0D                      54 	.db #0x0d	; 13
    00000009 0D                      55 	.db #0x0d	; 13
    0000000A 0D                      56 	.db #0x0d	; 13
    0000000B 0D                      57 	.db #0x0d	; 13
    0000000C 0D                      58 	.db #0x0d	; 13
    0000000D 0D                      59 	.db #0x0d	; 13
    0000000E 0D                      60 	.db #0x0d	; 13
    0000000F 0D                      61 	.db #0x0d	; 13
    00000010 0D                      62 	.db #0x0d	; 13
    00000011 0D                      63 	.db #0x0d	; 13
    00000012 0D                      64 	.db #0x0d	; 13
    00000013 0D                      65 	.db #0x0d	; 13
    00000014 0D                      66 	.db #0x0d	; 13
    00000015 0D                      67 	.db #0x0d	; 13
    00000016 00                      68 	.db #0x00	; 0
    00000017 0A                      69 	.db #0x0a	; 10
    00000018 0A                      70 	.db #0x0a	; 10
    00000019 0A                      71 	.db #0x0a	; 10
    0000001A 0A                      72 	.db #0x0a	; 10
    0000001B 0A                      73 	.db #0x0a	; 10
    0000001C 0A                      74 	.db #0x0a	; 10
    0000001D 0A                      75 	.db #0x0a	; 10
    0000001E 0A                      76 	.db #0x0a	; 10
    0000001F 0A                      77 	.db #0x0a	; 10
    00000020 0A                      78 	.db #0x0a	; 10
    00000021 0A                      79 	.db #0x0a	; 10
    00000022 0A                      80 	.db #0x0a	; 10
    00000023 0A                      81 	.db #0x0a	; 10
    00000024 01                      82 	.db #0x01	; 1
    00000025 0D                      83 	.db #0x0d	; 13
    00000026 0D                      84 	.db #0x0d	; 13
    00000027 0D                      85 	.db #0x0d	; 13
    00000028 0D                      86 	.db #0x0d	; 13
    00000029 0D                      87 	.db #0x0d	; 13
    0000002A 09                      88 	.db #0x09	; 9
    0000002B 04                      89 	.db #0x04	; 4
    0000002C 04                      90 	.db #0x04	; 4
    0000002D 04                      91 	.db #0x04	; 4
    0000002E 04                      92 	.db #0x04	; 4
    0000002F 04                      93 	.db #0x04	; 4
    00000030 04                      94 	.db #0x04	; 4
    00000031 04                      95 	.db #0x04	; 4
    00000032 04                      96 	.db #0x04	; 4
    00000033 04                      97 	.db #0x04	; 4
    00000034 04                      98 	.db #0x04	; 4
    00000035 04                      99 	.db #0x04	; 4
    00000036 04                     100 	.db #0x04	; 4
    00000037 04                     101 	.db #0x04	; 4
    00000038 0B                     102 	.db #0x0b	; 11
    00000039 0D                     103 	.db #0x0d	; 13
    0000003A 0D                     104 	.db #0x0d	; 13
    0000003B 0D                     105 	.db #0x0d	; 13
    0000003C 0D                     106 	.db #0x0d	; 13
    0000003D 0D                     107 	.db #0x0d	; 13
    0000003E 09                     108 	.db #0x09	; 9
    0000003F 04                     109 	.db #0x04	; 4
    00000040 04                     110 	.db #0x04	; 4
    00000041 04                     111 	.db #0x04	; 4
    00000042 04                     112 	.db #0x04	; 4
    00000043 04                     113 	.db #0x04	; 4
    00000044 04                     114 	.db #0x04	; 4
    00000045 04                     115 	.db #0x04	; 4
    00000046 04                     116 	.db #0x04	; 4
    00000047 04                     117 	.db #0x04	; 4
    00000048 04                     118 	.db #0x04	; 4
    00000049 04                     119 	.db #0x04	; 4
    0000004A 04                     120 	.db #0x04	; 4
    0000004B 04                     121 	.db #0x04	; 4
    0000004C 0B                     122 	.db #0x0b	; 11
    0000004D 0D                     123 	.db #0x0d	; 13
    0000004E 0D                     124 	.db #0x0d	; 13
    0000004F 0D                     125 	.db #0x0d	; 13
    00000050 0D                     126 	.db #0x0d	; 13
    00000051 0D                     127 	.db #0x0d	; 13
    00000052 09                     128 	.db #0x09	; 9
    00000053 04                     129 	.db #0x04	; 4
    00000054 04                     130 	.db #0x04	; 4
    00000055 04                     131 	.db #0x04	; 4
    00000056 04                     132 	.db #0x04	; 4
    00000057 04                     133 	.db #0x04	; 4
    00000058 04                     134 	.db #0x04	; 4
    00000059 04                     135 	.db #0x04	; 4
    0000005A 04                     136 	.db #0x04	; 4
    0000005B 04                     137 	.db #0x04	; 4
    0000005C 04                     138 	.db #0x04	; 4
    0000005D 04                     139 	.db #0x04	; 4
    0000005E 04                     140 	.db #0x04	; 4
    0000005F 04                     141 	.db #0x04	; 4
    00000060 0B                     142 	.db #0x0b	; 11
    00000061 0D                     143 	.db #0x0d	; 13
    00000062 0D                     144 	.db #0x0d	; 13
    00000063 0D                     145 	.db #0x0d	; 13
    00000064 0D                     146 	.db #0x0d	; 13
    00000065 0D                     147 	.db #0x0d	; 13
    00000066 09                     148 	.db #0x09	; 9
    00000067 04                     149 	.db #0x04	; 4
    00000068 04                     150 	.db #0x04	; 4
    00000069 04                     151 	.db #0x04	; 4
    0000006A 04                     152 	.db #0x04	; 4
    0000006B 04                     153 	.db #0x04	; 4
    0000006C 04                     154 	.db #0x04	; 4
    0000006D 04                     155 	.db #0x04	; 4
    0000006E 04                     156 	.db #0x04	; 4
    0000006F 04                     157 	.db #0x04	; 4
    00000070 04                     158 	.db #0x04	; 4
    00000071 04                     159 	.db #0x04	; 4
    00000072 04                     160 	.db #0x04	; 4
    00000073 04                     161 	.db #0x04	; 4
    00000074 0B                     162 	.db #0x0b	; 11
    00000075 0D                     163 	.db #0x0d	; 13
    00000076 0D                     164 	.db #0x0d	; 13
    00000077 0D                     165 	.db #0x0d	; 13
    00000078 0D                     166 	.db #0x0d	; 13
    00000079 0D                     167 	.db #0x0d	; 13
    0000007A 09                     168 	.db #0x09	; 9
    0000007B 04                     169 	.db #0x04	; 4
    0000007C 04                     170 	.db #0x04	; 4
    0000007D 04                     171 	.db #0x04	; 4
    0000007E 04                     172 	.db #0x04	; 4
    0000007F 04                     173 	.db #0x04	; 4
    00000080 04                     174 	.db #0x04	; 4
    00000081 04                     175 	.db #0x04	; 4
    00000082 04                     176 	.db #0x04	; 4
    00000083 04                     177 	.db #0x04	; 4
    00000084 04                     178 	.db #0x04	; 4
    00000085 04                     179 	.db #0x04	; 4
    00000086 04                     180 	.db #0x04	; 4
    00000087 04                     181 	.db #0x04	; 4
    00000088 0B                     182 	.db #0x0b	; 11
    00000089 0D                     183 	.db #0x0d	; 13
    0000008A 0D                     184 	.db #0x0d	; 13
    0000008B 0D                     185 	.db #0x0d	; 13
    0000008C 0D                     186 	.db #0x0d	; 13
    0000008D 0D                     187 	.db #0x0d	; 13
    0000008E 09                     188 	.db #0x09	; 9
    0000008F 04                     189 	.db #0x04	; 4
    00000090 04                     190 	.db #0x04	; 4
    00000091 04                     191 	.db #0x04	; 4
    00000092 04                     192 	.db #0x04	; 4
    00000093 04                     193 	.db #0x04	; 4
    00000094 04                     194 	.db #0x04	; 4
    00000095 04                     195 	.db #0x04	; 4
    00000096 04                     196 	.db #0x04	; 4
    00000097 04                     197 	.db #0x04	; 4
    00000098 04                     198 	.db #0x04	; 4
    00000099 04                     199 	.db #0x04	; 4
    0000009A 04                     200 	.db #0x04	; 4
    0000009B 04                     201 	.db #0x04	; 4
    0000009C 0B                     202 	.db #0x0b	; 11
    0000009D 0D                     203 	.db #0x0d	; 13
    0000009E 0D                     204 	.db #0x0d	; 13
    0000009F 0D                     205 	.db #0x0d	; 13
    000000A0 0D                     206 	.db #0x0d	; 13
    000000A1 0D                     207 	.db #0x0d	; 13
    000000A2 09                     208 	.db #0x09	; 9
    000000A3 04                     209 	.db #0x04	; 4
    000000A4 04                     210 	.db #0x04	; 4
    000000A5 04                     211 	.db #0x04	; 4
    000000A6 04                     212 	.db #0x04	; 4
    000000A7 04                     213 	.db #0x04	; 4
    000000A8 04                     214 	.db #0x04	; 4
    000000A9 04                     215 	.db #0x04	; 4
    000000AA 04                     216 	.db #0x04	; 4
    000000AB 04                     217 	.db #0x04	; 4
    000000AC 04                     218 	.db #0x04	; 4
    000000AD 04                     219 	.db #0x04	; 4
    000000AE 04                     220 	.db #0x04	; 4
    000000AF 04                     221 	.db #0x04	; 4
    000000B0 0B                     222 	.db #0x0b	; 11
    000000B1 0D                     223 	.db #0x0d	; 13
    000000B2 0D                     224 	.db #0x0d	; 13
    000000B3 0D                     225 	.db #0x0d	; 13
    000000B4 0D                     226 	.db #0x0d	; 13
    000000B5 0D                     227 	.db #0x0d	; 13
    000000B6 09                     228 	.db #0x09	; 9
    000000B7 04                     229 	.db #0x04	; 4
    000000B8 04                     230 	.db #0x04	; 4
    000000B9 04                     231 	.db #0x04	; 4
    000000BA 04                     232 	.db #0x04	; 4
    000000BB 04                     233 	.db #0x04	; 4
    000000BC 04                     234 	.db #0x04	; 4
    000000BD 04                     235 	.db #0x04	; 4
    000000BE 04                     236 	.db #0x04	; 4
    000000BF 04                     237 	.db #0x04	; 4
    000000C0 04                     238 	.db #0x04	; 4
    000000C1 04                     239 	.db #0x04	; 4
    000000C2 04                     240 	.db #0x04	; 4
    000000C3 04                     241 	.db #0x04	; 4
    000000C4 0B                     242 	.db #0x0b	; 11
    000000C5 0D                     243 	.db #0x0d	; 13
    000000C6 0D                     244 	.db #0x0d	; 13
    000000C7 0D                     245 	.db #0x0d	; 13
    000000C8 0D                     246 	.db #0x0d	; 13
    000000C9 0D                     247 	.db #0x0d	; 13
    000000CA 09                     248 	.db #0x09	; 9
    000000CB 04                     249 	.db #0x04	; 4
    000000CC 04                     250 	.db #0x04	; 4
    000000CD 04                     251 	.db #0x04	; 4
    000000CE 04                     252 	.db #0x04	; 4
    000000CF 04                     253 	.db #0x04	; 4
    000000D0 04                     254 	.db #0x04	; 4
    000000D1 04                     255 	.db #0x04	; 4
    000000D2 04                     256 	.db #0x04	; 4
    000000D3 04                     257 	.db #0x04	; 4
    000000D4 04                     258 	.db #0x04	; 4
    000000D5 04                     259 	.db #0x04	; 4
    000000D6 04                     260 	.db #0x04	; 4
    000000D7 04                     261 	.db #0x04	; 4
    000000D8 0B                     262 	.db #0x0b	; 11
    000000D9 0D                     263 	.db #0x0d	; 13
    000000DA 0D                     264 	.db #0x0d	; 13
    000000DB 0D                     265 	.db #0x0d	; 13
    000000DC 0D                     266 	.db #0x0d	; 13
    000000DD 0D                     267 	.db #0x0d	; 13
    000000DE 09                     268 	.db #0x09	; 9
    000000DF 04                     269 	.db #0x04	; 4
    000000E0 04                     270 	.db #0x04	; 4
    000000E1 04                     271 	.db #0x04	; 4
    000000E2 04                     272 	.db #0x04	; 4
    000000E3 04                     273 	.db #0x04	; 4
    000000E4 04                     274 	.db #0x04	; 4
    000000E5 04                     275 	.db #0x04	; 4
    000000E6 04                     276 	.db #0x04	; 4
    000000E7 04                     277 	.db #0x04	; 4
    000000E8 04                     278 	.db #0x04	; 4
    000000E9 04                     279 	.db #0x04	; 4
    000000EA 04                     280 	.db #0x04	; 4
    000000EB 04                     281 	.db #0x04	; 4
    000000EC 0B                     282 	.db #0x0b	; 11
    000000ED 0D                     283 	.db #0x0d	; 13
    000000EE 0D                     284 	.db #0x0d	; 13
    000000EF 0D                     285 	.db #0x0d	; 13
    000000F0 0D                     286 	.db #0x0d	; 13
    000000F1 0D                     287 	.db #0x0d	; 13
    000000F2 09                     288 	.db #0x09	; 9
    000000F3 04                     289 	.db #0x04	; 4
    000000F4 04                     290 	.db #0x04	; 4
    000000F5 04                     291 	.db #0x04	; 4
    000000F6 04                     292 	.db #0x04	; 4
    000000F7 04                     293 	.db #0x04	; 4
    000000F8 04                     294 	.db #0x04	; 4
    000000F9 04                     295 	.db #0x04	; 4
    000000FA 04                     296 	.db #0x04	; 4
    000000FB 04                     297 	.db #0x04	; 4
    000000FC 04                     298 	.db #0x04	; 4
    000000FD 04                     299 	.db #0x04	; 4
    000000FE 04                     300 	.db #0x04	; 4
    000000FF 04                     301 	.db #0x04	; 4
    00000100 0B                     302 	.db #0x0b	; 11
    00000101 0D                     303 	.db #0x0d	; 13
    00000102 0D                     304 	.db #0x0d	; 13
    00000103 0D                     305 	.db #0x0d	; 13
    00000104 0D                     306 	.db #0x0d	; 13
    00000105 0D                     307 	.db #0x0d	; 13
    00000106 09                     308 	.db #0x09	; 9
    00000107 04                     309 	.db #0x04	; 4
    00000108 04                     310 	.db #0x04	; 4
    00000109 04                     311 	.db #0x04	; 4
    0000010A 04                     312 	.db #0x04	; 4
    0000010B 04                     313 	.db #0x04	; 4
    0000010C 04                     314 	.db #0x04	; 4
    0000010D 04                     315 	.db #0x04	; 4
    0000010E 04                     316 	.db #0x04	; 4
    0000010F 04                     317 	.db #0x04	; 4
    00000110 04                     318 	.db #0x04	; 4
    00000111 04                     319 	.db #0x04	; 4
    00000112 04                     320 	.db #0x04	; 4
    00000113 04                     321 	.db #0x04	; 4
    00000114 0B                     322 	.db #0x0b	; 11
    00000115 0D                     323 	.db #0x0d	; 13
    00000116 0D                     324 	.db #0x0d	; 13
    00000117 0D                     325 	.db #0x0d	; 13
    00000118 0D                     326 	.db #0x0d	; 13
    00000119 0D                     327 	.db #0x0d	; 13
    0000011A 09                     328 	.db #0x09	; 9
    0000011B 04                     329 	.db #0x04	; 4
    0000011C 04                     330 	.db #0x04	; 4
    0000011D 04                     331 	.db #0x04	; 4
    0000011E 04                     332 	.db #0x04	; 4
    0000011F 04                     333 	.db #0x04	; 4
    00000120 04                     334 	.db #0x04	; 4
    00000121 04                     335 	.db #0x04	; 4
    00000122 04                     336 	.db #0x04	; 4
    00000123 04                     337 	.db #0x04	; 4
    00000124 04                     338 	.db #0x04	; 4
    00000125 04                     339 	.db #0x04	; 4
    00000126 04                     340 	.db #0x04	; 4
    00000127 04                     341 	.db #0x04	; 4
    00000128 0B                     342 	.db #0x0b	; 11
    00000129 0D                     343 	.db #0x0d	; 13
    0000012A 0D                     344 	.db #0x0d	; 13
    0000012B 0D                     345 	.db #0x0d	; 13
    0000012C 0D                     346 	.db #0x0d	; 13
    0000012D 0D                     347 	.db #0x0d	; 13
    0000012E 02                     348 	.db #0x02	; 2
    0000012F 0C                     349 	.db #0x0c	; 12
    00000130 0C                     350 	.db #0x0c	; 12
    00000131 0C                     351 	.db #0x0c	; 12
    00000132 0C                     352 	.db #0x0c	; 12
    00000133 0C                     353 	.db #0x0c	; 12
    00000134 0C                     354 	.db #0x0c	; 12
    00000135 0C                     355 	.db #0x0c	; 12
    00000136 0C                     356 	.db #0x0c	; 12
    00000137 0C                     357 	.db #0x0c	; 12
    00000138 0C                     358 	.db #0x0c	; 12
    00000139 0C                     359 	.db #0x0c	; 12
    0000013A 0C                     360 	.db #0x0c	; 12
    0000013B 0C                     361 	.db #0x0c	; 12
    0000013C 03                     362 	.db #0x03	; 3
    0000013D 0D                     363 	.db #0x0d	; 13
    0000013E 0D                     364 	.db #0x0d	; 13
    0000013F 0D                     365 	.db #0x0d	; 13
    00000140 0D                     366 	.db #0x0d	; 13
    00000141 0D                     367 	.db #0x0d	; 13
    00000142 0D                     368 	.db #0x0d	; 13
    00000143 0D                     369 	.db #0x0d	; 13
    00000144 0D                     370 	.db #0x0d	; 13
    00000145 0D                     371 	.db #0x0d	; 13
    00000146 0D                     372 	.db #0x0d	; 13
    00000147 0D                     373 	.db #0x0d	; 13
    00000148 0D                     374 	.db #0x0d	; 13
    00000149 0D                     375 	.db #0x0d	; 13
    0000014A 0D                     376 	.db #0x0d	; 13
    0000014B 0D                     377 	.db #0x0d	; 13
    0000014C 0D                     378 	.db #0x0d	; 13
    0000014D 0D                     379 	.db #0x0d	; 13
    0000014E 0D                     380 	.db #0x0d	; 13
    0000014F 0D                     381 	.db #0x0d	; 13
    00000150 0D                     382 	.db #0x0d	; 13
    00000151 0D                     383 	.db #0x0d	; 13
    00000152 0D                     384 	.db #0x0d	; 13
    00000153 0D                     385 	.db #0x0d	; 13
    00000154 0D                     386 	.db #0x0d	; 13
    00000155 0D                     387 	.db #0x0d	; 13
    00000156 0D                     388 	.db #0x0d	; 13
    00000157 0D                     389 	.db #0x0d	; 13
    00000158 0D                     390 	.db #0x0d	; 13
    00000159 0D                     391 	.db #0x0d	; 13
    0000015A 0D                     392 	.db #0x0d	; 13
    0000015B 0D                     393 	.db #0x0d	; 13
    0000015C 0D                     394 	.db #0x0d	; 13
    0000015D 0D                     395 	.db #0x0d	; 13
    0000015E 0D                     396 	.db #0x0d	; 13
    0000015F 0D                     397 	.db #0x0d	; 13
    00000160 0D                     398 	.db #0x0d	; 13
    00000161 0D                     399 	.db #0x0d	; 13
    00000162 0D                     400 	.db #0x0d	; 13
    00000163 0D                     401 	.db #0x0d	; 13
    00000164 0D                     402 	.db #0x0d	; 13
    00000165 0D                     403 	.db #0x0d	; 13
    00000166 0D                     404 	.db #0x0d	; 13
    00000167 0D                     405 	.db #0x0d	; 13
    00000168                        406 _door:
    00000168 04                     407 	.db #0x04	; 4
                                    408 	.area _INITIALIZER
                                    409 	.area _CABS (ABS)
