                                      1 ;--------------------------------------------------------
                                      2 ; File Created by SDCC : free open source ISO C Compiler 
                                      3 ; Version 4.4.1 #14650 (Linux)
                                      4 ;--------------------------------------------------------
                                      5 	.module simple_sprite
                                      6 	.optsdcc -msm83
                                      7 	
                                      8 ;--------------------------------------------------------
                                      9 ; Public variables in this module
                                     10 ;--------------------------------------------------------
                                     11 	.globl _simple_sprite
                                     12 ;--------------------------------------------------------
                                     13 ; special function registers
                                     14 ;--------------------------------------------------------
                                     15 ;--------------------------------------------------------
                                     16 ; ram data
                                     17 ;--------------------------------------------------------
                                     18 	.area _DATA
                                     19 ;--------------------------------------------------------
                                     20 ; ram data
                                     21 ;--------------------------------------------------------
                                     22 	.area _INITIALIZED
                                     23 ;--------------------------------------------------------
                                     24 ; absolute external ram data
                                     25 ;--------------------------------------------------------
                                     26 	.area _DABS (ABS)
                                     27 ;--------------------------------------------------------
                                     28 ; global & static initialisations
                                     29 ;--------------------------------------------------------
                                     30 	.area _HOME
                                     31 	.area _GSINIT
                                     32 	.area _GSFINAL
                                     33 	.area _GSINIT
                                     34 ;--------------------------------------------------------
                                     35 ; Home
                                     36 ;--------------------------------------------------------
                                     37 	.area _HOME
                                     38 	.area _HOME
                                     39 ;--------------------------------------------------------
                                     40 ; code
                                     41 ;--------------------------------------------------------
                                     42 	.area _CODE
                                     43 	.area _CODE
    00000000                         44 _simple_sprite:
    00000000 3C                      45 	.db #0x3c	; 60
    00000001 3C                      46 	.db #0x3c	; 60
    00000002 3C                      47 	.db #0x3c	; 60
    00000003 66                      48 	.db #0x66	; 102	'f'
    00000004 FF                      49 	.db #0xff	; 255
    00000005 FF                      50 	.db #0xff	; 255
    00000006 FF                      51 	.db #0xff	; 255
    00000007 BD                      52 	.db #0xbd	; 189
    00000008 FF                      53 	.db #0xff	; 255
    00000009 BD                      54 	.db #0xbd	; 189
    0000000A FF                      55 	.db #0xff	; 255
    0000000B FF                      56 	.db #0xff	; 255
    0000000C 3C                      57 	.db #0x3c	; 60
    0000000D 66                      58 	.db #0x66	; 102	'f'
    0000000E 3C                      59 	.db #0x3c	; 60
    0000000F 3C                      60 	.db #0x3c	; 60
                                     61 	.area _INITIALIZER
                                     62 	.area _CABS (ABS)
