                                      1 ;--------------------------------------------------------
                                      2 ; File Created by SDCC : free open source ISO C Compiler 
                                      3 ; Version 4.4.1 #14650 (Linux)
                                      4 ;--------------------------------------------------------
                                      5 	.module wizard
                                      6 	.optsdcc -msm83
                                      7 	
                                      8 ;--------------------------------------------------------
                                      9 ; Public variables in this module
                                     10 ;--------------------------------------------------------
                                     11 	.globl _wizardTLE8
                                     12 	.globl _wizardTLE7
                                     13 	.globl _wizardTLE6
                                     14 	.globl _wizardTLE5
                                     15 	.globl _wizardTLE4
                                     16 	.globl _wizardTLE3
                                     17 	.globl _wizardTLE2
                                     18 	.globl _wizardTLE1
                                     19 	.globl _wizardTLE0
                                     20 ;--------------------------------------------------------
                                     21 ; special function registers
                                     22 ;--------------------------------------------------------
                                     23 ;--------------------------------------------------------
                                     24 ; ram data
                                     25 ;--------------------------------------------------------
                                     26 	.area _DATA
                                     27 ;--------------------------------------------------------
                                     28 ; ram data
                                     29 ;--------------------------------------------------------
                                     30 	.area _INITIALIZED
                                     31 ;--------------------------------------------------------
                                     32 ; absolute external ram data
                                     33 ;--------------------------------------------------------
                                     34 	.area _DABS (ABS)
                                     35 ;--------------------------------------------------------
                                     36 ; global & static initialisations
                                     37 ;--------------------------------------------------------
                                     38 	.area _HOME
                                     39 	.area _GSINIT
                                     40 	.area _GSFINAL
                                     41 	.area _GSINIT
                                     42 ;--------------------------------------------------------
                                     43 ; Home
                                     44 ;--------------------------------------------------------
                                     45 	.area _HOME
                                     46 	.area _HOME
                                     47 ;--------------------------------------------------------
                                     48 ; code
                                     49 ;--------------------------------------------------------
                                     50 	.area _CODE
                                     51 	.area _CODE
    00000000                         52 _wizardTLE0:
    00000000 00                      53 	.db #0x00	; 0
    00000001 00                      54 	.db #0x00	; 0
    00000002 01                      55 	.db #0x01	; 1
    00000003 01                      56 	.db #0x01	; 1
    00000004 06                      57 	.db #0x06	; 6
    00000005 07                      58 	.db #0x07	; 7
    00000006 08                      59 	.db #0x08	; 8
    00000007 0F                      60 	.db #0x0f	; 15
    00000008 08                      61 	.db #0x08	; 8
    00000009 0F                      62 	.db #0x0f	; 15
    0000000A 0B                      63 	.db #0x0b	; 11
    0000000B 0F                      64 	.db #0x0f	; 15
    0000000C 0F                      65 	.db #0x0f	; 15
    0000000D 0F                      66 	.db #0x0f	; 15
    0000000E 1F                      67 	.db #0x1f	; 31
    0000000F 1D                      68 	.db #0x1d	; 29
    00000010 0F                      69 	.db #0x0f	; 15
    00000011 0D                      70 	.db #0x0d	; 13
    00000012 0F                      71 	.db #0x0f	; 15
    00000013 0F                      72 	.db #0x0f	; 15
    00000014 13                      73 	.db #0x13	; 19
    00000015 1F                      74 	.db #0x1f	; 31
    00000016 24                      75 	.db #0x24	; 36
    00000017 3F                      76 	.db #0x3f	; 63
    00000018 3C                      77 	.db #0x3c	; 60
    00000019 2F                      78 	.db #0x2f	; 47
    0000001A 34                      79 	.db #0x34	; 52	'4'
    0000001B 37                      80 	.db #0x37	; 55	'7'
    0000001C 04                      81 	.db #0x04	; 4
    0000001D 07                      82 	.db #0x07	; 7
    0000001E 0B                      83 	.db #0x0b	; 11
    0000001F 0C                      84 	.db #0x0c	; 12
    00000020 00                      85 	.db #0x00	; 0
    00000021 00                      86 	.db #0x00	; 0
    00000022 C0                      87 	.db #0xc0	; 192
    00000023 C0                      88 	.db #0xc0	; 192
    00000024 30                      89 	.db #0x30	; 48	'0'
    00000025 F0                      90 	.db #0xf0	; 240
    00000026 08                      91 	.db #0x08	; 8
    00000027 F8                      92 	.db #0xf8	; 248
    00000028 08                      93 	.db #0x08	; 8
    00000029 F8                      94 	.db #0xf8	; 248
    0000002A E8                      95 	.db #0xe8	; 232
    0000002B F8                      96 	.db #0xf8	; 248
    0000002C F8                      97 	.db #0xf8	; 248
    0000002D F8                      98 	.db #0xf8	; 248
    0000002E FC                      99 	.db #0xfc	; 252
    0000002F DC                     100 	.db #0xdc	; 220
    00000030 F8                     101 	.db #0xf8	; 248
    00000031 D8                     102 	.db #0xd8	; 216
    00000032 F8                     103 	.db #0xf8	; 248
    00000033 F8                     104 	.db #0xf8	; 248
    00000034 E4                     105 	.db #0xe4	; 228
    00000035 FC                     106 	.db #0xfc	; 252
    00000036 9C                     107 	.db #0x9c	; 156
    00000037 FC                     108 	.db #0xfc	; 252
    00000038 BC                     109 	.db #0xbc	; 188
    00000039 E4                     110 	.db #0xe4	; 228
    0000003A 38                     111 	.db #0x38	; 56	'8'
    0000003B F8                     112 	.db #0xf8	; 248
    0000003C 10                     113 	.db #0x10	; 16
    0000003D F0                     114 	.db #0xf0	; 240
    0000003E 70                     115 	.db #0x70	; 112	'p'
    0000003F F0                     116 	.db #0xf0	; 240
    00000040                        117 _wizardTLE1:
    00000040 01                     118 	.db #0x01	; 1
    00000041 01                     119 	.db #0x01	; 1
    00000042 06                     120 	.db #0x06	; 6
    00000043 07                     121 	.db #0x07	; 7
    00000044 08                     122 	.db #0x08	; 8
    00000045 0F                     123 	.db #0x0f	; 15
    00000046 08                     124 	.db #0x08	; 8
    00000047 0F                     125 	.db #0x0f	; 15
    00000048 0B                     126 	.db #0x0b	; 11
    00000049 0F                     127 	.db #0x0f	; 15
    0000004A 0F                     128 	.db #0x0f	; 15
    0000004B 0F                     129 	.db #0x0f	; 15
    0000004C 1F                     130 	.db #0x1f	; 31
    0000004D 1D                     131 	.db #0x1d	; 29
    0000004E 0F                     132 	.db #0x0f	; 15
    0000004F 0D                     133 	.db #0x0d	; 13
    00000050 0F                     134 	.db #0x0f	; 15
    00000051 0F                     135 	.db #0x0f	; 15
    00000052 13                     136 	.db #0x13	; 19
    00000053 1F                     137 	.db #0x1f	; 31
    00000054 20                     138 	.db #0x20	; 32
    00000055 3F                     139 	.db #0x3f	; 63
    00000056 24                     140 	.db #0x24	; 36
    00000057 3F                     141 	.db #0x3f	; 63
    00000058 2C                     142 	.db #0x2c	; 44
    00000059 37                     143 	.db #0x37	; 55	'7'
    0000005A 1C                     144 	.db #0x1c	; 28
    0000005B 1F                     145 	.db #0x1f	; 31
    0000005C 08                     146 	.db #0x08	; 8
    0000005D 0F                     147 	.db #0x0f	; 15
    0000005E 0B                     148 	.db #0x0b	; 11
    0000005F 0C                     149 	.db #0x0c	; 12
    00000060 C0                     150 	.db #0xc0	; 192
    00000061 C0                     151 	.db #0xc0	; 192
    00000062 30                     152 	.db #0x30	; 48	'0'
    00000063 F0                     153 	.db #0xf0	; 240
    00000064 08                     154 	.db #0x08	; 8
    00000065 F8                     155 	.db #0xf8	; 248
    00000066 08                     156 	.db #0x08	; 8
    00000067 F8                     157 	.db #0xf8	; 248
    00000068 E8                     158 	.db #0xe8	; 232
    00000069 F8                     159 	.db #0xf8	; 248
    0000006A F8                     160 	.db #0xf8	; 248
    0000006B F8                     161 	.db #0xf8	; 248
    0000006C FC                     162 	.db #0xfc	; 252
    0000006D DC                     163 	.db #0xdc	; 220
    0000006E F8                     164 	.db #0xf8	; 248
    0000006F D8                     165 	.db #0xd8	; 216
    00000070 F8                     166 	.db #0xf8	; 248
    00000071 F8                     167 	.db #0xf8	; 248
    00000072 E4                     168 	.db #0xe4	; 228
    00000073 FC                     169 	.db #0xfc	; 252
    00000074 82                     170 	.db #0x82	; 130
    00000075 FE                     171 	.db #0xfe	; 254
    00000076 92                     172 	.db #0x92	; 146
    00000077 FE                     173 	.db #0xfe	; 254
    00000078 1A                     174 	.db #0x1a	; 26
    00000079 F6                     175 	.db #0xf6	; 246
    0000007A 1C                     176 	.db #0x1c	; 28
    0000007B FC                     177 	.db #0xfc	; 252
    0000007C 08                     178 	.db #0x08	; 8
    0000007D F8                     179 	.db #0xf8	; 248
    0000007E 68                     180 	.db #0x68	; 104	'h'
    0000007F 98                     181 	.db #0x98	; 152
    00000080                        182 _wizardTLE2:
    00000080 00                     183 	.db #0x00	; 0
    00000081 00                     184 	.db #0x00	; 0
    00000082 01                     185 	.db #0x01	; 1
    00000083 01                     186 	.db #0x01	; 1
    00000084 06                     187 	.db #0x06	; 6
    00000085 07                     188 	.db #0x07	; 7
    00000086 08                     189 	.db #0x08	; 8
    00000087 0F                     190 	.db #0x0f	; 15
    00000088 08                     191 	.db #0x08	; 8
    00000089 0F                     192 	.db #0x0f	; 15
    0000008A 0B                     193 	.db #0x0b	; 11
    0000008B 0F                     194 	.db #0x0f	; 15
    0000008C 0F                     195 	.db #0x0f	; 15
    0000008D 0F                     196 	.db #0x0f	; 15
    0000008E 1F                     197 	.db #0x1f	; 31
    0000008F 1D                     198 	.db #0x1d	; 29
    00000090 0F                     199 	.db #0x0f	; 15
    00000091 0D                     200 	.db #0x0d	; 13
    00000092 13                     201 	.db #0x13	; 19
    00000093 1F                     202 	.db #0x1f	; 31
    00000094 1C                     203 	.db #0x1c	; 28
    00000095 1F                     204 	.db #0x1f	; 31
    00000096 1E                     205 	.db #0x1e	; 30
    00000097 13                     206 	.db #0x13	; 19
    00000098 0E                     207 	.db #0x0e	; 14
    00000099 0F                     208 	.db #0x0f	; 15
    0000009A 04                     209 	.db #0x04	; 4
    0000009B 07                     210 	.db #0x07	; 7
    0000009C 04                     211 	.db #0x04	; 4
    0000009D 07                     212 	.db #0x07	; 7
    0000009E 07                     213 	.db #0x07	; 7
    0000009F 07                     214 	.db #0x07	; 7
    000000A0 00                     215 	.db #0x00	; 0
    000000A1 00                     216 	.db #0x00	; 0
    000000A2 C0                     217 	.db #0xc0	; 192
    000000A3 C0                     218 	.db #0xc0	; 192
    000000A4 30                     219 	.db #0x30	; 48	'0'
    000000A5 F0                     220 	.db #0xf0	; 240
    000000A6 08                     221 	.db #0x08	; 8
    000000A7 F8                     222 	.db #0xf8	; 248
    000000A8 08                     223 	.db #0x08	; 8
    000000A9 F8                     224 	.db #0xf8	; 248
    000000AA E8                     225 	.db #0xe8	; 232
    000000AB F8                     226 	.db #0xf8	; 248
    000000AC F8                     227 	.db #0xf8	; 248
    000000AD F8                     228 	.db #0xf8	; 248
    000000AE FC                     229 	.db #0xfc	; 252
    000000AF DC                     230 	.db #0xdc	; 220
    000000B0 F8                     231 	.db #0xf8	; 248
    000000B1 D8                     232 	.db #0xd8	; 216
    000000B2 F8                     233 	.db #0xf8	; 248
    000000B3 F8                     234 	.db #0xf8	; 248
    000000B4 E4                     235 	.db #0xe4	; 228
    000000B5 FC                     236 	.db #0xfc	; 252
    000000B6 92                     237 	.db #0x92	; 146
    000000B7 FE                     238 	.db #0xfe	; 254
    000000B8 9E                     239 	.db #0x9e	; 158
    000000B9 FA                     240 	.db #0xfa	; 250
    000000BA 16                     241 	.db #0x16	; 22
    000000BB F6                     242 	.db #0xf6	; 246
    000000BC 10                     243 	.db #0x10	; 16
    000000BD F0                     244 	.db #0xf0	; 240
    000000BE 68                     245 	.db #0x68	; 104	'h'
    000000BF 98                     246 	.db #0x98	; 152
    000000C0                        247 _wizardTLE3:
    000000C0 00                     248 	.db #0x00	; 0
    000000C1 00                     249 	.db #0x00	; 0
    000000C2 03                     250 	.db #0x03	; 3
    000000C3 03                     251 	.db #0x03	; 3
    000000C4 0C                     252 	.db #0x0c	; 12
    000000C5 0F                     253 	.db #0x0f	; 15
    000000C6 08                     254 	.db #0x08	; 8
    000000C7 0F                     255 	.db #0x0f	; 15
    000000C8 10                     256 	.db #0x10	; 16
    000000C9 1F                     257 	.db #0x1f	; 31
    000000CA 10                     258 	.db #0x10	; 16
    000000CB 1F                     259 	.db #0x1f	; 31
    000000CC 1F                     260 	.db #0x1f	; 31
    000000CD 1F                     261 	.db #0x1f	; 31
    000000CE 0F                     262 	.db #0x0f	; 15
    000000CF 0D                     263 	.db #0x0d	; 13
    000000D0 0F                     264 	.db #0x0f	; 15
    000000D1 0D                     265 	.db #0x0d	; 13
    000000D2 0F                     266 	.db #0x0f	; 15
    000000D3 0F                     267 	.db #0x0f	; 15
    000000D4 07                     268 	.db #0x07	; 7
    000000D5 07                     269 	.db #0x07	; 7
    000000D6 0C                     270 	.db #0x0c	; 12
    000000D7 0F                     271 	.db #0x0f	; 15
    000000D8 1C                     272 	.db #0x1c	; 28
    000000D9 17                     273 	.db #0x17	; 23
    000000DA 0C                     274 	.db #0x0c	; 12
    000000DB 0F                     275 	.db #0x0f	; 15
    000000DC 04                     276 	.db #0x04	; 4
    000000DD 07                     277 	.db #0x07	; 7
    000000DE 0C                     278 	.db #0x0c	; 12
    000000DF 0B                     279 	.db #0x0b	; 11
    000000E0 00                     280 	.db #0x00	; 0
    000000E1 00                     281 	.db #0x00	; 0
    000000E2 C0                     282 	.db #0xc0	; 192
    000000E3 C0                     283 	.db #0xc0	; 192
    000000E4 30                     284 	.db #0x30	; 48	'0'
    000000E5 F0                     285 	.db #0xf0	; 240
    000000E6 10                     286 	.db #0x10	; 16
    000000E7 F0                     287 	.db #0xf0	; 240
    000000E8 08                     288 	.db #0x08	; 8
    000000E9 F8                     289 	.db #0xf8	; 248
    000000EA 08                     290 	.db #0x08	; 8
    000000EB F8                     291 	.db #0xf8	; 248
    000000EC 08                     292 	.db #0x08	; 8
    000000ED F8                     293 	.db #0xf8	; 248
    000000EE 88                     294 	.db #0x88	; 136
    000000EF F8                     295 	.db #0xf8	; 248
    000000F0 88                     296 	.db #0x88	; 136
    000000F1 F8                     297 	.db #0xf8	; 248
    000000F2 08                     298 	.db #0x08	; 8
    000000F3 F8                     299 	.db #0xf8	; 248
    000000F4 38                     300 	.db #0x38	; 56	'8'
    000000F5 F8                     301 	.db #0xf8	; 248
    000000F6 50                     302 	.db #0x50	; 80	'P'
    000000F7 F0                     303 	.db #0xf0	; 240
    000000F8 48                     304 	.db #0x48	; 72	'H'
    000000F9 F8                     305 	.db #0xf8	; 248
    000000FA 38                     306 	.db #0x38	; 56	'8'
    000000FB E8                     307 	.db #0xe8	; 232
    000000FC 10                     308 	.db #0x10	; 16
    000000FD F0                     309 	.db #0xf0	; 240
    000000FE D0                     310 	.db #0xd0	; 208
    000000FF F0                     311 	.db #0xf0	; 240
    00000100                        312 _wizardTLE4:
    00000100 03                     313 	.db #0x03	; 3
    00000101 03                     314 	.db #0x03	; 3
    00000102 0C                     315 	.db #0x0c	; 12
    00000103 0F                     316 	.db #0x0f	; 15
    00000104 08                     317 	.db #0x08	; 8
    00000105 0F                     318 	.db #0x0f	; 15
    00000106 10                     319 	.db #0x10	; 16
    00000107 1F                     320 	.db #0x1f	; 31
    00000108 10                     321 	.db #0x10	; 16
    00000109 1F                     322 	.db #0x1f	; 31
    0000010A 1F                     323 	.db #0x1f	; 31
    0000010B 1F                     324 	.db #0x1f	; 31
    0000010C 0F                     325 	.db #0x0f	; 15
    0000010D 0D                     326 	.db #0x0d	; 13
    0000010E 0F                     327 	.db #0x0f	; 15
    0000010F 0D                     328 	.db #0x0d	; 13
    00000110 0F                     329 	.db #0x0f	; 15
    00000111 0F                     330 	.db #0x0f	; 15
    00000112 07                     331 	.db #0x07	; 7
    00000113 07                     332 	.db #0x07	; 7
    00000114 04                     333 	.db #0x04	; 4
    00000115 07                     334 	.db #0x07	; 7
    00000116 05                     335 	.db #0x05	; 5
    00000117 07                     336 	.db #0x07	; 7
    00000118 07                     337 	.db #0x07	; 7
    00000119 06                     338 	.db #0x06	; 6
    0000011A 05                     339 	.db #0x05	; 5
    0000011B 07                     340 	.db #0x07	; 7
    0000011C 04                     341 	.db #0x04	; 4
    0000011D 07                     342 	.db #0x07	; 7
    0000011E 04                     343 	.db #0x04	; 4
    0000011F 07                     344 	.db #0x07	; 7
    00000120 C0                     345 	.db #0xc0	; 192
    00000121 C0                     346 	.db #0xc0	; 192
    00000122 30                     347 	.db #0x30	; 48	'0'
    00000123 F0                     348 	.db #0xf0	; 240
    00000124 10                     349 	.db #0x10	; 16
    00000125 F0                     350 	.db #0xf0	; 240
    00000126 08                     351 	.db #0x08	; 8
    00000127 F8                     352 	.db #0xf8	; 248
    00000128 08                     353 	.db #0x08	; 8
    00000129 F8                     354 	.db #0xf8	; 248
    0000012A 08                     355 	.db #0x08	; 8
    0000012B F8                     356 	.db #0xf8	; 248
    0000012C 88                     357 	.db #0x88	; 136
    0000012D F8                     358 	.db #0xf8	; 248
    0000012E 88                     359 	.db #0x88	; 136
    0000012F F8                     360 	.db #0xf8	; 248
    00000130 08                     361 	.db #0x08	; 8
    00000131 F8                     362 	.db #0xf8	; 248
    00000132 38                     363 	.db #0x38	; 56	'8'
    00000133 F8                     364 	.db #0xf8	; 248
    00000134 20                     365 	.db #0x20	; 32
    00000135 E0                     366 	.db #0xe0	; 224
    00000136 D0                     367 	.db #0xd0	; 208
    00000137 F0                     368 	.db #0xf0	; 240
    00000138 10                     369 	.db #0x10	; 16
    00000139 F0                     370 	.db #0xf0	; 240
    0000013A E0                     371 	.db #0xe0	; 224
    0000013B E0                     372 	.db #0xe0	; 224
    0000013C 10                     373 	.db #0x10	; 16
    0000013D F0                     374 	.db #0xf0	; 240
    0000013E 08                     375 	.db #0x08	; 8
    0000013F F8                     376 	.db #0xf8	; 248
    00000140                        377 _wizardTLE5:
    00000140 00                     378 	.db #0x00	; 0
    00000141 00                     379 	.db #0x00	; 0
    00000142 03                     380 	.db #0x03	; 3
    00000143 03                     381 	.db #0x03	; 3
    00000144 0C                     382 	.db #0x0c	; 12
    00000145 0F                     383 	.db #0x0f	; 15
    00000146 08                     384 	.db #0x08	; 8
    00000147 0F                     385 	.db #0x0f	; 15
    00000148 10                     386 	.db #0x10	; 16
    00000149 1F                     387 	.db #0x1f	; 31
    0000014A 10                     388 	.db #0x10	; 16
    0000014B 1F                     389 	.db #0x1f	; 31
    0000014C 1F                     390 	.db #0x1f	; 31
    0000014D 1F                     391 	.db #0x1f	; 31
    0000014E 0F                     392 	.db #0x0f	; 15
    0000014F 0D                     393 	.db #0x0d	; 13
    00000150 0F                     394 	.db #0x0f	; 15
    00000151 0D                     395 	.db #0x0d	; 13
    00000152 0F                     396 	.db #0x0f	; 15
    00000153 0F                     397 	.db #0x0f	; 15
    00000154 07                     398 	.db #0x07	; 7
    00000155 07                     399 	.db #0x07	; 7
    00000156 04                     400 	.db #0x04	; 4
    00000157 07                     401 	.db #0x07	; 7
    00000158 04                     402 	.db #0x04	; 4
    00000159 07                     403 	.db #0x07	; 7
    0000015A 05                     404 	.db #0x05	; 5
    0000015B 07                     405 	.db #0x07	; 7
    0000015C 05                     406 	.db #0x05	; 5
    0000015D 07                     407 	.db #0x07	; 7
    0000015E 08                     408 	.db #0x08	; 8
    0000015F 0F                     409 	.db #0x0f	; 15
    00000160 00                     410 	.db #0x00	; 0
    00000161 00                     411 	.db #0x00	; 0
    00000162 C0                     412 	.db #0xc0	; 192
    00000163 C0                     413 	.db #0xc0	; 192
    00000164 30                     414 	.db #0x30	; 48	'0'
    00000165 F0                     415 	.db #0xf0	; 240
    00000166 10                     416 	.db #0x10	; 16
    00000167 F0                     417 	.db #0xf0	; 240
    00000168 08                     418 	.db #0x08	; 8
    00000169 F8                     419 	.db #0xf8	; 248
    0000016A 08                     420 	.db #0x08	; 8
    0000016B F8                     421 	.db #0xf8	; 248
    0000016C 08                     422 	.db #0x08	; 8
    0000016D F8                     423 	.db #0xf8	; 248
    0000016E 88                     424 	.db #0x88	; 136
    0000016F F8                     425 	.db #0xf8	; 248
    00000170 88                     426 	.db #0x88	; 136
    00000171 F8                     427 	.db #0xf8	; 248
    00000172 88                     428 	.db #0x88	; 136
    00000173 F8                     429 	.db #0xf8	; 248
    00000174 B8                     430 	.db #0xb8	; 184
    00000175 F8                     431 	.db #0xf8	; 248
    00000176 50                     432 	.db #0x50	; 80	'P'
    00000177 F0                     433 	.db #0xf0	; 240
    00000178 90                     434 	.db #0x90	; 144
    00000179 F0                     435 	.db #0xf0	; 240
    0000017A A0                     436 	.db #0xa0	; 160
    0000017B 60                     437 	.db #0x60	; 96
    0000017C F0                     438 	.db #0xf0	; 240
    0000017D F0                     439 	.db #0xf0	; 240
    0000017E 10                     440 	.db #0x10	; 16
    0000017F F0                     441 	.db #0xf0	; 240
    00000180                        442 _wizardTLE6:
    00000180 00                     443 	.db #0x00	; 0
    00000181 00                     444 	.db #0x00	; 0
    00000182 01                     445 	.db #0x01	; 1
    00000183 01                     446 	.db #0x01	; 1
    00000184 06                     447 	.db #0x06	; 6
    00000185 07                     448 	.db #0x07	; 7
    00000186 08                     449 	.db #0x08	; 8
    00000187 0F                     450 	.db #0x0f	; 15
    00000188 08                     451 	.db #0x08	; 8
    00000189 0F                     452 	.db #0x0f	; 15
    0000018A 08                     453 	.db #0x08	; 8
    0000018B 0F                     454 	.db #0x0f	; 15
    0000018C 08                     455 	.db #0x08	; 8
    0000018D 0F                     456 	.db #0x0f	; 15
    0000018E 10                     457 	.db #0x10	; 16
    0000018F 1F                     458 	.db #0x1f	; 31
    00000190 08                     459 	.db #0x08	; 8
    00000191 0F                     460 	.db #0x0f	; 15
    00000192 0B                     461 	.db #0x0b	; 11
    00000193 0F                     462 	.db #0x0f	; 15
    00000194 10                     463 	.db #0x10	; 16
    00000195 1F                     464 	.db #0x1f	; 31
    00000196 1C                     465 	.db #0x1c	; 28
    00000197 1F                     466 	.db #0x1f	; 31
    00000198 1C                     467 	.db #0x1c	; 28
    00000199 17                     468 	.db #0x17	; 23
    0000019A 0C                     469 	.db #0x0c	; 12
    0000019B 0F                     470 	.db #0x0f	; 15
    0000019C 08                     471 	.db #0x08	; 8
    0000019D 0F                     472 	.db #0x0f	; 15
    0000019E 0F                     473 	.db #0x0f	; 15
    0000019F 0F                     474 	.db #0x0f	; 15
    000001A0 00                     475 	.db #0x00	; 0
    000001A1 00                     476 	.db #0x00	; 0
    000001A2 C0                     477 	.db #0xc0	; 192
    000001A3 C0                     478 	.db #0xc0	; 192
    000001A4 30                     479 	.db #0x30	; 48	'0'
    000001A5 F0                     480 	.db #0xf0	; 240
    000001A6 08                     481 	.db #0x08	; 8
    000001A7 F8                     482 	.db #0xf8	; 248
    000001A8 08                     483 	.db #0x08	; 8
    000001A9 F8                     484 	.db #0xf8	; 248
    000001AA 08                     485 	.db #0x08	; 8
    000001AB F8                     486 	.db #0xf8	; 248
    000001AC 08                     487 	.db #0x08	; 8
    000001AD F8                     488 	.db #0xf8	; 248
    000001AE 04                     489 	.db #0x04	; 4
    000001AF FC                     490 	.db #0xfc	; 252
    000001B0 08                     491 	.db #0x08	; 8
    000001B1 F8                     492 	.db #0xf8	; 248
    000001B2 E8                     493 	.db #0xe8	; 232
    000001B3 F8                     494 	.db #0xf8	; 248
    000001B4 04                     495 	.db #0x04	; 4
    000001B5 FC                     496 	.db #0xfc	; 252
    000001B6 16                     497 	.db #0x16	; 22
    000001B7 FE                     498 	.db #0xfe	; 254
    000001B8 1E                     499 	.db #0x1e	; 30
    000001B9 FA                     500 	.db #0xfa	; 250
    000001BA 0E                     501 	.db #0x0e	; 14
    000001BB FE                     502 	.db #0xfe	; 254
    000001BC 08                     503 	.db #0x08	; 8
    000001BD F8                     504 	.db #0xf8	; 248
    000001BE 88                     505 	.db #0x88	; 136
    000001BF F8                     506 	.db #0xf8	; 248
    000001C0                        507 _wizardTLE7:
    000001C0 01                     508 	.db #0x01	; 1
    000001C1 01                     509 	.db #0x01	; 1
    000001C2 06                     510 	.db #0x06	; 6
    000001C3 07                     511 	.db #0x07	; 7
    000001C4 08                     512 	.db #0x08	; 8
    000001C5 0F                     513 	.db #0x0f	; 15
    000001C6 08                     514 	.db #0x08	; 8
    000001C7 0F                     515 	.db #0x0f	; 15
    000001C8 08                     516 	.db #0x08	; 8
    000001C9 0F                     517 	.db #0x0f	; 15
    000001CA 08                     518 	.db #0x08	; 8
    000001CB 0F                     519 	.db #0x0f	; 15
    000001CC 10                     520 	.db #0x10	; 16
    000001CD 1F                     521 	.db #0x1f	; 31
    000001CE 08                     522 	.db #0x08	; 8
    000001CF 0F                     523 	.db #0x0f	; 15
    000001D0 08                     524 	.db #0x08	; 8
    000001D1 0F                     525 	.db #0x0f	; 15
    000001D2 13                     526 	.db #0x13	; 19
    000001D3 1F                     527 	.db #0x1f	; 31
    000001D4 20                     528 	.db #0x20	; 32
    000001D5 3F                     529 	.db #0x3f	; 63
    000001D6 28                     530 	.db #0x28	; 40
    000001D7 3F                     531 	.db #0x3f	; 63
    000001D8 28                     532 	.db #0x28	; 40
    000001D9 3F                     533 	.db #0x3f	; 63
    000001DA 18                     534 	.db #0x18	; 24
    000001DB 1F                     535 	.db #0x1f	; 31
    000001DC 08                     536 	.db #0x08	; 8
    000001DD 0F                     537 	.db #0x0f	; 15
    000001DE 08                     538 	.db #0x08	; 8
    000001DF 0F                     539 	.db #0x0f	; 15
    000001E0 C0                     540 	.db #0xc0	; 192
    000001E1 C0                     541 	.db #0xc0	; 192
    000001E2 30                     542 	.db #0x30	; 48	'0'
    000001E3 F0                     543 	.db #0xf0	; 240
    000001E4 08                     544 	.db #0x08	; 8
    000001E5 F8                     545 	.db #0xf8	; 248
    000001E6 08                     546 	.db #0x08	; 8
    000001E7 F8                     547 	.db #0xf8	; 248
    000001E8 08                     548 	.db #0x08	; 8
    000001E9 F8                     549 	.db #0xf8	; 248
    000001EA 08                     550 	.db #0x08	; 8
    000001EB F8                     551 	.db #0xf8	; 248
    000001EC 04                     552 	.db #0x04	; 4
    000001ED FC                     553 	.db #0xfc	; 252
    000001EE 08                     554 	.db #0x08	; 8
    000001EF F8                     555 	.db #0xf8	; 248
    000001F0 08                     556 	.db #0x08	; 8
    000001F1 F8                     557 	.db #0xf8	; 248
    000001F2 E4                     558 	.db #0xe4	; 228
    000001F3 FC                     559 	.db #0xfc	; 252
    000001F4 02                     560 	.db #0x02	; 2
    000001F5 FE                     561 	.db #0xfe	; 254
    000001F6 0A                     562 	.db #0x0a	; 10
    000001F7 FE                     563 	.db #0xfe	; 254
    000001F8 0A                     564 	.db #0x0a	; 10
    000001F9 FE                     565 	.db #0xfe	; 254
    000001FA 0C                     566 	.db #0x0c	; 12
    000001FB FC                     567 	.db #0xfc	; 252
    000001FC 08                     568 	.db #0x08	; 8
    000001FD F8                     569 	.db #0xf8	; 248
    000001FE 08                     570 	.db #0x08	; 8
    000001FF F8                     571 	.db #0xf8	; 248
    00000200                        572 _wizardTLE8:
    00000200 00                     573 	.db #0x00	; 0
    00000201 00                     574 	.db #0x00	; 0
    00000202 01                     575 	.db #0x01	; 1
    00000203 01                     576 	.db #0x01	; 1
    00000204 06                     577 	.db #0x06	; 6
    00000205 07                     578 	.db #0x07	; 7
    00000206 08                     579 	.db #0x08	; 8
    00000207 0F                     580 	.db #0x0f	; 15
    00000208 08                     581 	.db #0x08	; 8
    00000209 0F                     582 	.db #0x0f	; 15
    0000020A 08                     583 	.db #0x08	; 8
    0000020B 0F                     584 	.db #0x0f	; 15
    0000020C 08                     585 	.db #0x08	; 8
    0000020D 0F                     586 	.db #0x0f	; 15
    0000020E 10                     587 	.db #0x10	; 16
    0000020F 1F                     588 	.db #0x1f	; 31
    00000210 08                     589 	.db #0x08	; 8
    00000211 0F                     590 	.db #0x0f	; 15
    00000212 0B                     591 	.db #0x0b	; 11
    00000213 0F                     592 	.db #0x0f	; 15
    00000214 10                     593 	.db #0x10	; 16
    00000215 1F                     594 	.db #0x1f	; 31
    00000216 34                     595 	.db #0x34	; 52	'4'
    00000217 3F                     596 	.db #0x3f	; 63
    00000218 3C                     597 	.db #0x3c	; 60
    00000219 2F                     598 	.db #0x2f	; 47
    0000021A 38                     599 	.db #0x38	; 56	'8'
    0000021B 3F                     600 	.db #0x3f	; 63
    0000021C 08                     601 	.db #0x08	; 8
    0000021D 0F                     602 	.db #0x0f	; 15
    0000021E 08                     603 	.db #0x08	; 8
    0000021F 0F                     604 	.db #0x0f	; 15
    00000220 00                     605 	.db #0x00	; 0
    00000221 00                     606 	.db #0x00	; 0
    00000222 C0                     607 	.db #0xc0	; 192
    00000223 C0                     608 	.db #0xc0	; 192
    00000224 30                     609 	.db #0x30	; 48	'0'
    00000225 F0                     610 	.db #0xf0	; 240
    00000226 08                     611 	.db #0x08	; 8
    00000227 F8                     612 	.db #0xf8	; 248
    00000228 08                     613 	.db #0x08	; 8
    00000229 F8                     614 	.db #0xf8	; 248
    0000022A 08                     615 	.db #0x08	; 8
    0000022B F8                     616 	.db #0xf8	; 248
    0000022C 08                     617 	.db #0x08	; 8
    0000022D F8                     618 	.db #0xf8	; 248
    0000022E 04                     619 	.db #0x04	; 4
    0000022F FC                     620 	.db #0xfc	; 252
    00000230 08                     621 	.db #0x08	; 8
    00000231 F8                     622 	.db #0xf8	; 248
    00000232 E8                     623 	.db #0xe8	; 232
    00000233 F8                     624 	.db #0xf8	; 248
    00000234 04                     625 	.db #0x04	; 4
    00000235 FC                     626 	.db #0xfc	; 252
    00000236 1C                     627 	.db #0x1c	; 28
    00000237 FC                     628 	.db #0xfc	; 252
    00000238 1C                     629 	.db #0x1c	; 28
    00000239 F4                     630 	.db #0xf4	; 244
    0000023A 18                     631 	.db #0x18	; 24
    0000023B F8                     632 	.db #0xf8	; 248
    0000023C 08                     633 	.db #0x08	; 8
    0000023D F8                     634 	.db #0xf8	; 248
    0000023E F8                     635 	.db #0xf8	; 248
    0000023F F8                     636 	.db #0xf8	; 248
                                    637 	.area _INITIALIZER
                                    638 	.area _CABS (ABS)
